Vivado Simulator v2023.2
Copyright 1986-2022 Xilinx, Inc. All Rights Reserved.
Copyright 2022-2023 Advanced Micro Devices, Inc. All Rights Reserved.
Running: C:/Xilinx/Vivado/2023.2/bin/unwrapped/win64.o/xelab.exe --incr --debug typical --relax --mt 2 -L xil_defaultlib -L secureip --snapshot tb_LFSR_and_Mux_behav xil_defaultlib.tb_LFSR_and_Mux -log elaborate.log 
Using 2 slave threads.
Starting static elaboration
Completed static elaboration
Starting simulation data flow analysis
Completed simulation data flow analysis
Time Resolution for simulation is 1ps
Compiling package std.standard
Compiling package std.textio
Compiling package ieee.std_logic_1164
Compiling architecture arch_mux2to1 of entity xil_defaultlib.Mux2To1 [mux2to1_default]
Compiling architecture arch_dff of entity xil_defaultlib.DFF [dff_default]
Compiling architecture arch_shiftreg of entity xil_defaultlib.ShiftReg [\ShiftReg(nrofbits=6)\]
Compiling architecture arch_lfsr of entity xil_defaultlib.LFSR [\LFSR(registersize=6)\]
Compiling architecture arch_not of entity xil_defaultlib.Gate_Not [gate_not_default]
Compiling architecture arch_and_3 of entity xil_defaultlib.Gate_And_3 [gate_and_3_default]
Compiling architecture arch_or_4 of entity xil_defaultlib.Gate_Or_4 [gate_or_4_default]
Compiling architecture arch_mux4to1exp of entity xil_defaultlib.Mux4To1Exp [mux4to1exp_default]
Compiling architecture arch_mux4to1inst of entity xil_defaultlib.Mux4To1Inst [mux4to1inst_default]
Compiling architecture arch_double_mux of entity xil_defaultlib.double_mux [double_mux_default]
Compiling architecture arch_lfsr_and_mux of entity xil_defaultlib.LSFR_and_Mux [lsfr_and_mux_default]
Compiling architecture arch_tb_lfsr_and_mux of entity xil_defaultlib.tb_lfsr_and_mux
Built simulation snapshot tb_LFSR_and_Mux_behav
