Vivado Simulator v2023.2
Copyright 1986-2022 Xilinx, Inc. All Rights Reserved.
Copyright 2022-2023 Advanced Micro Devices, Inc. All Rights Reserved.
Running: C:/Universitet/Vivaldo/Vivado/2023.2/bin/unwrapped/win64.o/xelab.exe --incr --debug typical --relax --mt 2 -L xil_defaultlib -L secureip --snapshot tb_wrapper_timer_7seg_behav xil_defaultlib.tb_wrapper_timer_7seg -log elaborate.log 
Using 2 slave threads.
Starting static elaboration
Completed static elaboration
Starting simulation data flow analysis
Completed simulation data flow analysis
Time Resolution for simulation is 1ps
Compiling package std.standard
Compiling package std.textio
Compiling package ieee.std_logic_1164
Compiling package ieee.numeric_std
Compiling architecture behavioral of entity xil_defaultlib.clock_divider [\clock_divider(g_division=9)\]
Compiling architecture behavioral of entity xil_defaultlib.clock_divider [\clock_divider(g_division=59)\]
Compiling architecture behavioral of entity xil_defaultlib.clock_divider [\clock_divider(g_division=599)\]
Compiling architecture arch_seconds_counter of entity xil_defaultlib.seconds_counter [\seconds_counter(scaler=20)\]
Compiling architecture arch_seconds_counter of entity xil_defaultlib.seconds_counter [\seconds_counter(scaler=20,reset...]
Compiling architecture arch_timer of entity xil_defaultlib.timer [\timer(sec_delay=20)\]
Compiling architecture behavioral of entity xil_defaultlib.bcd_to_7seg_decoder [bcd_to_7seg_decoder_default]
Compiling architecture behavioral of entity xil_defaultlib.seg7_ctler [\seg7_ctler(g_refresh_scale_fact...]
Compiling architecture arch_wrapper_timer_7seg of entity xil_defaultlib.wrapper_timer_7seg [\wrapper_timer_7seg(c_rst_scale_...]
Compiling architecture arch_tb_wrapper_timer_7seg of entity xil_defaultlib.tb_wrapper_timer_7seg
Built simulation snapshot tb_wrapper_timer_7seg_behav
