#
# A fatal error has been detected by the Java Runtime Environment:
#
#  EXCEPTION_ACCESS_VIOLATION (0xc0000005) at pc=0x00007ffba08d7a1c, pid=1408, tid=11588
#
# JRE version: OpenJDK Runtime Environment Temurin-17.0.7+7 (17.0.7+7) (build 17.0.7+7)
# Java VM: OpenJDK 64-Bit Server VM Temurin-17.0.7+7 (17.0.7+7, mixed mode, sharing, tiered, compressed oops, compressed class ptrs, g1 gc, windows-amd64)
# Problematic frame:
# C  [xerces-c_3_2.dll+0x7a1c]
#
# No core dump will be written. Minidumps are not enabled by default on client versions of Windows
#
# If you would like to submit a bug report, please visit:
#   https://github.com/adoptium/adoptium-support/issues
# The crash happened outside the Java Virtual Machine in native code.
# See problematic frame for where to report the bug.
#

---------------  S U M M A R Y ------------

Command Line: -Dsun.java2d.pmoffscreen=false -Dhttps.protocols=TLSv1,TLSv1.1,TLSv1.2 -Dsun.java2d.xrender=false -Dsun.java2d.d3d=false -Dsun.awt.nopixfmt=true -Dsun.java2d.dpiaware=true -Dsun.java2d.uiScale.enabled=false -Dswing.aatext=true -XX:-UsePerfData -Djdk.map.althashing.threshold=512 -XX:StringTableSize=4072 -XX:+UseStringDeduplication -XX:MaxGCPauseMillis=200 -XX:+ParallelRefProcEnabled --add-opens=java.desktop/javax.swing.plaf.synth=ALL-UNNAMED --add-opens=java.base/java.nio=ALL-UNNAMED --add-opens=java.desktop/sun.swing=ALL-UNNAMED --add-opens=java.desktop/javax.swing=ALL-UNNAMED --add-opens=java.desktop/javax.swing.tree=ALL-UNNAMED --add-opens=java.desktop/javax.swing.plaf.basic=ALL-UNNAMED --add-opens=java.desktop/javax.swing.plaf.synth=ALL-UNNAMED --add-opens=java.desktop/javax.swing.plaf.basic=ALL-UNNAMED --add-opens=java.desktop/javax.swing=ALL-UNNAMED --add-opens=java.desktop/javax.swing.tree=ALL-UNNAMED --add-opens=java.desktop/java.awt.event=ALL-UNNAMED --add-exports=java.desktop/javax.swing.plaf.synth=ALL-UNNAMED --add-exports=java.base/java.nio=ALL-UNNAMED --add-exports=java.desktop/sun.swing=ALL-UNNAMED --add-exports=java.desktop/javax.swing=ALL-UNNAMED --add-exports=java.desktop/javax.swing.tree=ALL-UNNAMED --add-exports=java.desktop/javax.swing.plaf.basic=ALL-UNNAMED --add-exports=java.desktop/sun.swing=ALL-UNNAMED --add-exports=java.desktop/sun.swing.table=ALL-UNNAMED --add-exports=java.desktop/sun.swing.plaf.synth=ALL-UNNAMED --add-exports=java.desktop/sun.awt.shell=ALL-UNNAMED --add-exports=java.base/sun.security.action=ALL-UNNAMED --add-exports=java.desktop/sun.font=ALL-UNNAMED -XX:NewSize=80m -XX:MaxNewSize=80m -Xms512m -Xmx4072m -Xss10m 

Host: Intel(R) Core(TM) i5-7440HQ CPU @ 2.80GHz, 4 cores, 15G,  Windows 10 , 64 bit Build 19041 (10.0.19041.3636)
Time: Tue Feb 20 08:30:34 2024 Västeuropa, normaltid elapsed time: 30.418481 seconds (0d 0h 0m 30s)

---------------  T H R E A D  ---------------

Current thread (0x0000024ecec7b6d0):  JavaThread "NewProject Thread" [_thread_in_native, id=11588, stack(0x000000ee5e000000,0x000000ee5ea00000)]

Stack: [0x000000ee5e000000,0x000000ee5ea00000],  sp=0x000000ee5e9fe570,  free space=10233k
Native frames: (J=compiled Java code, j=interpreted, Vv=VM code, C=native code)
C  [xerces-c_3_2.dll+0x7a1c]
C  [xerces-c_3_2.dll+0x49d5f]
C  [librdi_common.dll+0xa3151c]
C  [librdi_common.dll+0xa2fe0d]
C  [librdi_board.dll+0x4ae80]
C  [librdi_board.dll+0x42218]
C  [librdi_board.dll+0x493f5]
C  [librdi_boarddep.dll+0x5667]
C  0x00007ffb5609183f
C  0x0000024eb568d621

Java frames: (J=compiled Java code, j=interpreted, Vv=VM code)
j  ui.project.projecti.ProjUtils_createBoardPartIter(J)J+0
j  ui.data.b.S(Lui/project/n;)Ljava/util/List;+22
j  ui.views.c.v.g.DV()V+20
j  ui.views.i.aPP()Ljava/lang/Object;+4
j  ui.frmwork.A.run()V+23
j  java.lang.Thread.run()V+11 java.base@17.0.7
v  ~StubRoutines::call_stub

siginfo: EXCEPTION_ACCESS_VIOLATION (0xc0000005), reading address 0x0000000000000000


Register to memory mapping:

RIP=0x00007ffba08d7a1c xerces-c_3_2.dll
RAX=0x000000ee5e9fe618 is pointing into the stack for thread: 0x0000024ecec7b6d0
RBX=0x000000ee5e9fe628 is pointing into the stack for thread: 0x0000024ecec7b6d0
RCX=0x000000ee5e9fe628 is pointing into the stack for thread: 0x0000024ecec7b6d0
RDX=0x0 is NULL
RSP=0x000000ee5e9fe570 is pointing into the stack for thread: 0x0000024ecec7b6d0
RBP=0x000000ee5e9feda0 is pointing into the stack for thread: 0x0000024ecec7b6d0
RSI=0x000000ee5e9feeb0 is pointing into the stack for thread: 0x0000024ecec7b6d0
RDI=0x000000ee5e9fee00 is pointing into the stack for thread: 0x0000024ecec7b6d0
R8 =0x0 is NULL
R9 =0x0 is NULL
R10=0x0000000000008000 is an unknown value
R11=0x000000ee5e9fe480 is pointing into the stack for thread: 0x0000024ecec7b6d0
R12=0x000000000000000f is an unknown value
R13=0x7fffffffffffffff is an unknown value
R14=0xffffffffffffffff is an unknown value
R15=0x0 is NULL


Registers:
RAX=0x000000ee5e9fe618, RBX=0x000000ee5e9fe628, RCX=0x000000ee5e9fe628, RDX=0x0000000000000000
RSP=0x000000ee5e9fe570, RBP=0x000000ee5e9feda0, RSI=0x000000ee5e9feeb0, RDI=0x000000ee5e9fee00
R8 =0x0000000000000000, R9 =0x0000000000000000, R10=0x0000000000008000, R11=0x000000ee5e9fe480
R12=0x000000000000000f, R13=0x7fffffffffffffff, R14=0xffffffffffffffff, R15=0x0000000000000000
RIP=0x00007ffba08d7a1c, EFLAGS=0x0000000000010202

Top of Stack: (sp=0x000000ee5e9fe570)
0x000000ee5e9fe570:   0000000000000000 0000000000000000
0x000000ee5e9fe580:   0000024ecd5cb8a0 000000000000004b
0x000000ee5e9fe590:   0000000000000002 00007ffba0919d5f
0x000000ee5e9fe5a0:   000000ee5e9fee00 00007ffb79423ae4
0x000000ee5e9fe5b0:   00000000ffffffff 0000024e9c070000
0x000000ee5e9fe5c0:   0000000000000000 0000000000000000
0x000000ee5e9fe5d0:   fffffffffffffffe 0000000000000001
0x000000ee5e9fe5e0:   00000bf700000003 0000000065d4551a
0x000000ee5e9fe5f0:   fffffffffffffffe 0000000065af8435
0x000000ee5e9fe600:   0000eb47b826060c 000000ee5e9feeb0
0x000000ee5e9fe610:   000000ee5e9fee00 00007ffb7955151c
0x000000ee5e9fe620:   0000000000000002 0000000000000000
0x000000ee5e9fe630:   0000000000000000 000000ee5e9feeb0
0x000000ee5e9fe640:   0000024e9bfb02ac 0000000000000000
0x000000ee5e9fe650:   0000000000000030 0000024ed07dfe40
0x000000ee5e9fe660:   000000ee5e9feeb0 0000000000000000 

Instructions: (pc=0x00007ffba08d7a1c)
0x00007ffba08d791c:   18 48 8b 4b 18 4c 8d 04 7d 02 00 00 00 48 8b d6
0x00007ffba08d792c:   48 8b 5c 24 30 48 8b 74 24 38 48 83 c4 20 5f e9
0x00007ffba08d793c:   12 71 12 00 48 85 d2 75 08 45 33 c0 e9 23 00 00
0x00007ffba08d794c:   00 4c 8b c2 41 0f b7 00 49 83 c0 02 66 85 c0 75
0x00007ffba08d795c:   f3 4c 2b c2 49 d1 f8 49 ff c8 e9 05 00 00 00 cc
0x00007ffba08d796c:   cc cc cc cc 48 89 5c 24 08 48 89 74 24 10 57 48
0x00007ffba08d797c:   83 ec 20 49 8b f8 48 8b f2 48 8b d9 4c 3b 41 10
0x00007ffba08d798c:   72 2f 48 8b 49 28 48 8b 53 20 48 8b 01 ff 50 18
0x00007ffba08d799c:   48 8b 4b 28 48 8d 57 01 48 89 53 10 48 03 d2 48
0x00007ffba08d79ac:   c7 43 20 00 00 00 00 48 8b 01 ff 50 10 48 89 43
0x00007ffba08d79bc:   20 48 8b 4b 20 4c 8d 04 7d 02 00 00 00 48 8b d6
0x00007ffba08d79cc:   48 8b 5c 24 30 48 8b 74 24 38 48 83 c4 20 5f e9
0x00007ffba08d79dc:   72 70 12 00 40 53 48 83 ec 20 48 8b d9 48 c7 01
0x00007ffba08d79ec:   00 00 00 00 48 89 51 08 48 8b ca e8 64 13 00 00
0x00007ffba08d79fc:   48 89 03 48 8b c3 48 83 c4 20 5b c3 cc cc cc cc
0x00007ffba08d7a0c:   cc cc cc cc 40 53 48 83 ec 20 48 8b d9 48 89 11
0x00007ffba08d7a1c:   48 8b 0a e8 ac 12 00 00 48 8b c3 48 83 c4 20 5b
0x00007ffba08d7a2c:   c3 cc cc cc 40 53 48 83 ec 30 48 c7 44 24 20 fe
0x00007ffba08d7a3c:   ff ff ff 48 8b d9 48 8b 09 48 85 c9 74 11 48 8b
0x00007ffba08d7a4c:   53 08 e8 7d 0d 00 00 90 48 c7 03 00 00 00 00 48
0x00007ffba08d7a5c:   83 c4 30 5b c3 cc cc cc cc cc cc cc cc cc cc cc
0x00007ffba08d7a6c:   cc cc cc cc 48 83 ec 38 48 c7 44 24 20 fe ff ff
0x00007ffba08d7a7c:   ff 48 8b 09 48 8b 09 e8 48 1b 00 00 90 48 83 c4
0x00007ffba08d7a8c:   38 c3 cc cc 40 53 48 83 ec 20 48 8b d9 48 8b 0d
0x00007ffba08d7a9c:   c0 22 2a 00 48 c7 03 00 00 00 00 48 89 4b 08 e8
0x00007ffba08d7aac:   b0 12 00 00 48 89 03 48 83 c4 20 5b c3 cc cc cc
0x00007ffba08d7abc:   cc cc cc cc 48 8b 09 e9 08 12 00 00 cc cc cc cc
0x00007ffba08d7acc:   cc cc cc cc 48 8b 09 e9 f8 1a 00 00 cc cc cc cc
0x00007ffba08d7adc:   cc cc cc cc 83 f9 08 77 56 48 63 c1 48 8d 15 11
0x00007ffba08d7aec:   85 ff ff 8b 8c 82 44 7b 00 00 48 03 ca ff e1 48
0x00007ffba08d7afc:   8d 05 46 6d 14 00 c3 48 8d 05 66 6d 14 00 c3 48
0x00007ffba08d7b0c:   8d 05 8e 6d 14 00 c3 48 8d 05 a6 6d 14 00 c3 48 


Stack slot to memory mapping:
stack at sp + 0 slots: 0x0 is NULL
stack at sp + 1 slots: 0x0 is NULL
stack at sp + 2 slots: 0x0000024ecd5cb8a0 points into unknown readable memory: 0x0000024ea4c9ea50 | 50 ea c9 a4 4e 02 00 00
stack at sp + 3 slots: 0x000000000000004b is an unknown value
stack at sp + 4 slots: 0x0000000000000002 is an unknown value
stack at sp + 5 slots: 0x00007ffba0919d5f xerces-c_3_2.dll
stack at sp + 6 slots: 0x000000ee5e9fee00 is pointing into the stack for thread: 0x0000024ecec7b6d0
stack at sp + 7 slots: 0x00007ffb79423ae4 librdi_common.dll


---------------  P R O C E S S  ---------------

Threads class SMR info:
_java_thread_list=0x0000024ecf198cb0, length=29, elements={
0x0000024ea5179b30, 0x0000024ea5ff5510, 0x0000024ea5ff9de0, 0x0000024ea602a290,
0x0000024ea602eb60, 0x0000024ea6031840, 0x0000024ea6032d20, 0x0000024ea6039d30,
0x0000024ea603ae40, 0x0000024ea604e390, 0x0000024ea62b2b90, 0x0000024ea62b8090,
0x0000024ecd2ad0c0, 0x0000024ecd840860, 0x0000024ea60b8db0, 0x0000024ecef47430,
0x0000024ecdce3730, 0x0000024ece91b940, 0x0000024ece91afa0, 0x0000024ece91b470,
0x0000024ece91d620, 0x0000024ecec7b6d0, 0x0000024ecec7bba0, 0x0000024ecec7c070,
0x0000024ecec7ad30, 0x0000024ece91c2e0, 0x0000024ece91dfc0, 0x0000024ed0008960,
0x0000024ed000afe0
}

Java Threads: ( => current thread )
  0x0000024ea5179b30 JavaThread "main" [_thread_blocked, id=14404, stack(0x000000ee4fa00000,0x000000ee4fb00000)]
  0x0000024ea5ff5510 JavaThread "Reference Handler" daemon [_thread_blocked, id=20096, stack(0x000000ee50500000,0x000000ee50f00000)]
  0x0000024ea5ff9de0 JavaThread "Finalizer" daemon [_thread_blocked, id=10680, stack(0x000000ee50f00000,0x000000ee51900000)]
  0x0000024ea602a290 JavaThread "Signal Dispatcher" daemon [_thread_blocked, id=19380, stack(0x000000ee51900000,0x000000ee52300000)]
  0x0000024ea602eb60 JavaThread "Attach Listener" daemon [_thread_blocked, id=17056, stack(0x000000ee52300000,0x000000ee52d00000)]
  0x0000024ea6031840 JavaThread "Service Thread" daemon [_thread_blocked, id=16592, stack(0x000000ee52d00000,0x000000ee53700000)]
  0x0000024ea6032d20 JavaThread "Monitor Deflation Thread" daemon [_thread_blocked, id=15608, stack(0x000000ee53700000,0x000000ee54100000)]
  0x0000024ea6039d30 JavaThread "C2 CompilerThread0" daemon [_thread_blocked, id=2284, stack(0x000000ee54100000,0x000000ee54200000)]
  0x0000024ea603ae40 JavaThread "C1 CompilerThread0" daemon [_thread_blocked, id=15000, stack(0x000000ee54200000,0x000000ee54300000)]
  0x0000024ea604e390 JavaThread "Sweeper thread" daemon [_thread_blocked, id=13192, stack(0x000000ee54300000,0x000000ee54d00000)]
  0x0000024ea62b2b90 JavaThread "Common-Cleaner" daemon [_thread_blocked, id=11680, stack(0x000000ee54d00000,0x000000ee55700000)]
  0x0000024ea62b8090 JavaThread "Notification Thread" daemon [_thread_blocked, id=17584, stack(0x000000ee55700000,0x000000ee56100000)]
  0x0000024ecd2ad0c0 JavaThread "Java2D Disposer" daemon [_thread_blocked, id=19548, stack(0x000000ee56300000,0x000000ee56d00000)]
  0x0000024ecd840860 JavaThread "AWT-Windows" daemon [_thread_in_native, id=19572, stack(0x000000ee57700000,0x000000ee58100000)]
  0x0000024ea60b8db0 JavaThread "TimerQueue" daemon [_thread_blocked, id=15844, stack(0x000000ee56d00000,0x000000ee57700000)]
  0x0000024ecef47430 JavaThread "AWT-Shutdown" [_thread_blocked, id=3984, stack(0x000000ee58100000,0x000000ee58b00000)]
  0x0000024ecdce3730 JavaThread "AWT-EventQueue-0" [_thread_blocked, id=19736, stack(0x000000ee58b00000,0x000000ee59500000)]
  0x0000024ece91b940 JavaThread "Thread-1" [_thread_in_native, id=15772, stack(0x000000ee4e200000,0x000000ee4f600000)]
  0x0000024ece91afa0 JavaThread "Process Messages Thread" [_thread_blocked, id=16412, stack(0x000000ee5ae00000,0x000000ee5b800000)]
  0x0000024ece91b470 JavaThread "Batik CleanerThread" daemon [_thread_blocked, id=19496, stack(0x000000ee5a300000,0x000000ee5ad00000)]
  0x0000024ece91d620 JavaThread "SyntheticaCleanerThread" daemon [_thread_blocked, id=19464, stack(0x000000ee5c200000,0x000000ee5cc00000)]
=>0x0000024ecec7b6d0 JavaThread "NewProject Thread" [_thread_in_native, id=11588, stack(0x000000ee5e000000,0x000000ee5ea00000)]
  0x0000024ecec7bba0 JavaThread "Timer-0" [_thread_blocked, id=11856, stack(0x000000ee5b800000,0x000000ee5c200000)]
  0x0000024ecec7c070 JavaThread "Monitor File Timestamp Swing Worker Thread" [_thread_blocked, id=11636, stack(0x000000ee5cc00000,0x000000ee5d600000)]
  0x0000024ecec7ad30 JavaThread "Monitor HEventQueue Thread" [_thread_blocked, id=19840, stack(0x000000ee5eb00000,0x000000ee5f500000)]
  0x0000024ece91c2e0 JavaThread "SyntheticaAnimation 50" daemon [_thread_blocked, id=20260, stack(0x000000ee5f500000,0x000000ee5ff00000)]
  0x0000024ece91dfc0 JavaThread "SyntheticaAnimation 25" daemon [_thread_blocked, id=14356, stack(0x000000ee5ff00000,0x000000ee60900000)]
  0x0000024ed0008960 JavaThread "Open Project Thread" [_thread_in_native, id=19016, stack(0x000000ee59600000,0x000000ee5a000000)]
  0x0000024ed000afe0 JavaThread "SyntheticaAnimation 70" daemon [_thread_blocked, id=20080, stack(0x000000ee5d600000,0x000000ee5e000000)]

Other Threads:
  0x0000024ea5564280 VMThread "VM Thread" [stack: 0x000000ee50400000,0x000000ee50500000] [id=18836]
  0x0000024ea4a582d0 WatcherThread [stack: 0x000000ee56100000,0x000000ee56200000] [id=16568]
  0x0000024ea49cfcc0 GCTaskThread "GC Thread#0" [stack: 0x000000ee4fb00000,0x000000ee4fc00000] [id=14228]
  0x0000024ea49d14f0 GCTaskThread "GC Thread#1" [stack: 0x000000ee59500000,0x000000ee59600000] [id=20184]
  0x0000024ea49d4d60 GCTaskThread "GC Thread#2" [stack: 0x000000ee5a000000,0x000000ee5a100000] [id=17712]
  0x0000024ea49d04d0 GCTaskThread "GC Thread#3" [stack: 0x000000ee5a100000,0x000000ee5a200000] [id=16256]
  0x0000024ea5566b40 ConcurrentGCThread "G1 Main Marker" [stack: 0x000000ee4ff00000,0x000000ee50000000] [id=19844]
  0x0000024ea49d3530 ConcurrentGCThread "G1 Conc#0" [stack: 0x000000ee50000000,0x000000ee50100000] [id=8892]
  0x0000024ea5efb7d0 ConcurrentGCThread "G1 Refine#0" [stack: 0x000000ee50100000,0x000000ee50200000] [id=15272]
  0x0000024ecdca8e10 ConcurrentGCThread "G1 Refine#1" [stack: 0x000000ee5a200000,0x000000ee5a300000] [id=20084]
  0x0000024ecdca7fb0 ConcurrentGCThread "G1 Refine#2" [stack: 0x000000ee5ad00000,0x000000ee5ae00000] [id=2164]
  0x0000024ea5331bf0 ConcurrentGCThread "G1 Service" [stack: 0x000000ee50200000,0x000000ee50300000] [id=12344]
  0x0000024ea49d4550 ConcurrentGCThread "StringDedupProcessor" [stack: 0x000000ee50300000,0x000000ee50400000] [id=20356]

Threads with active compile tasks:

VM state: not at safepoint (normal execution)

VM Mutex/Monitor currently owned by a thread: None

Heap address: 0x0000000701800000, size: 4072 MB, Compressed Oops mode: Zero based, Oop shift amount: 3

CDS archive(s) mapped at: [0x0000000800000000-0x0000000800bc0000-0x0000000800bc0000), size 12320768, SharedBaseAddress: 0x0000000800000000, ArchiveRelocationMode: 0.
Compressed class space mapped at: 0x0000000801000000-0x0000000841000000, reserved size: 1073741824
Narrow klass base: 0x0000000800000000, Narrow klass shift: 0, Narrow klass range: 0x100000000

GC Precious Log:
 CPUs: 4 total, 4 available
 Memory: 16245M
 Large Page Support: Disabled
 NUMA Support: Disabled
 Compressed Oops: Enabled (Zero based)
 Heap Region Size: 2M
 Heap Min Capacity: 512M
 Heap Initial Capacity: 512M
 Heap Max Capacity: 4072M
 Pre-touch: Disabled
 Parallel Workers: 4
 Concurrent Workers: 1
 Concurrent Refinement Workers: 4
 Periodic GC: Disabled
 String Deduplication is enabled

Heap:
 garbage-first heap   total 524288K, used 114179K [0x0000000701800000, 0x0000000800000000)
  region size 2048K, 26 young (53248K), 5 survivors (10240K)
 Metaspace       used 55513K, committed 55808K, reserved 1114112K
  class space    used 7430K, committed 7552K, reserved 1048576K

Heap Regions: E=young(eden), S=young(survivor), O=old, HS=humongous(starts), HC=humongous(continues), CS=collection set, F=free, OA=open archive, CA=closed archive, TAMS=top-at-mark-start (previous, next)
|   0|0x0000000701800000, 0x0000000701a00000, 0x0000000701a00000|100%|HS|  |TAMS 0x0000000701a00000, 0x0000000701800000| Complete 
|   1|0x0000000701a00000, 0x0000000701c00000, 0x0000000701c00000|100%| O|  |TAMS 0x0000000701c00000, 0x0000000701a00000| Untracked 
|   2|0x0000000701c00000, 0x0000000701e00000, 0x0000000701e00000|100%| O|  |TAMS 0x0000000701e00000, 0x0000000701c00000| Untracked 
|   3|0x0000000701e00000, 0x0000000702000000, 0x0000000702000000|100%| O|  |TAMS 0x0000000702000000, 0x0000000701e00000| Untracked 
|   4|0x0000000702000000, 0x0000000702200000, 0x0000000702200000|100%| O|  |TAMS 0x0000000702200000, 0x0000000702000000| Untracked 
|   5|0x0000000702200000, 0x0000000702400000, 0x0000000702400000|100%| O|  |TAMS 0x0000000702400000, 0x0000000702200000| Untracked 
|   6|0x0000000702400000, 0x0000000702600000, 0x0000000702600000|100%| O|  |TAMS 0x0000000702600000, 0x0000000702400000| Untracked 
|   7|0x0000000702600000, 0x0000000702800000, 0x0000000702800000|100%| O|  |TAMS 0x0000000702800000, 0x0000000702600000| Untracked 
|   8|0x0000000702800000, 0x0000000702a00000, 0x0000000702a00000|100%| O|  |TAMS 0x0000000702a00000, 0x0000000702800000| Untracked 
|   9|0x0000000702a00000, 0x0000000702bf3c00, 0x0000000702c00000| 97%| O|  |TAMS 0x0000000702bf3c00, 0x0000000702a00000| Untracked 
|  10|0x0000000702c00000, 0x0000000702e00000, 0x0000000702e00000|100%| O|  |TAMS 0x0000000702c00000, 0x0000000702c00000| Untracked 
|  11|0x0000000702e00000, 0x0000000703000000, 0x0000000703000000|100%| O|  |TAMS 0x0000000702e00000, 0x0000000702e00000| Untracked 
|  12|0x0000000703000000, 0x0000000703200000, 0x0000000703200000|100%| O|  |TAMS 0x0000000703000000, 0x0000000703000000| Untracked 
|  13|0x0000000703200000, 0x0000000703400000, 0x0000000703400000|100%| O|  |TAMS 0x0000000703200000, 0x0000000703200000| Untracked 
|  14|0x0000000703400000, 0x0000000703600000, 0x0000000703600000|100%| O|  |TAMS 0x0000000703400000, 0x0000000703400000| Untracked 
|  15|0x0000000703600000, 0x0000000703800000, 0x0000000703800000|100%|HS|  |TAMS 0x0000000703800000, 0x0000000703600000| Complete 
|  16|0x0000000703800000, 0x0000000703a00000, 0x0000000703a00000|100%|HC|  |TAMS 0x0000000703a00000, 0x0000000703800000| Complete 
|  17|0x0000000703a00000, 0x0000000703c00000, 0x0000000703c00000|100%|HC|  |TAMS 0x0000000703c00000, 0x0000000703a00000| Complete 
|  18|0x0000000703c00000, 0x0000000703e00000, 0x0000000703e00000|100%|HC|  |TAMS 0x0000000703e00000, 0x0000000703c00000| Complete 
|  19|0x0000000703e00000, 0x0000000704000000, 0x0000000704000000|100%|HC|  |TAMS 0x0000000704000000, 0x0000000703e00000| Complete 
|  20|0x0000000704000000, 0x0000000704200000, 0x0000000704200000|100%|HC|  |TAMS 0x0000000704200000, 0x0000000704000000| Complete 
|  21|0x0000000704200000, 0x0000000704400000, 0x0000000704400000|100%| O|  |TAMS 0x0000000704200000, 0x0000000704200000| Untracked 
|  22|0x0000000704400000, 0x0000000704600000, 0x0000000704600000|100%| O|  |TAMS 0x0000000704400000, 0x0000000704400000| Untracked 
|  23|0x0000000704600000, 0x0000000704800000, 0x0000000704800000|100%| O|  |TAMS 0x0000000704600000, 0x0000000704600000| Untracked 
|  24|0x0000000704800000, 0x000000070498d200, 0x0000000704a00000| 77%| O|  |TAMS 0x0000000704800000, 0x0000000704800000| Untracked 
|  25|0x0000000704a00000, 0x0000000704c00000, 0x0000000704c00000|100%|HS|  |TAMS 0x0000000704a00000, 0x0000000704a00000| Complete 
|  26|0x0000000704c00000, 0x0000000704e00000, 0x0000000704e00000|100%|HC|  |TAMS 0x0000000704c00000, 0x0000000704c00000| Complete 
|  27|0x0000000704e00000, 0x0000000705000000, 0x0000000705000000|100%|HC|  |TAMS 0x0000000704e00000, 0x0000000704e00000| Complete 
|  28|0x0000000705000000, 0x0000000705200000, 0x0000000705200000|100%|HC|  |TAMS 0x0000000705000000, 0x0000000705000000| Complete 
|  29|0x0000000705200000, 0x0000000705200000, 0x0000000705400000|  0%| F|  |TAMS 0x0000000705200000, 0x0000000705200000| Untracked 
|  30|0x0000000705400000, 0x0000000705400000, 0x0000000705600000|  0%| F|  |TAMS 0x0000000705400000, 0x0000000705400000| Untracked 
|  31|0x0000000705600000, 0x0000000705600000, 0x0000000705800000|  0%| F|  |TAMS 0x0000000705600000, 0x0000000705600000| Untracked 
|  32|0x0000000705800000, 0x0000000705800000, 0x0000000705a00000|  0%| F|  |TAMS 0x0000000705800000, 0x0000000705800000| Untracked 
|  33|0x0000000705a00000, 0x0000000705c00000, 0x0000000705c00000|100%| O|  |TAMS 0x0000000705a00000, 0x0000000705a00000| Untracked 
|  34|0x0000000705c00000, 0x0000000705e00000, 0x0000000705e00000|100%| O|  |TAMS 0x0000000705c00000, 0x0000000705c00000| Untracked 
|  35|0x0000000705e00000, 0x0000000706000000, 0x0000000706000000|100%| O|  |TAMS 0x0000000705e00000, 0x0000000705e00000| Untracked 
|  36|0x0000000706000000, 0x0000000706000000, 0x0000000706200000|  0%| F|  |TAMS 0x0000000706000000, 0x0000000706000000| Untracked 
|  37|0x0000000706200000, 0x0000000706200000, 0x0000000706400000|  0%| F|  |TAMS 0x0000000706200000, 0x0000000706200000| Untracked 
|  38|0x0000000706400000, 0x0000000706400000, 0x0000000706600000|  0%| F|  |TAMS 0x0000000706400000, 0x0000000706400000| Untracked 
|  39|0x0000000706600000, 0x0000000706600000, 0x0000000706800000|  0%| F|  |TAMS 0x0000000706600000, 0x0000000706600000| Untracked 
|  40|0x0000000706800000, 0x0000000706800000, 0x0000000706a00000|  0%| F|  |TAMS 0x0000000706800000, 0x0000000706800000| Untracked 
|  41|0x0000000706a00000, 0x0000000706a00000, 0x0000000706c00000|  0%| F|  |TAMS 0x0000000706a00000, 0x0000000706a00000| Untracked 
|  42|0x0000000706c00000, 0x0000000706c00000, 0x0000000706e00000|  0%| F|  |TAMS 0x0000000706c00000, 0x0000000706c00000| Untracked 
|  43|0x0000000706e00000, 0x0000000706e00000, 0x0000000707000000|  0%| F|  |TAMS 0x0000000706e00000, 0x0000000706e00000| Untracked 
|  44|0x0000000707000000, 0x0000000707000000, 0x0000000707200000|  0%| F|  |TAMS 0x0000000707000000, 0x0000000707000000| Untracked 
|  45|0x0000000707200000, 0x0000000707200000, 0x0000000707400000|  0%| F|  |TAMS 0x0000000707200000, 0x0000000707200000| Untracked 
|  46|0x0000000707400000, 0x0000000707400000, 0x0000000707600000|  0%| F|  |TAMS 0x0000000707400000, 0x0000000707400000| Untracked 
|  47|0x0000000707600000, 0x0000000707600000, 0x0000000707800000|  0%| F|  |TAMS 0x0000000707600000, 0x0000000707600000| Untracked 
|  48|0x0000000707800000, 0x0000000707800000, 0x0000000707a00000|  0%| F|  |TAMS 0x0000000707800000, 0x0000000707800000| Untracked 
|  49|0x0000000707a00000, 0x0000000707a00000, 0x0000000707c00000|  0%| F|  |TAMS 0x0000000707a00000, 0x0000000707a00000| Untracked 
|  50|0x0000000707c00000, 0x0000000707c00000, 0x0000000707e00000|  0%| F|  |TAMS 0x0000000707c00000, 0x0000000707c00000| Untracked 
|  51|0x0000000707e00000, 0x0000000707e00000, 0x0000000708000000|  0%| F|  |TAMS 0x0000000707e00000, 0x0000000707e00000| Untracked 
|  52|0x0000000708000000, 0x0000000708000000, 0x0000000708200000|  0%| F|  |TAMS 0x0000000708000000, 0x0000000708000000| Untracked 
|  53|0x0000000708200000, 0x0000000708200000, 0x0000000708400000|  0%| F|  |TAMS 0x0000000708200000, 0x0000000708200000| Untracked 
|  54|0x0000000708400000, 0x0000000708400000, 0x0000000708600000|  0%| F|  |TAMS 0x0000000708400000, 0x0000000708400000| Untracked 
|  55|0x0000000708600000, 0x0000000708600000, 0x0000000708800000|  0%| F|  |TAMS 0x0000000708600000, 0x0000000708600000| Untracked 
|  56|0x0000000708800000, 0x0000000708800000, 0x0000000708a00000|  0%| F|  |TAMS 0x0000000708800000, 0x0000000708800000| Untracked 
|  57|0x0000000708a00000, 0x0000000708a00000, 0x0000000708c00000|  0%| F|  |TAMS 0x0000000708a00000, 0x0000000708a00000| Untracked 
|  58|0x0000000708c00000, 0x0000000708c00000, 0x0000000708e00000|  0%| F|  |TAMS 0x0000000708c00000, 0x0000000708c00000| Untracked 
|  59|0x0000000708e00000, 0x0000000708e00000, 0x0000000709000000|  0%| F|  |TAMS 0x0000000708e00000, 0x0000000708e00000| Untracked 
|  60|0x0000000709000000, 0x0000000709000000, 0x0000000709200000|  0%| F|  |TAMS 0x0000000709000000, 0x0000000709000000| Untracked 
|  61|0x0000000709200000, 0x0000000709200000, 0x0000000709400000|  0%| F|  |TAMS 0x0000000709200000, 0x0000000709200000| Untracked 
|  62|0x0000000709400000, 0x0000000709400000, 0x0000000709600000|  0%| F|  |TAMS 0x0000000709400000, 0x0000000709400000| Untracked 
|  63|0x0000000709600000, 0x0000000709600000, 0x0000000709800000|  0%| F|  |TAMS 0x0000000709600000, 0x0000000709600000| Untracked 
|  64|0x0000000709800000, 0x0000000709800000, 0x0000000709a00000|  0%| F|  |TAMS 0x0000000709800000, 0x0000000709800000| Untracked 
|  65|0x0000000709a00000, 0x0000000709a00000, 0x0000000709c00000|  0%| F|  |TAMS 0x0000000709a00000, 0x0000000709a00000| Untracked 
|  66|0x0000000709c00000, 0x0000000709c00000, 0x0000000709e00000|  0%| F|  |TAMS 0x0000000709c00000, 0x0000000709c00000| Untracked 
|  67|0x0000000709e00000, 0x0000000709e00000, 0x000000070a000000|  0%| F|  |TAMS 0x0000000709e00000, 0x0000000709e00000| Untracked 
|  68|0x000000070a000000, 0x000000070a000000, 0x000000070a200000|  0%| F|  |TAMS 0x000000070a000000, 0x000000070a000000| Untracked 
|  69|0x000000070a200000, 0x000000070a200000, 0x000000070a400000|  0%| F|  |TAMS 0x000000070a200000, 0x000000070a200000| Untracked 
|  70|0x000000070a400000, 0x000000070a400000, 0x000000070a600000|  0%| F|  |TAMS 0x000000070a400000, 0x000000070a400000| Untracked 
|  71|0x000000070a600000, 0x000000070a600000, 0x000000070a800000|  0%| F|  |TAMS 0x000000070a600000, 0x000000070a600000| Untracked 
|  72|0x000000070a800000, 0x000000070a800000, 0x000000070aa00000|  0%| F|  |TAMS 0x000000070a800000, 0x000000070a800000| Untracked 
|  73|0x000000070aa00000, 0x000000070aa00000, 0x000000070ac00000|  0%| F|  |TAMS 0x000000070aa00000, 0x000000070aa00000| Untracked 
|  74|0x000000070ac00000, 0x000000070ac00000, 0x000000070ae00000|  0%| F|  |TAMS 0x000000070ac00000, 0x000000070ac00000| Untracked 
|  75|0x000000070ae00000, 0x000000070ae00000, 0x000000070b000000|  0%| F|  |TAMS 0x000000070ae00000, 0x000000070ae00000| Untracked 
|  76|0x000000070b000000, 0x000000070b000000, 0x000000070b200000|  0%| F|  |TAMS 0x000000070b000000, 0x000000070b000000| Untracked 
|  77|0x000000070b200000, 0x000000070b200000, 0x000000070b400000|  0%| F|  |TAMS 0x000000070b200000, 0x000000070b200000| Untracked 
|  78|0x000000070b400000, 0x000000070b400000, 0x000000070b600000|  0%| F|  |TAMS 0x000000070b400000, 0x000000070b400000| Untracked 
|  79|0x000000070b600000, 0x000000070b600000, 0x000000070b800000|  0%| F|  |TAMS 0x000000070b600000, 0x000000070b600000| Untracked 
|  80|0x000000070b800000, 0x000000070b800000, 0x000000070ba00000|  0%| F|  |TAMS 0x000000070b800000, 0x000000070b800000| Untracked 
|  81|0x000000070ba00000, 0x000000070ba00000, 0x000000070bc00000|  0%| F|  |TAMS 0x000000070ba00000, 0x000000070ba00000| Untracked 
|  82|0x000000070bc00000, 0x000000070bc00000, 0x000000070be00000|  0%| F|  |TAMS 0x000000070bc00000, 0x000000070bc00000| Untracked 
|  83|0x000000070be00000, 0x000000070be00000, 0x000000070c000000|  0%| F|  |TAMS 0x000000070be00000, 0x000000070be00000| Untracked 
|  84|0x000000070c000000, 0x000000070c000000, 0x000000070c200000|  0%| F|  |TAMS 0x000000070c000000, 0x000000070c000000| Untracked 
|  85|0x000000070c200000, 0x000000070c200000, 0x000000070c400000|  0%| F|  |TAMS 0x000000070c200000, 0x000000070c200000| Untracked 
|  86|0x000000070c400000, 0x000000070c400000, 0x000000070c600000|  0%| F|  |TAMS 0x000000070c400000, 0x000000070c400000| Untracked 
|  87|0x000000070c600000, 0x000000070c600000, 0x000000070c800000|  0%| F|  |TAMS 0x000000070c600000, 0x000000070c600000| Untracked 
|  88|0x000000070c800000, 0x000000070c800000, 0x000000070ca00000|  0%| F|  |TAMS 0x000000070c800000, 0x000000070c800000| Untracked 
|  89|0x000000070ca00000, 0x000000070ca00000, 0x000000070cc00000|  0%| F|  |TAMS 0x000000070ca00000, 0x000000070ca00000| Untracked 
|  90|0x000000070cc00000, 0x000000070cc00000, 0x000000070ce00000|  0%| F|  |TAMS 0x000000070cc00000, 0x000000070cc00000| Untracked 
|  91|0x000000070ce00000, 0x000000070ce00000, 0x000000070d000000|  0%| F|  |TAMS 0x000000070ce00000, 0x000000070ce00000| Untracked 
|  92|0x000000070d000000, 0x000000070d000000, 0x000000070d200000|  0%| F|  |TAMS 0x000000070d000000, 0x000000070d000000| Untracked 
|  93|0x000000070d200000, 0x000000070d200000, 0x000000070d400000|  0%| F|  |TAMS 0x000000070d200000, 0x000000070d200000| Untracked 
|  94|0x000000070d400000, 0x000000070d400000, 0x000000070d600000|  0%| F|  |TAMS 0x000000070d400000, 0x000000070d400000| Untracked 
|  95|0x000000070d600000, 0x000000070d600000, 0x000000070d800000|  0%| F|  |TAMS 0x000000070d600000, 0x000000070d600000| Untracked 
|  96|0x000000070d800000, 0x000000070d800000, 0x000000070da00000|  0%| F|  |TAMS 0x000000070d800000, 0x000000070d800000| Untracked 
|  97|0x000000070da00000, 0x000000070da00000, 0x000000070dc00000|  0%| F|  |TAMS 0x000000070da00000, 0x000000070da00000| Untracked 
|  98|0x000000070dc00000, 0x000000070dc00000, 0x000000070de00000|  0%| F|  |TAMS 0x000000070dc00000, 0x000000070dc00000| Untracked 
|  99|0x000000070de00000, 0x000000070de00000, 0x000000070e000000|  0%| F|  |TAMS 0x000000070de00000, 0x000000070de00000| Untracked 
| 100|0x000000070e000000, 0x000000070e000000, 0x000000070e200000|  0%| F|  |TAMS 0x000000070e000000, 0x000000070e000000| Untracked 
| 101|0x000000070e200000, 0x000000070e200000, 0x000000070e400000|  0%| F|  |TAMS 0x000000070e200000, 0x000000070e200000| Untracked 
| 102|0x000000070e400000, 0x000000070e400000, 0x000000070e600000|  0%| F|  |TAMS 0x000000070e400000, 0x000000070e400000| Untracked 
| 103|0x000000070e600000, 0x000000070e600000, 0x000000070e800000|  0%| F|  |TAMS 0x000000070e600000, 0x000000070e600000| Untracked 
| 104|0x000000070e800000, 0x000000070e800000, 0x000000070ea00000|  0%| F|  |TAMS 0x000000070e800000, 0x000000070e800000| Untracked 
| 105|0x000000070ea00000, 0x000000070ea00000, 0x000000070ec00000|  0%| F|  |TAMS 0x000000070ea00000, 0x000000070ea00000| Untracked 
| 106|0x000000070ec00000, 0x000000070ec00000, 0x000000070ee00000|  0%| F|  |TAMS 0x000000070ec00000, 0x000000070ec00000| Untracked 
| 107|0x000000070ee00000, 0x000000070ee00000, 0x000000070f000000|  0%| F|  |TAMS 0x000000070ee00000, 0x000000070ee00000| Untracked 
| 108|0x000000070f000000, 0x000000070f000000, 0x000000070f200000|  0%| F|  |TAMS 0x000000070f000000, 0x000000070f000000| Untracked 
| 109|0x000000070f200000, 0x000000070f200000, 0x000000070f400000|  0%| F|  |TAMS 0x000000070f200000, 0x000000070f200000| Untracked 
| 110|0x000000070f400000, 0x000000070f400000, 0x000000070f600000|  0%| F|  |TAMS 0x000000070f400000, 0x000000070f400000| Untracked 
| 111|0x000000070f600000, 0x000000070f600000, 0x000000070f800000|  0%| F|  |TAMS 0x000000070f600000, 0x000000070f600000| Untracked 
| 112|0x000000070f800000, 0x000000070f800000, 0x000000070fa00000|  0%| F|  |TAMS 0x000000070f800000, 0x000000070f800000| Untracked 
| 113|0x000000070fa00000, 0x000000070fa00000, 0x000000070fc00000|  0%| F|  |TAMS 0x000000070fa00000, 0x000000070fa00000| Untracked 
| 114|0x000000070fc00000, 0x000000070fc00000, 0x000000070fe00000|  0%| F|  |TAMS 0x000000070fc00000, 0x000000070fc00000| Untracked 
| 115|0x000000070fe00000, 0x000000070fe00000, 0x0000000710000000|  0%| F|  |TAMS 0x000000070fe00000, 0x000000070fe00000| Untracked 
| 116|0x0000000710000000, 0x0000000710000000, 0x0000000710200000|  0%| F|  |TAMS 0x0000000710000000, 0x0000000710000000| Untracked 
| 117|0x0000000710200000, 0x0000000710200000, 0x0000000710400000|  0%| F|  |TAMS 0x0000000710200000, 0x0000000710200000| Untracked 
| 118|0x0000000710400000, 0x0000000710400000, 0x0000000710600000|  0%| F|  |TAMS 0x0000000710400000, 0x0000000710400000| Untracked 
| 119|0x0000000710600000, 0x0000000710600000, 0x0000000710800000|  0%| F|  |TAMS 0x0000000710600000, 0x0000000710600000| Untracked 
| 120|0x0000000710800000, 0x0000000710800000, 0x0000000710a00000|  0%| F|  |TAMS 0x0000000710800000, 0x0000000710800000| Untracked 
| 121|0x0000000710a00000, 0x0000000710a00000, 0x0000000710c00000|  0%| F|  |TAMS 0x0000000710a00000, 0x0000000710a00000| Untracked 
| 122|0x0000000710c00000, 0x0000000710c00000, 0x0000000710e00000|  0%| F|  |TAMS 0x0000000710c00000, 0x0000000710c00000| Untracked 
| 123|0x0000000710e00000, 0x0000000710e00000, 0x0000000711000000|  0%| F|  |TAMS 0x0000000710e00000, 0x0000000710e00000| Untracked 
| 124|0x0000000711000000, 0x0000000711000000, 0x0000000711200000|  0%| F|  |TAMS 0x0000000711000000, 0x0000000711000000| Untracked 
| 125|0x0000000711200000, 0x0000000711200000, 0x0000000711400000|  0%| F|  |TAMS 0x0000000711200000, 0x0000000711200000| Untracked 
| 126|0x0000000711400000, 0x0000000711400000, 0x0000000711600000|  0%| F|  |TAMS 0x0000000711400000, 0x0000000711400000| Untracked 
| 127|0x0000000711600000, 0x0000000711600000, 0x0000000711800000|  0%| F|  |TAMS 0x0000000711600000, 0x0000000711600000| Untracked 
| 128|0x0000000711800000, 0x0000000711800000, 0x0000000711a00000|  0%| F|  |TAMS 0x0000000711800000, 0x0000000711800000| Untracked 
| 129|0x0000000711a00000, 0x0000000711a00000, 0x0000000711c00000|  0%| F|  |TAMS 0x0000000711a00000, 0x0000000711a00000| Untracked 
| 130|0x0000000711c00000, 0x0000000711c00000, 0x0000000711e00000|  0%| F|  |TAMS 0x0000000711c00000, 0x0000000711c00000| Untracked 
| 131|0x0000000711e00000, 0x0000000711e00000, 0x0000000712000000|  0%| F|  |TAMS 0x0000000711e00000, 0x0000000711e00000| Untracked 
| 132|0x0000000712000000, 0x0000000712000000, 0x0000000712200000|  0%| F|  |TAMS 0x0000000712000000, 0x0000000712000000| Untracked 
| 133|0x0000000712200000, 0x0000000712200000, 0x0000000712400000|  0%| F|  |TAMS 0x0000000712200000, 0x0000000712200000| Untracked 
| 134|0x0000000712400000, 0x0000000712400000, 0x0000000712600000|  0%| F|  |TAMS 0x0000000712400000, 0x0000000712400000| Untracked 
| 135|0x0000000712600000, 0x0000000712600000, 0x0000000712800000|  0%| F|  |TAMS 0x0000000712600000, 0x0000000712600000| Untracked 
| 136|0x0000000712800000, 0x0000000712800000, 0x0000000712a00000|  0%| F|  |TAMS 0x0000000712800000, 0x0000000712800000| Untracked 
| 137|0x0000000712a00000, 0x0000000712a00000, 0x0000000712c00000|  0%| F|  |TAMS 0x0000000712a00000, 0x0000000712a00000| Untracked 
| 138|0x0000000712c00000, 0x0000000712c00000, 0x0000000712e00000|  0%| F|  |TAMS 0x0000000712c00000, 0x0000000712c00000| Untracked 
| 139|0x0000000712e00000, 0x0000000712e00000, 0x0000000713000000|  0%| F|  |TAMS 0x0000000712e00000, 0x0000000712e00000| Untracked 
| 140|0x0000000713000000, 0x0000000713000000, 0x0000000713200000|  0%| F|  |TAMS 0x0000000713000000, 0x0000000713000000| Untracked 
| 141|0x0000000713200000, 0x0000000713200000, 0x0000000713400000|  0%| F|  |TAMS 0x0000000713200000, 0x0000000713200000| Untracked 
| 142|0x0000000713400000, 0x0000000713400000, 0x0000000713600000|  0%| F|  |TAMS 0x0000000713400000, 0x0000000713400000| Untracked 
| 143|0x0000000713600000, 0x0000000713600000, 0x0000000713800000|  0%| F|  |TAMS 0x0000000713600000, 0x0000000713600000| Untracked 
| 144|0x0000000713800000, 0x0000000713800000, 0x0000000713a00000|  0%| F|  |TAMS 0x0000000713800000, 0x0000000713800000| Untracked 
| 145|0x0000000713a00000, 0x0000000713a00000, 0x0000000713c00000|  0%| F|  |TAMS 0x0000000713a00000, 0x0000000713a00000| Untracked 
| 146|0x0000000713c00000, 0x0000000713c00000, 0x0000000713e00000|  0%| F|  |TAMS 0x0000000713c00000, 0x0000000713c00000| Untracked 
| 147|0x0000000713e00000, 0x0000000713e00000, 0x0000000714000000|  0%| F|  |TAMS 0x0000000713e00000, 0x0000000713e00000| Untracked 
| 148|0x0000000714000000, 0x0000000714000000, 0x0000000714200000|  0%| F|  |TAMS 0x0000000714000000, 0x0000000714000000| Untracked 
| 149|0x0000000714200000, 0x0000000714200000, 0x0000000714400000|  0%| F|  |TAMS 0x0000000714200000, 0x0000000714200000| Untracked 
| 150|0x0000000714400000, 0x0000000714400000, 0x0000000714600000|  0%| F|  |TAMS 0x0000000714400000, 0x0000000714400000| Untracked 
| 151|0x0000000714600000, 0x0000000714600000, 0x0000000714800000|  0%| F|  |TAMS 0x0000000714600000, 0x0000000714600000| Untracked 
| 152|0x0000000714800000, 0x0000000714800000, 0x0000000714a00000|  0%| F|  |TAMS 0x0000000714800000, 0x0000000714800000| Untracked 
| 153|0x0000000714a00000, 0x0000000714a00000, 0x0000000714c00000|  0%| F|  |TAMS 0x0000000714a00000, 0x0000000714a00000| Untracked 
| 154|0x0000000714c00000, 0x0000000714c00000, 0x0000000714e00000|  0%| F|  |TAMS 0x0000000714c00000, 0x0000000714c00000| Untracked 
| 155|0x0000000714e00000, 0x0000000714e00000, 0x0000000715000000|  0%| F|  |TAMS 0x0000000714e00000, 0x0000000714e00000| Untracked 
| 156|0x0000000715000000, 0x0000000715000000, 0x0000000715200000|  0%| F|  |TAMS 0x0000000715000000, 0x0000000715000000| Untracked 
| 157|0x0000000715200000, 0x0000000715200000, 0x0000000715400000|  0%| F|  |TAMS 0x0000000715200000, 0x0000000715200000| Untracked 
| 158|0x0000000715400000, 0x0000000715400000, 0x0000000715600000|  0%| F|  |TAMS 0x0000000715400000, 0x0000000715400000| Untracked 
| 159|0x0000000715600000, 0x0000000715600000, 0x0000000715800000|  0%| F|  |TAMS 0x0000000715600000, 0x0000000715600000| Untracked 
| 160|0x0000000715800000, 0x0000000715800000, 0x0000000715a00000|  0%| F|  |TAMS 0x0000000715800000, 0x0000000715800000| Untracked 
| 161|0x0000000715a00000, 0x0000000715a00000, 0x0000000715c00000|  0%| F|  |TAMS 0x0000000715a00000, 0x0000000715a00000| Untracked 
| 162|0x0000000715c00000, 0x0000000715c00000, 0x0000000715e00000|  0%| F|  |TAMS 0x0000000715c00000, 0x0000000715c00000| Untracked 
| 163|0x0000000715e00000, 0x0000000715e00000, 0x0000000716000000|  0%| F|  |TAMS 0x0000000715e00000, 0x0000000715e00000| Untracked 
| 164|0x0000000716000000, 0x0000000716000000, 0x0000000716200000|  0%| F|  |TAMS 0x0000000716000000, 0x0000000716000000| Untracked 
| 165|0x0000000716200000, 0x0000000716200000, 0x0000000716400000|  0%| F|  |TAMS 0x0000000716200000, 0x0000000716200000| Untracked 
| 166|0x0000000716400000, 0x0000000716400000, 0x0000000716600000|  0%| F|  |TAMS 0x0000000716400000, 0x0000000716400000| Untracked 
| 167|0x0000000716600000, 0x0000000716600000, 0x0000000716800000|  0%| F|  |TAMS 0x0000000716600000, 0x0000000716600000| Untracked 
| 168|0x0000000716800000, 0x0000000716800000, 0x0000000716a00000|  0%| F|  |TAMS 0x0000000716800000, 0x0000000716800000| Untracked 
| 169|0x0000000716a00000, 0x0000000716a00000, 0x0000000716c00000|  0%| F|  |TAMS 0x0000000716a00000, 0x0000000716a00000| Untracked 
| 170|0x0000000716c00000, 0x0000000716c00000, 0x0000000716e00000|  0%| F|  |TAMS 0x0000000716c00000, 0x0000000716c00000| Untracked 
| 171|0x0000000716e00000, 0x0000000716e00000, 0x0000000717000000|  0%| F|  |TAMS 0x0000000716e00000, 0x0000000716e00000| Untracked 
| 172|0x0000000717000000, 0x0000000717000000, 0x0000000717200000|  0%| F|  |TAMS 0x0000000717000000, 0x0000000717000000| Untracked 
| 173|0x0000000717200000, 0x0000000717200000, 0x0000000717400000|  0%| F|  |TAMS 0x0000000717200000, 0x0000000717200000| Untracked 
| 174|0x0000000717400000, 0x0000000717400000, 0x0000000717600000|  0%| F|  |TAMS 0x0000000717400000, 0x0000000717400000| Untracked 
| 175|0x0000000717600000, 0x0000000717600000, 0x0000000717800000|  0%| F|  |TAMS 0x0000000717600000, 0x0000000717600000| Untracked 
| 176|0x0000000717800000, 0x0000000717800000, 0x0000000717a00000|  0%| F|  |TAMS 0x0000000717800000, 0x0000000717800000| Untracked 
| 177|0x0000000717a00000, 0x0000000717a00000, 0x0000000717c00000|  0%| F|  |TAMS 0x0000000717a00000, 0x0000000717a00000| Untracked 
| 178|0x0000000717c00000, 0x0000000717c00000, 0x0000000717e00000|  0%| F|  |TAMS 0x0000000717c00000, 0x0000000717c00000| Untracked 
| 179|0x0000000717e00000, 0x0000000717e00000, 0x0000000718000000|  0%| F|  |TAMS 0x0000000717e00000, 0x0000000717e00000| Untracked 
| 180|0x0000000718000000, 0x0000000718000000, 0x0000000718200000|  0%| F|  |TAMS 0x0000000718000000, 0x0000000718000000| Untracked 
| 181|0x0000000718200000, 0x0000000718200000, 0x0000000718400000|  0%| F|  |TAMS 0x0000000718200000, 0x0000000718200000| Untracked 
| 182|0x0000000718400000, 0x0000000718400000, 0x0000000718600000|  0%| F|  |TAMS 0x0000000718400000, 0x0000000718400000| Untracked 
| 183|0x0000000718600000, 0x0000000718600000, 0x0000000718800000|  0%| F|  |TAMS 0x0000000718600000, 0x0000000718600000| Untracked 
| 184|0x0000000718800000, 0x0000000718800000, 0x0000000718a00000|  0%| F|  |TAMS 0x0000000718800000, 0x0000000718800000| Untracked 
| 185|0x0000000718a00000, 0x0000000718a00000, 0x0000000718c00000|  0%| F|  |TAMS 0x0000000718a00000, 0x0000000718a00000| Untracked 
| 186|0x0000000718c00000, 0x0000000718c00000, 0x0000000718e00000|  0%| F|  |TAMS 0x0000000718c00000, 0x0000000718c00000| Untracked 
| 187|0x0000000718e00000, 0x0000000718e00000, 0x0000000719000000|  0%| F|  |TAMS 0x0000000718e00000, 0x0000000718e00000| Untracked 
| 188|0x0000000719000000, 0x0000000719000000, 0x0000000719200000|  0%| F|  |TAMS 0x0000000719000000, 0x0000000719000000| Untracked 
| 189|0x0000000719200000, 0x0000000719200000, 0x0000000719400000|  0%| F|  |TAMS 0x0000000719200000, 0x0000000719200000| Untracked 
| 190|0x0000000719400000, 0x0000000719400000, 0x0000000719600000|  0%| F|  |TAMS 0x0000000719400000, 0x0000000719400000| Untracked 
| 191|0x0000000719600000, 0x0000000719600000, 0x0000000719800000|  0%| F|  |TAMS 0x0000000719600000, 0x0000000719600000| Untracked 
| 192|0x0000000719800000, 0x0000000719800000, 0x0000000719a00000|  0%| F|  |TAMS 0x0000000719800000, 0x0000000719800000| Untracked 
| 193|0x0000000719a00000, 0x0000000719a00000, 0x0000000719c00000|  0%| F|  |TAMS 0x0000000719a00000, 0x0000000719a00000| Untracked 
| 194|0x0000000719c00000, 0x0000000719c00000, 0x0000000719e00000|  0%| F|  |TAMS 0x0000000719c00000, 0x0000000719c00000| Untracked 
| 195|0x0000000719e00000, 0x0000000719e00000, 0x000000071a000000|  0%| F|  |TAMS 0x0000000719e00000, 0x0000000719e00000| Untracked 
| 196|0x000000071a000000, 0x000000071a000000, 0x000000071a200000|  0%| F|  |TAMS 0x000000071a000000, 0x000000071a000000| Untracked 
| 197|0x000000071a200000, 0x000000071a200000, 0x000000071a400000|  0%| F|  |TAMS 0x000000071a200000, 0x000000071a200000| Untracked 
| 198|0x000000071a400000, 0x000000071a400000, 0x000000071a600000|  0%| F|  |TAMS 0x000000071a400000, 0x000000071a400000| Untracked 
| 199|0x000000071a600000, 0x000000071a600000, 0x000000071a800000|  0%| F|  |TAMS 0x000000071a600000, 0x000000071a600000| Untracked 
| 200|0x000000071a800000, 0x000000071a800000, 0x000000071aa00000|  0%| F|  |TAMS 0x000000071a800000, 0x000000071a800000| Untracked 
| 201|0x000000071aa00000, 0x000000071aa00000, 0x000000071ac00000|  0%| F|  |TAMS 0x000000071aa00000, 0x000000071aa00000| Untracked 
| 202|0x000000071ac00000, 0x000000071ac00000, 0x000000071ae00000|  0%| F|  |TAMS 0x000000071ac00000, 0x000000071ac00000| Untracked 
| 203|0x000000071ae00000, 0x000000071ae00000, 0x000000071b000000|  0%| F|  |TAMS 0x000000071ae00000, 0x000000071ae00000| Untracked 
| 204|0x000000071b000000, 0x000000071b000000, 0x000000071b200000|  0%| F|  |TAMS 0x000000071b000000, 0x000000071b000000| Untracked 
| 205|0x000000071b200000, 0x000000071b200000, 0x000000071b400000|  0%| F|  |TAMS 0x000000071b200000, 0x000000071b200000| Untracked 
| 206|0x000000071b400000, 0x000000071b400000, 0x000000071b600000|  0%| F|  |TAMS 0x000000071b400000, 0x000000071b400000| Untracked 
| 207|0x000000071b600000, 0x000000071b600000, 0x000000071b800000|  0%| F|  |TAMS 0x000000071b600000, 0x000000071b600000| Untracked 
| 208|0x000000071b800000, 0x000000071b800000, 0x000000071ba00000|  0%| F|  |TAMS 0x000000071b800000, 0x000000071b800000| Untracked 
| 209|0x000000071ba00000, 0x000000071ba00000, 0x000000071bc00000|  0%| F|  |TAMS 0x000000071ba00000, 0x000000071ba00000| Untracked 
| 210|0x000000071bc00000, 0x000000071bc00000, 0x000000071be00000|  0%| F|  |TAMS 0x000000071bc00000, 0x000000071bc00000| Untracked 
| 211|0x000000071be00000, 0x000000071be00000, 0x000000071c000000|  0%| F|  |TAMS 0x000000071be00000, 0x000000071be00000| Untracked 
| 212|0x000000071c000000, 0x000000071c000000, 0x000000071c200000|  0%| F|  |TAMS 0x000000071c000000, 0x000000071c000000| Untracked 
| 213|0x000000071c200000, 0x000000071c200000, 0x000000071c400000|  0%| F|  |TAMS 0x000000071c200000, 0x000000071c200000| Untracked 
| 214|0x000000071c400000, 0x000000071c400000, 0x000000071c600000|  0%| F|  |TAMS 0x000000071c400000, 0x000000071c400000| Untracked 
| 215|0x000000071c600000, 0x000000071c800000, 0x000000071c800000|100%| S|CS|TAMS 0x000000071c600000, 0x000000071c600000| Complete 
| 216|0x000000071c800000, 0x000000071ca00000, 0x000000071ca00000|100%| S|CS|TAMS 0x000000071c800000, 0x000000071c800000| Complete 
| 217|0x000000071ca00000, 0x000000071cc00000, 0x000000071cc00000|100%| S|CS|TAMS 0x000000071ca00000, 0x000000071ca00000| Complete 
| 218|0x000000071cc00000, 0x000000071ce00000, 0x000000071ce00000|100%| S|CS|TAMS 0x000000071cc00000, 0x000000071cc00000| Complete 
| 219|0x000000071ce00000, 0x000000071d000000, 0x000000071d000000|100%| S|CS|TAMS 0x000000071ce00000, 0x000000071ce00000| Complete 
| 220|0x000000071d000000, 0x000000071d000000, 0x000000071d200000|  0%| F|  |TAMS 0x000000071d000000, 0x000000071d000000| Untracked 
| 221|0x000000071d200000, 0x000000071d200000, 0x000000071d400000|  0%| F|  |TAMS 0x000000071d200000, 0x000000071d200000| Untracked 
| 222|0x000000071d400000, 0x000000071d400000, 0x000000071d600000|  0%| F|  |TAMS 0x000000071d400000, 0x000000071d400000| Untracked 
| 223|0x000000071d600000, 0x000000071d600000, 0x000000071d800000|  0%| F|  |TAMS 0x000000071d600000, 0x000000071d600000| Untracked 
| 224|0x000000071d800000, 0x000000071d800000, 0x000000071da00000|  0%| F|  |TAMS 0x000000071d800000, 0x000000071d800000| Untracked 
| 225|0x000000071da00000, 0x000000071da00000, 0x000000071dc00000|  0%| F|  |TAMS 0x000000071da00000, 0x000000071da00000| Untracked 
| 226|0x000000071dc00000, 0x000000071dc00000, 0x000000071de00000|  0%| F|  |TAMS 0x000000071dc00000, 0x000000071dc00000| Untracked 
| 227|0x000000071de00000, 0x000000071de00000, 0x000000071e000000|  0%| F|  |TAMS 0x000000071de00000, 0x000000071de00000| Untracked 
| 228|0x000000071e000000, 0x000000071e000000, 0x000000071e200000|  0%| F|  |TAMS 0x000000071e000000, 0x000000071e000000| Untracked 
| 229|0x000000071e200000, 0x000000071e200000, 0x000000071e400000|  0%| F|  |TAMS 0x000000071e200000, 0x000000071e200000| Untracked 
| 230|0x000000071e400000, 0x000000071e400000, 0x000000071e600000|  0%| F|  |TAMS 0x000000071e400000, 0x000000071e400000| Untracked 
| 231|0x000000071e600000, 0x000000071e600000, 0x000000071e800000|  0%| F|  |TAMS 0x000000071e600000, 0x000000071e600000| Untracked 
| 232|0x000000071e800000, 0x000000071e800000, 0x000000071ea00000|  0%| F|  |TAMS 0x000000071e800000, 0x000000071e800000| Untracked 
| 233|0x000000071ea00000, 0x000000071ea00000, 0x000000071ec00000|  0%| F|  |TAMS 0x000000071ea00000, 0x000000071ea00000| Untracked 
| 234|0x000000071ec00000, 0x000000071ec00000, 0x000000071ee00000|  0%| F|  |TAMS 0x000000071ec00000, 0x000000071ec00000| Untracked 
| 235|0x000000071ee00000, 0x000000071ef8e618, 0x000000071f000000| 77%| E|  |TAMS 0x000000071ee00000, 0x000000071ee00000| Complete 
| 236|0x000000071f000000, 0x000000071f200000, 0x000000071f200000|100%| E|CS|TAMS 0x000000071f000000, 0x000000071f000000| Complete 
| 237|0x000000071f200000, 0x000000071f400000, 0x000000071f400000|100%| E|CS|TAMS 0x000000071f200000, 0x000000071f200000| Complete 
| 238|0x000000071f400000, 0x000000071f600000, 0x000000071f600000|100%| E|CS|TAMS 0x000000071f400000, 0x000000071f400000| Complete 
| 239|0x000000071f600000, 0x000000071f800000, 0x000000071f800000|100%| E|CS|TAMS 0x000000071f600000, 0x000000071f600000| Complete 
| 240|0x000000071f800000, 0x000000071fa00000, 0x000000071fa00000|100%| E|CS|TAMS 0x000000071f800000, 0x000000071f800000| Complete 
| 241|0x000000071fa00000, 0x000000071fc00000, 0x000000071fc00000|100%| E|CS|TAMS 0x000000071fa00000, 0x000000071fa00000| Complete 
| 242|0x000000071fc00000, 0x000000071fe00000, 0x000000071fe00000|100%| E|CS|TAMS 0x000000071fc00000, 0x000000071fc00000| Complete 
| 243|0x000000071fe00000, 0x0000000720000000, 0x0000000720000000|100%| E|CS|TAMS 0x000000071fe00000, 0x000000071fe00000| Complete 
| 244|0x0000000720000000, 0x0000000720200000, 0x0000000720200000|100%| E|CS|TAMS 0x0000000720000000, 0x0000000720000000| Complete 
| 245|0x0000000720200000, 0x0000000720400000, 0x0000000720400000|100%| E|CS|TAMS 0x0000000720200000, 0x0000000720200000| Complete 
| 246|0x0000000720400000, 0x0000000720600000, 0x0000000720600000|100%| E|CS|TAMS 0x0000000720400000, 0x0000000720400000| Complete 
| 247|0x0000000720600000, 0x0000000720800000, 0x0000000720800000|100%| E|CS|TAMS 0x0000000720600000, 0x0000000720600000| Complete 
| 248|0x0000000720800000, 0x0000000720a00000, 0x0000000720a00000|100%| E|  |TAMS 0x0000000720800000, 0x0000000720800000| Complete 
| 249|0x0000000720a00000, 0x0000000720c00000, 0x0000000720c00000|100%| E|CS|TAMS 0x0000000720a00000, 0x0000000720a00000| Complete 
| 250|0x0000000720c00000, 0x0000000720e00000, 0x0000000720e00000|100%| E|CS|TAMS 0x0000000720c00000, 0x0000000720c00000| Complete 
| 251|0x0000000720e00000, 0x0000000721000000, 0x0000000721000000|100%| E|CS|TAMS 0x0000000720e00000, 0x0000000720e00000| Complete 
| 336|0x000000072b800000, 0x000000072ba00000, 0x000000072ba00000|100%| E|CS|TAMS 0x000000072b800000, 0x000000072b800000| Complete 
| 337|0x000000072ba00000, 0x000000072bc00000, 0x000000072bc00000|100%| E|CS|TAMS 0x000000072ba00000, 0x000000072ba00000| Complete 
| 338|0x000000072bc00000, 0x000000072be00000, 0x000000072be00000|100%| E|CS|TAMS 0x000000072bc00000, 0x000000072bc00000| Complete 
| 364|0x000000072f000000, 0x000000072f200000, 0x000000072f200000|100%| E|CS|TAMS 0x000000072f000000, 0x000000072f000000| Complete 

Card table byte_map: [0x0000024ebd950000,0x0000024ebe150000] _byte_map_base: 0x0000024eba144000

Marking Bits (Prev, Next): (CMBitMap*) 0x0000024ea5db2b60, (CMBitMap*) 0x0000024ea5db2ba0
 Prev Bits: [0x0000024ebe950000, 0x0000024ec28f0000)
 Next Bits: [0x0000024ec28f0000, 0x0000024ec6890000)

Polling page: 0x0000024e9e730000

Metaspace:

Usage:
  Non-class:     46.96 MB used.
      Class:      7.26 MB used.
       Both:     54.21 MB used.

Virtual space:
  Non-class space:       64.00 MB reserved,      47.12 MB ( 74%) committed,  1 nodes.
      Class space:        1.00 GB reserved,       7.38 MB ( <1%) committed,  1 nodes.
             Both:        1.06 GB reserved,      54.50 MB (  5%) committed. 

Chunk freelists:
   Non-Class:  80.00 KB
       Class:  8.50 MB
        Both:  8.58 MB

MaxMetaspaceSize: unlimited
CompressedClassSpaceSize: 1.00 GB
Initial GC threshold: 21.00 MB
Current GC threshold: 59.00 MB
CDS: on
MetaspaceReclaimPolicy: balanced
 - commit_granule_bytes: 65536.
 - commit_granule_words: 8192.
 - virtual_space_node_default_size: 8388608.
 - enlarge_chunks_in_place: 1.
 - new_chunks_are_fully_committed: 0.
 - uncommit_free_chunks: 1.
 - use_allocation_guard: 0.
 - handle_deallocations: 1.


Internal statistics:

num_allocs_failed_limit: 6.
num_arena_births: 454.
num_arena_deaths: 0.
num_vsnodes_births: 2.
num_vsnodes_deaths: 0.
num_space_committed: 866.
num_space_uncommitted: 0.
num_chunks_returned_to_freelist: 6.
num_chunks_taken_from_freelist: 1651.
num_chunk_merges: 3.
num_chunk_splits: 1237.
num_chunks_enlarged: 968.
num_inconsistent_stats: 0.

CodeHeap 'non-profiled nmethods': size=120000Kb used=4748Kb max_used=4748Kb free=115251Kb
 bounds [0x0000024eb5c20000, 0x0000024eb60d0000, 0x0000024ebd150000]
CodeHeap 'profiled nmethods': size=120000Kb used=15824Kb max_used=15824Kb free=104175Kb
 bounds [0x0000024eae150000, 0x0000024eaf0d0000, 0x0000024eb5680000]
CodeHeap 'non-nmethods': size=5760Kb used=1536Kb max_used=1629Kb free=4223Kb
 bounds [0x0000024eb5680000, 0x0000024eb58f0000, 0x0000024eb5c20000]
 total_blobs=8434 nmethods=7503 adapters=841
 compilation: enabled
              stopped_count=0, restarted_count=0
 full_count=0

Compilation events (20 events):
Event: 30.229 Thread 0x0000024ea603ae40 8709       3       java.util.PriorityQueue::peek (7 bytes)
Event: 30.229 Thread 0x0000024ea603ae40 nmethod 8709 0x0000024eaf0b8090 code [0x0000024eaf0b8220, 0x0000024eaf0b8358]
Event: 30.229 Thread 0x0000024ea603ae40 8710       1       javax.swing.TimerQueue$DelayedTimer::getTimer (5 bytes)
Event: 30.229 Thread 0x0000024ea603ae40 nmethod 8710 0x0000024eb60bfc10 code [0x0000024eb60bfda0, 0x0000024eb60bfe78]
Event: 30.229 Thread 0x0000024ea603ae40 8711       3       javax.swing.JComponent::isDoubleBuffered (6 bytes)
Event: 30.229 Thread 0x0000024ea603ae40 nmethod 8711 0x0000024eaf0b8410 code [0x0000024eaf0b85a0, 0x0000024eaf0b8778]
Event: 30.229 Thread 0x0000024ea603ae40 8712   !   3       sun.java2d.pipe.DrawImage::renderImageXform (736 bytes)
Event: 30.231 Thread 0x0000024ea603ae40 nmethod 8712 0x0000024eaf0b8810 code [0x0000024eaf0b8cc0, 0x0000024eaf0bb748]
Event: 30.279 Thread 0x0000024ea6039d30 8713       4       java.awt.Rectangle::isEmpty (20 bytes)
Event: 30.279 Thread 0x0000024ea6039d30 nmethod 8713 0x0000024eb60bff10 code [0x0000024eb60c0080, 0x0000024eb60c0118]
Event: 30.279 Thread 0x0000024ea6039d30 8714       4       java.awt.geom.AffineTransform::transform (635 bytes)
Event: 30.311 Thread 0x0000024ea6039d30 nmethod 8714 0x0000024eb60c0210 code [0x0000024eb60c03c0, 0x0000024eb60c1708]
Event: 30.328 Thread 0x0000024ea603ae40 8715       3       java.util.concurrent.atomic.AtomicBoolean::get (13 bytes)
Event: 30.328 Thread 0x0000024ea603ae40 nmethod 8715 0x0000024eaf0bcf90 code [0x0000024eaf0bd120, 0x0000024eaf0bd298]
Event: 30.378 Thread 0x0000024ea603ae40 8716       3       jdk.internal.misc.Unsafe::getAndBitwiseAndInt (27 bytes)
Event: 30.378 Thread 0x0000024ea603ae40 nmethod 8716 0x0000024eaf0bd310 code [0x0000024eaf0bd4c0, 0x0000024eaf0bd708]
Event: 30.378 Thread 0x0000024ea603ae40 8717       3       java.util.concurrent.locks.ReentrantLock$NonfairSync::tryAcquire (27 bytes)
Event: 30.379 Thread 0x0000024ea603ae40 nmethod 8717 0x0000024eaf0bd810 code [0x0000024eaf0bd9c0, 0x0000024eaf0bdc68]
Event: 30.379 Thread 0x0000024ea603ae40 8718       3       javax.swing.JComponent::getGraphics (33 bytes)
Event: 30.379 Thread 0x0000024ea603ae40 nmethod 8718 0x0000024eaf0bdd10 code [0x0000024eaf0bdf00, 0x0000024eaf0be2b8]

GC Heap History (20 events):
Event: 14.505 GC heap before
{Heap before GC invocations=1 (full 0):
 garbage-first heap   total 524288K, used 92606K [0x0000000701800000, 0x0000000800000000)
  region size 2048K, 40 young (81920K), 5 survivors (10240K)
 Metaspace       used 15936K, committed 16128K, reserved 1114112K
  class space    used 1475K, committed 1536K, reserved 1048576K
}
Event: 14.511 GC heap after
{Heap after GC invocations=2 (full 0):
 garbage-first heap   total 524288K, used 23933K [0x0000000701800000, 0x0000000800000000)
  region size 2048K, 2 young (4096K), 2 survivors (4096K)
 Metaspace       used 15936K, committed 16128K, reserved 1114112K
  class space    used 1475K, committed 1536K, reserved 1048576K
}
Event: 14.550 GC heap before
{Heap before GC invocations=2 (full 0):
 garbage-first heap   total 524288K, used 101757K [0x0000000701800000, 0x0000000800000000)
  region size 2048K, 40 young (81920K), 2 survivors (4096K)
 Metaspace       used 16145K, committed 16256K, reserved 1114112K
  class space    used 1499K, committed 1536K, reserved 1048576K
}
Event: 14.552 GC heap after
{Heap after GC invocations=3 (full 0):
 garbage-first heap   total 524288K, used 24185K [0x0000000701800000, 0x0000000800000000)
  region size 2048K, 2 young (4096K), 2 survivors (4096K)
 Metaspace       used 16145K, committed 16256K, reserved 1114112K
  class space    used 1499K, committed 1536K, reserved 1048576K
}
Event: 14.582 GC heap before
{Heap before GC invocations=3 (full 0):
 garbage-first heap   total 524288K, used 102009K [0x0000000701800000, 0x0000000800000000)
  region size 2048K, 40 young (81920K), 2 survivors (4096K)
 Metaspace       used 16264K, committed 16384K, reserved 1114112K
  class space    used 1499K, committed 1536K, reserved 1048576K
}
Event: 14.584 GC heap after
{Heap after GC invocations=4 (full 0):
 garbage-first heap   total 524288K, used 24434K [0x0000000701800000, 0x0000000800000000)
  region size 2048K, 2 young (4096K), 2 survivors (4096K)
 Metaspace       used 16264K, committed 16384K, reserved 1114112K
  class space    used 1499K, committed 1536K, reserved 1048576K
}
Event: 14.615 GC heap before
{Heap before GC invocations=4 (full 0):
 garbage-first heap   total 524288K, used 102258K [0x0000000701800000, 0x0000000800000000)
  region size 2048K, 40 young (81920K), 2 survivors (4096K)
 Metaspace       used 16641K, committed 16896K, reserved 1114112K
  class space    used 1588K, committed 1728K, reserved 1048576K
}
Event: 14.617 GC heap after
{Heap after GC invocations=5 (full 0):
 garbage-first heap   total 524288K, used 24200K [0x0000000701800000, 0x0000000800000000)
  region size 2048K, 2 young (4096K), 2 survivors (4096K)
 Metaspace       used 16641K, committed 16896K, reserved 1114112K
  class space    used 1588K, committed 1728K, reserved 1048576K
}
Event: 14.673 GC heap before
{Heap before GC invocations=5 (full 0):
 garbage-first heap   total 524288K, used 102024K [0x0000000701800000, 0x0000000800000000)
  region size 2048K, 40 young (81920K), 2 survivors (4096K)
 Metaspace       used 16944K, committed 17152K, reserved 1114112K
  class space    used 1647K, committed 1792K, reserved 1048576K
}
Event: 14.676 GC heap after
{Heap after GC invocations=6 (full 0):
 garbage-first heap   total 524288K, used 23865K [0x0000000701800000, 0x0000000800000000)
  region size 2048K, 2 young (4096K), 2 survivors (4096K)
 Metaspace       used 16944K, committed 17152K, reserved 1114112K
  class space    used 1647K, committed 1792K, reserved 1048576K
}
Event: 14.736 GC heap before
{Heap before GC invocations=6 (full 0):
 garbage-first heap   total 524288K, used 101689K [0x0000000701800000, 0x0000000800000000)
  region size 2048K, 40 young (81920K), 2 survivors (4096K)
 Metaspace       used 17322K, committed 17536K, reserved 1114112K
  class space    used 1684K, committed 1792K, reserved 1048576K
}
Event: 14.739 GC heap after
{Heap after GC invocations=7 (full 0):
 garbage-first heap   total 747520K, used 24039K [0x0000000701800000, 0x0000000800000000)
  region size 2048K, 2 young (4096K), 2 survivors (4096K)
 Metaspace       used 17322K, committed 17536K, reserved 1114112K
  class space    used 1684K, committed 1792K, reserved 1048576K
}
Event: 15.568 GC heap before
{Heap before GC invocations=7 (full 0):
 garbage-first heap   total 747520K, used 73191K [0x0000000701800000, 0x0000000800000000)
  region size 2048K, 28 young (57344K), 2 survivors (4096K)
 Metaspace       used 21349K, committed 21504K, reserved 1114112K
  class space    used 2193K, committed 2304K, reserved 1048576K
}
Event: 15.571 GC heap after
{Heap after GC invocations=8 (full 0):
 garbage-first heap   total 747520K, used 25013K [0x0000000701800000, 0x0000000800000000)
  region size 2048K, 3 young (6144K), 3 survivors (6144K)
 Metaspace       used 21349K, committed 21504K, reserved 1114112K
  class space    used 2193K, committed 2304K, reserved 1048576K
}
Event: 19.622 GC heap before
{Heap before GC invocations=9 (full 0):
 garbage-first heap   total 524288K, used 135605K [0x0000000701800000, 0x0000000800000000)
  region size 2048K, 36 young (73728K), 3 survivors (6144K)
 Metaspace       used 35981K, committed 36160K, reserved 1114112K
  class space    used 4326K, committed 4416K, reserved 1048576K
}
Event: 19.630 GC heap after
{Heap after GC invocations=10 (full 0):
 garbage-first heap   total 524288K, used 49485K [0x0000000701800000, 0x0000000800000000)
  region size 2048K, 5 young (10240K), 5 survivors (10240K)
 Metaspace       used 35981K, committed 36160K, reserved 1114112K
  class space    used 4326K, committed 4416K, reserved 1048576K
}
Event: 24.559 GC heap before
{Heap before GC invocations=11 (full 0):
 garbage-first heap   total 524288K, used 119117K [0x0000000701800000, 0x0000000800000000)
  region size 2048K, 40 young (81920K), 5 survivors (10240K)
 Metaspace       used 47326K, committed 47616K, reserved 1114112K
  class space    used 6158K, committed 6272K, reserved 1048576K
}
Event: 24.571 GC heap after
{Heap after GC invocations=12 (full 0):
 garbage-first heap   total 524288K, used 59435K [0x0000000701800000, 0x0000000800000000)
  region size 2048K, 5 young (10240K), 5 survivors (10240K)
 Metaspace       used 47326K, committed 47616K, reserved 1114112K
  class space    used 6158K, committed 6272K, reserved 1048576K
}
Event: 27.447 GC heap before
{Heap before GC invocations=12 (full 0):
 garbage-first heap   total 524288K, used 129067K [0x0000000701800000, 0x0000000800000000)
  region size 2048K, 40 young (81920K), 5 survivors (10240K)
 Metaspace       used 52953K, committed 53248K, reserved 1114112K
  class space    used 7063K, committed 7232K, reserved 1048576K
}
Event: 27.460 GC heap after
{Heap after GC invocations=13 (full 0):
 garbage-first heap   total 524288K, used 67075K [0x0000000701800000, 0x0000000800000000)
  region size 2048K, 5 young (10240K), 5 survivors (10240K)
 Metaspace       used 52953K, committed 53248K, reserved 1114112K
  class space    used 7063K, committed 7232K, reserved 1048576K
}

Dll operation events (20 events):
Event: 12.031 Loaded shared library D:\Skola\program\Vivado\2023.2\lib\win64.o\librdi_labtoolstasks.dll
Event: 12.144 Loaded shared library D:\Skola\program\Vivado\2023.2\lib\win64.o\librdi_simtcltasks.dll
Event: 12.444 Loaded shared library D:\Skola\program\Vivado\2023.2\lib\win64.o\librdi_ipservicestasks.dll
Event: 12.445 Loaded shared library D:\Skola\program\Vivado\2023.2\lib\win64.o\librdi_vivadotasks.dll
Event: 12.446 Loaded shared library D:\Skola\program\Vivado\2023.2\lib\win64.o\librdi_board.dll
Event: 12.447 Loaded shared library D:\Skola\program\Vivado\2023.2\lib\win64.o\librdi_boarddep.dll
Event: 12.448 Loaded shared library D:\Skola\program\Vivado\2023.2\lib\win64.o\librdi_boardcommontasks.dll
Event: 12.449 Loaded shared library D:\Skola\program\Vivado\2023.2\lib\win64.o\librdi_ptgen.dll
Event: 12.450 Loaded shared library D:\Skola\program\Vivado\2023.2\lib\win64.o\librdi_ip.dll
Event: 12.450 Loaded shared library D:\Skola\program\Vivado\2023.2\lib\win64.o\librdi_mig.dll
Event: 12.452 Loaded shared library D:\Skola\program\Vivado\2023.2\lib\win64.o\librdi_implflow.dll
Event: 12.453 Loaded shared library D:\Skola\program\Vivado\2023.2\lib\win64.o\librdi_xhubtasks.dll
Event: 12.716 Loaded shared library D:\Skola\program\Vivado\2023.2\lib\win64.o\librdi_iptasks.dll
Event: 12.717 Loaded shared library D:\Skola\program\Vivado\2023.2\lib\win64.o\librdi_synth.dll
Event: 15.532 Loaded shared library D:\Skola\program\Vivado\2023.2\tps\win64\jre17.0.7_7\bin\verify.dll
Event: 15.985 Loaded shared library D:\Skola\program\Vivado\2023.2\tps\win64\jre17.0.7_7\bin\javajpeg.dll
Event: 16.044 Loaded shared library D:\Skola\program\Vivado\2023.2\tps\win64\jre17.0.7_7\bin\lcms.dll
Event: 16.581 Loaded shared library D:\Skola\program\Vivado\2023.2\tps\win64\jre17.0.7_7\bin\freetype.dll
Event: 16.673 Loaded shared library D:\Skola\program\Vivado\2023.2\tps\win64\jre17.0.7_7\bin\fontmanager.dll
Event: 24.208 Loaded shared library D:\Skola\program\Vivado\2023.2\lib\win64.o\librdi_xhub.dll

Deoptimization events (20 events):
Event: 28.910 Thread 0x0000024ecdce3730 DEOPT PACKING pc=0x0000024eaec9ea3c sp=0x000000ee594fb790
Event: 28.910 Thread 0x0000024ecdce3730 DEOPT UNPACKING pc=0x0000024eb56d7143 sp=0x000000ee594fac08 mode 0
Event: 28.927 Thread 0x0000024ecdce3730 DEOPT PACKING pc=0x0000024eaec9ea3c sp=0x000000ee594fb860
Event: 28.927 Thread 0x0000024ecdce3730 DEOPT UNPACKING pc=0x0000024eb56d7143 sp=0x000000ee594facd8 mode 0
Event: 28.929 Thread 0x0000024ecdce3730 Uncommon trap: trap_request=0xffffff45 fr.pc=0x0000024eb5d06b2c relative=0x000000000000008c
Event: 28.929 Thread 0x0000024ecdce3730 Uncommon trap: reason=unstable_if action=reinterpret pc=0x0000024eb5d06b2c method=sun.awt.SunToolkit.getAppContext(Ljava/lang/Object;)Lsun/awt/AppContext; @ 4 c2
Event: 28.929 Thread 0x0000024ecdce3730 DEOPT PACKING pc=0x0000024eb5d06b2c sp=0x000000ee594fd020
Event: 28.930 Thread 0x0000024ecdce3730 DEOPT UNPACKING pc=0x0000024eb56d69a3 sp=0x000000ee594fcfc0 mode 2
Event: 29.032 Thread 0x0000024ecdce3730 Uncommon trap: trap_request=0xffffff45 fr.pc=0x0000024eb60506e8 relative=0x00000000000001c8
Event: 29.033 Thread 0x0000024ecdce3730 Uncommon trap: reason=unstable_if action=reinterpret pc=0x0000024eb60506e8 method=java.util.concurrent.locks.ReentrantLock$NonfairSync.initialTryLock()Z @ 25 c2
Event: 29.033 Thread 0x0000024ecdce3730 DEOPT PACKING pc=0x0000024eb60506e8 sp=0x000000ee594fdac0
Event: 29.033 Thread 0x0000024ecdce3730 DEOPT UNPACKING pc=0x0000024eb56d69a3 sp=0x000000ee594fd9b8 mode 2
Event: 29.041 Thread 0x0000024ecdce3730 Uncommon trap: trap_request=0xffffffc6 fr.pc=0x0000024eb5e3a7d8 relative=0x0000000000001238
Event: 29.041 Thread 0x0000024ecdce3730 Uncommon trap: reason=bimorphic_or_optimized_type_check action=maybe_recompile pc=0x0000024eb5e3a7d8 method=javax.swing.ArrayTable.get(Ljava/lang/Object;)Ljava/lang/Object; @ 41 c2
Event: 29.041 Thread 0x0000024ecdce3730 DEOPT PACKING pc=0x0000024eb5e3a7d8 sp=0x000000ee594fcab0
Event: 29.041 Thread 0x0000024ecdce3730 DEOPT UNPACKING pc=0x0000024eb56d69a3 sp=0x000000ee594fc8f0 mode 2
Event: 29.491 Thread 0x0000024ecdce3730 Uncommon trap: trap_request=0xffffffc6 fr.pc=0x0000024eb5e3a7d8 relative=0x0000000000001238
Event: 29.491 Thread 0x0000024ecdce3730 Uncommon trap: reason=bimorphic_or_optimized_type_check action=maybe_recompile pc=0x0000024eb5e3a7d8 method=javax.swing.ArrayTable.get(Ljava/lang/Object;)Ljava/lang/Object; @ 41 c2
Event: 29.491 Thread 0x0000024ecdce3730 DEOPT PACKING pc=0x0000024eb5e3a7d8 sp=0x000000ee594fca50
Event: 29.491 Thread 0x0000024ecdce3730 DEOPT UNPACKING pc=0x0000024eb56d69a3 sp=0x000000ee594fc890 mode 2

Classes unloaded (0 events):
No events

Classes redefined (0 events):
No events

Internal exceptions (20 events):
Event: 20.020 Thread 0x0000024ecdce3730 Exception <a 'java/lang/NoSuchMethodError'{0x0000000720fedab0}: 'java.lang.Object java.lang.invoke.DirectMethodHandle$Holder.invokeSpecial(java.lang.Object, java.lang.Object, long, java.lang.Object, int, int, int, int, java.lang.Object, java.lang.Object, java.lang.Object)'> (0x0000000720fedab0) 
thrown [s\src\hotspot\share\interpreter\linkResolver.cpp, line 759]
Event: 20.020 Thread 0x0000024ecdce3730 Exception <a 'java/lang/NoSuchMethodError'{0x0000000720ff1aa0}: 'java.lang.Object java.lang.invoke.DelegatingMethodHandle$Holder.reinvoke_L(java.lang.Object, long, java.lang.Object, int, int, int, int, java.lang.Object, java.lang.Object, java.lang.Object)'> (0x0000000720ff1aa0) 
thrown [s\src\hotspot\share\interpreter\linkResolver.cpp, line 759]
Event: 20.029 Thread 0x0000024ecdce3730 Exception <a 'java/lang/NoSuchMethodError'{0x0000000720c61370}: 'java.lang.Object java.lang.invoke.DirectMethodHandle$Holder.invokeSpecial(java.lang.Object, java.lang.Object, long, java.lang.Object, java.lang.Object, java.lang.Object, java.lang.Object, int, java.lang.Object, java.lang.Object, java.lang.Object)'> (0x0000000720c61370) 
thrown [s\src\hotspot\share\interpreter\linkResolver.cpp, line 759]
Event: 20.029 Thread 0x0000024ecdce3730 Exception <a 'java/lang/NoSuchMethodError'{0x0000000720c65ed0}: 'java.lang.Object java.lang.invoke.DelegatingMethodHandle$Holder.reinvoke_L(java.lang.Object, long, java.lang.Object, java.lang.Object, java.lang.Object, java.lang.Object, int, java.lang.Object, java.lang.Object, java.lang.Object)'> (0x0000000720c65ed0) 
thrown [s\src\hotspot\share\interpreter\linkResolver.cpp, line 759]
Event: 20.285 Thread 0x0000024ecec7b6d0 Implicit null exception at 0x0000024eb5c22074 to 0x0000024eb5c225e8
Event: 20.310 Thread 0x0000024ecec7a390 Implicit null exception at 0x0000024eb5d451f2 to 0x0000024eb5d4565c
Event: 23.116 Thread 0x0000024ecdce3730 Implicit null exception at 0x0000024eb5e07db2 to 0x0000024eb5e0857c
Event: 24.008 Thread 0x0000024ecec7b6d0 Implicit null exception at 0x0000024eb5d8898d to 0x0000024eb5d88e8c
Event: 25.399 Thread 0x0000024ecdce3730 Implicit null exception at 0x0000024eb5f55937 to 0x0000024eb5f559e9
Event: 26.411 Thread 0x0000024ecdce3730 Implicit null exception at 0x0000024eb5f6d18d to 0x0000024eb5f6d4b0
Event: 26.914 Thread 0x0000024ecdce3730 Exception <a 'java/lang/NoSuchMethodError'{0x000000071de559c0}: 'java.lang.Object java.lang.invoke.DirectMethodHandle$Holder.invokeSpecial(java.lang.Object, java.lang.Object, java.lang.Object, int, java.lang.Object)'> (0x000000071de559c0) 
thrown [s\src\hotspot\share\interpreter\linkResolver.cpp, line 759]
Event: 27.520 Thread 0x0000024ece91b940 Exception <a 'java/lang/NoSuchMethodError'{0x000000072f1733c8}: 'void java.lang.invoke.DirectMethodHandle$Holder.invokeSpecial(java.lang.Object, java.lang.Object, long)'> (0x000000072f1733c8) 
thrown [s\src\hotspot\share\interpreter\linkResolver.cpp, line 759]
Event: 27.521 Thread 0x0000024ece91b940 Exception <a 'java/lang/NoSuchMethodError'{0x000000072f178ce0}: 'java.lang.Object java.lang.invoke.DirectMethodHandle$Holder.newInvokeSpecial(java.lang.Object, java.lang.Object, long)'> (0x000000072f178ce0) 
thrown [s\src\hotspot\share\interpreter\linkResolver.cpp, line 759]
Event: 27.521 Thread 0x0000024ece91b940 Exception <a 'java/lang/NoSuchMethodError'{0x000000072f17c5a8}: 'java.lang.Object java.lang.invoke.Invokers$Holder.linkToTargetMethod(java.lang.Object, long, java.lang.Object)'> (0x000000072f17c5a8) 
thrown [s\src\hotspot\share\interpreter\linkResolver.cpp, line 759]
Event: 27.625 Thread 0x0000024ecdce3730 Exception <a 'java/lang/NoSuchMethodError'{0x000000072bca7098}: 'java.lang.Object java.lang.invoke.DirectMethodHandle$Holder.invokeSpecial(java.lang.Object, java.lang.Object, long, java.lang.Object, int, int, int, java.lang.Object, java.lang.Object, int, int)'> (0x000000072bca7098) 
thrown [s\src\hotspot\share\interpreter\linkResolver.cpp, line 759]
Event: 27.625 Thread 0x0000024ecdce3730 Exception <a 'java/lang/NoSuchMethodError'{0x000000072bcaaeb8}: 'java.lang.Object java.lang.invoke.DelegatingMethodHandle$Holder.reinvoke_L(java.lang.Object, long, java.lang.Object, int, int, int, java.lang.Object, java.lang.Object, int, int)'> (0x000000072bcaaeb8) 
thrown [s\src\hotspot\share\interpreter\linkResolver.cpp, line 759]
Event: 28.469 Thread 0x0000024ece91aad0 Implicit null exception at 0x0000024eb605db67 to 0x0000024eb605dc18
Event: 28.661 Thread 0x0000024ecdce3730 Implicit null exception at 0x0000024eb5fa9acd to 0x0000024eb5faa188
Event: 28.723 Thread 0x0000024ed0008960 Implicit null exception at 0x0000024eb5f5e7e0 to 0x0000024eb5f5e8c0
Event: 28.791 Thread 0x0000024ecdce3730 Exception <a 'java/lang/NoSuchMethodError'{0x000000071fa43068}: 'int java.lang.invoke.DirectMethodHandle$Holder.invokeStatic(java.lang.Object)'> (0x000000071fa43068) 
thrown [s\src\hotspot\share\interpreter\linkResolver.cpp, line 759]

VM Operations (20 events):
Event: 28.134 Executing VM operation: HandshakeAllThreads
Event: 28.134 Executing VM operation: HandshakeAllThreads done
Event: 28.147 Executing VM operation: HandshakeAllThreads
Event: 28.168 Executing VM operation: HandshakeAllThreads done
Event: 28.171 Executing VM operation: HandshakeAllThreads
Event: 28.171 Executing VM operation: HandshakeAllThreads done
Event: 28.213 Executing VM operation: HandshakeAllThreads
Event: 28.213 Executing VM operation: HandshakeAllThreads done
Event: 28.264 Executing VM operation: ICBufferFull
Event: 28.264 Executing VM operation: ICBufferFull done
Event: 28.547 Executing VM operation: HandshakeAllThreads
Event: 28.547 Executing VM operation: HandshakeAllThreads done
Event: 28.738 Executing VM operation: HandshakeAllThreads
Event: 28.752 Executing VM operation: HandshakeAllThreads done
Event: 28.885 Executing VM operation: ICBufferFull
Event: 28.885 Executing VM operation: ICBufferFull done
Event: 28.950 Executing VM operation: HandshakeAllThreads
Event: 28.950 Executing VM operation: HandshakeAllThreads done
Event: 29.117 Executing VM operation: ICBufferFull
Event: 29.117 Executing VM operation: ICBufferFull done

Events (20 events):
Event: 28.806 loading class java/awt/SecondaryLoop
Event: 28.806 loading class java/awt/SecondaryLoop done
Event: 28.806 loading class java/awt/WaitDispatchSupport done
Event: 28.806 loading class java/awt/WaitDispatchSupport$5
Event: 28.806 loading class java/awt/WaitDispatchSupport$5 done
Event: 28.806 loading class java/awt/WaitDispatchSupport$1
Event: 28.806 loading class java/awt/WaitDispatchSupport$1 done
Event: 28.806 loading class java/awt/WaitDispatchSupport$2
Event: 28.806 loading class java/awt/WaitDispatchSupport$2 done
Event: 28.806 loading class java/awt/WaitDispatchSupport$4
Event: 28.806 loading class java/awt/WaitDispatchSupport$4 done
Event: 28.832 Thread 0x0000024ed59be2f0 Thread exited: 0x0000024ed59be2f0
Event: 28.854 Thread 0x0000024ed59be2f0 Thread added: 0x0000024ed59be2f0
Event: 28.917 Thread 0x0000024ed000afe0 Thread added: 0x0000024ed000afe0
Event: 28.952 Thread 0x0000024ea604e390 flushing nmethod 0x0000024eb5f67d90
Event: 28.953 Thread 0x0000024ea604e390 flushing nmethod 0x0000024eae333290
Event: 28.959 Thread 0x0000024ea604e390 flushing nmethod 0x0000024eaed16610
Event: 29.481 Thread 0x0000024ed59be2f0 Thread exited: 0x0000024ed59be2f0
Event: 29.506 Thread 0x0000024ed59be2f0 Thread added: 0x0000024ed59be2f0
Event: 29.729 Thread 0x0000024ed59be2f0 Thread exited: 0x0000024ed59be2f0


Dynamic libraries:
0x00007ff6c1c60000 - 0x00007ff6c1c91000 	D:\Skola\program\Vivado\2023.2\bin\unwrapped\win64.o\vivado.exe
0x00007ffbf0910000 - 0x00007ffbf0b08000 	C:\WINDOWS\SYSTEM32\ntdll.dll
0x00007ffbeed80000 - 0x00007ffbeee3d000 	C:\WINDOWS\System32\KERNEL32.DLL
0x00007ffbee410000 - 0x00007ffbee706000 	C:\WINDOWS\System32\KERNELBASE.dll
0x00007ffbee260000 - 0x00007ffbee360000 	C:\WINDOWS\System32\ucrtbase.dll
0x00007ffbcf7c0000 - 0x00007ffbcf84e000 	C:\WINDOWS\SYSTEM32\MSVCP140.dll
0x00007ffbcfd20000 - 0x00007ffbcfd3b000 	C:\WINDOWS\SYSTEM32\VCRUNTIME140.dll
0x00007ffbceef0000 - 0x00007ffbceefc000 	C:\WINDOWS\SYSTEM32\VCRUNTIME140_1.dll
0x00007ffbe9a10000 - 0x00007ffbe9a2c000 	D:\Skola\program\Vivado\2023.2\lib\win64.o\librdi_commonmain.dll
0x00007ffbe99d0000 - 0x00007ffbe99f1000 	D:\Skola\program\Vivado\2023.2\lib\win64.o\libboost_filesystem.dll
0x00007ffbef650000 - 0x00007ffbef703000 	C:\WINDOWS\System32\ADVAPI32.dll
0x00007ffbeeb10000 - 0x00007ffbeebae000 	C:\WINDOWS\System32\msvcrt.dll
0x00007ffbeefa0000 - 0x00007ffbef03f000 	C:\WINDOWS\System32\sechost.dll
0x00007ffbeec50000 - 0x00007ffbeed76000 	C:\WINDOWS\System32\RPCRT4.dll
0x00007ffbee070000 - 0x00007ffbee097000 	C:\WINDOWS\System32\bcrypt.dll
0x00007ffbe9a70000 - 0x00007ffbe9a79000 	D:\Skola\program\Vivado\2023.2\lib\win64.o\librdi_commonversion.dll
0x00007ffb7de60000 - 0x00007ffb7e290000 	D:\Skola\program\Vivado\2023.2\lib\win64.o\python38.dll
0x00007ffbefe60000 - 0x00007ffbefeb5000 	C:\WINDOWS\System32\SHLWAPI.dll
0x00007ffbeef00000 - 0x00007ffbeef6b000 	C:\WINDOWS\System32\WS2_32.dll
0x00007ffba7e50000 - 0x00007ffba8006000 	D:\Skola\program\Vivado\2023.2\lib\win64.o\librdi_commonxillic.dll
0x00007ffbf0730000 - 0x00007ffbf08ce000 	C:\WINDOWS\System32\USER32.dll
0x00007ffbee1c0000 - 0x00007ffbee1e2000 	C:\WINDOWS\System32\win32u.dll
0x00007ffbf0340000 - 0x00007ffbf036c000 	C:\WINDOWS\System32\GDI32.dll
0x00007ffbee0a0000 - 0x00007ffbee1ba000 	C:\WINDOWS\System32\gdi32full.dll
0x00007ffbee760000 - 0x00007ffbee7fd000 	C:\WINDOWS\System32\msvcp_win.dll
0x0000000060e20000 - 0x0000000060f4c000 	D:\Skola\program\Vivado\2023.2\lib\win64.o\tcl85t.dll
0x00007ffbe1bc0000 - 0x00007ffbe1bca000 	C:\WINDOWS\SYSTEM32\VERSION.dll
0x00007ffb97820000 - 0x00007ffb97b4d000 	D:\Skola\program\Vivado\2023.2\lib\win64.o\libXil_lmgr11.dll
0x00007ffbf0380000 - 0x00007ffbf045a000 	C:\WINDOWS\System32\COMDLG32.dll
0x00007ffbef2f0000 - 0x00007ffbef644000 	C:\WINDOWS\System32\combase.dll
0x00007ffbf05b0000 - 0x00007ffbf065d000 	C:\WINDOWS\System32\shcore.dll
0x00007ffbef710000 - 0x00007ffbefe55000 	C:\WINDOWS\System32\SHELL32.dll
0x00007ffbf0660000 - 0x00007ffbf072d000 	C:\WINDOWS\System32\OLEAUT32.dll
0x00007ffbef040000 - 0x00007ffbef16b000 	C:\WINDOWS\System32\ole32.dll
0x00007ffbee1f0000 - 0x00007ffbee257000 	C:\WINDOWS\System32\WINTRUST.dll
0x00007ffbee800000 - 0x00007ffbee95d000 	C:\WINDOWS\System32\CRYPT32.dll
0x00007ffbc5550000 - 0x00007ffbc5664000 	D:\Skola\program\Vivado\2023.2\lib\win64.o\libboost_regex.dll
0x00007ffb7a1d0000 - 0x00007ffb7b1f4600 	D:\Skola\program\Vivado\2023.2\lib\win64.o\libisl_iostreams.dll
0x00007ffbd8cc0000 - 0x00007ffbd8cd9000 	C:\WINDOWS\SYSTEM32\NETAPI32.dll
0x00007ffbc9d00000 - 0x00007ffbc9db0000 	C:\WINDOWS\WinSxS\amd64_microsoft.windows.common-controls_6595b64144ccf1df_5.82.19041.3636_none_7931fb75243f97c8\COMCTL32.dll
0x00007ffbcee30000 - 0x00007ffbcee39000 	C:\WINDOWS\SYSTEM32\WSOCK32.dll
0x00007ffbe4810000 - 0x00007ffbe482d000 	C:\WINDOWS\SYSTEM32\dhcpcsvc.DLL
0x00007ffbeded0000 - 0x00007ffbedefe000 	C:\WINDOWS\SYSTEM32\USERENV.dll
0x00007ffbe7c10000 - 0x00007ffbe7c21000 	D:\Skola\program\Vivado\2023.2\lib\win64.o\libboost_date_time.dll
0x00007ffbe7b40000 - 0x00007ffbe7b58000 	D:\Skola\program\Vivado\2023.2\lib\win64.o\libboost_iostreams.dll
0x00007ffbe6f50000 - 0x00007ffbe6f6c000 	D:\Skola\program\Vivado\2023.2\lib\win64.o\libboost_thread.dll
0x00007ffb78b20000 - 0x00007ffb7a1ca000 	D:\Skola\program\Vivado\2023.2\lib\win64.o\librdi_common.dll
0x00007ffbe6050000 - 0x00007ffbe6074000 	D:\Skola\program\Vivado\2023.2\lib\win64.o\libisl_iosutils.dll
0x00007ffbe57b0000 - 0x00007ffbe57d1000 	D:\Skola\program\Vivado\2023.2\lib\win64.o\librdizlib.dll
0x00007ffbe99c0000 - 0x00007ffbe99cc000 	D:\Skola\program\Vivado\2023.2\lib\win64.o\libboost_xilinx.dll
0x00007ffbceb90000 - 0x00007ffbcec09000 	D:\Skola\program\Vivado\2023.2\lib\win64.o\libboost_program_options.dll
0x00007ffb787b0000 - 0x00007ffb78b1e000 	D:\Skola\program\Vivado\2023.2\lib\win64.o\libCOIN-all.dll
0x00007ffbe2720000 - 0x00007ffbe274a000 	D:\Skola\program\Vivado\2023.2\lib\win64.o\libisl_sysinfo.dll
0x00007ffbc3b30000 - 0x00007ffbc3bb2000 	D:\Skola\program\Vivado\2023.2\lib\win64.o\libhdlpsolve.dll
0x00007ffbbfcc0000 - 0x00007ffbbfd65000 	D:\Skola\program\Vivado\2023.2\lib\win64.o\libhdxml.dll
0x00007ffbe5480000 - 0x00007ffbe549a000 	D:\Skola\program\Vivado\2023.2\lib\win64.o\pthreadVC2.dll
0x00007ffbdcde0000 - 0x00007ffbdcdfc000 	D:\Skola\program\Vivado\2023.2\lib\win64.o\librdiconfig.dll
0x00007ffbcb0f0000 - 0x00007ffbcb5c6000 	C:\WINDOWS\SYSTEM32\WININET.dll
0x00007ffbe1ab0000 - 0x00007ffbe1bba000 	C:\WINDOWS\SYSTEM32\WINHTTP.dll
0x00007ffbdba10000 - 0x00007ffbdbbfd000 	C:\WINDOWS\SYSTEM32\urlmon.dll
0x00007ffbc46a0000 - 0x00007ffbc4705000 	D:\Skola\program\Vivado\2023.2\lib\win64.o\liblmx6.0.dll
0x00007ffbcf040000 - 0x00007ffbcf071000 	C:\WINDOWS\SYSTEM32\VCOMP140.DLL
0x00007ffbdb720000 - 0x00007ffbdb9dc000 	C:\WINDOWS\SYSTEM32\iertutil.dll
0x00007ffbdb9e0000 - 0x00007ffbdba08000 	C:\WINDOWS\SYSTEM32\srvcli.dll
0x00007ffbed520000 - 0x00007ffbed52c000 	C:\WINDOWS\SYSTEM32\netutils.dll
0x00007ffba08d0000 - 0x00007ffba0b91000 	D:\Skola\program\Vivado\2023.2\lib\win64.o\xerces-c_3_2.dll
0x00007ffb6f460000 - 0x00007ffb71377000 	D:\Skola\program\Vivado\2023.2\lib\win64.o\gurobi90.dll
0x00007ffbeee40000 - 0x00007ffbeee96000 	C:\WINDOWS\System32\WLDAP32.dll
0x00007ffbefec0000 - 0x00007ffbefec8000 	C:\WINDOWS\System32\Normaliz.dll
0x00007ffbed770000 - 0x00007ffbed7da000 	C:\WINDOWS\SYSTEM32\MSWSOCK.DLL
0x00007ffbeef70000 - 0x00007ffbeefa0000 	C:\WINDOWS\System32\IMM32.DLL
0x00007ffbedba0000 - 0x00007ffbedbb2000 	C:\WINDOWS\SYSTEM32\MSASN1.dll
0x00007ffbed960000 - 0x00007ffbed978000 	C:\WINDOWS\SYSTEM32\CRYPTSP.dll
0x00007ffbed030000 - 0x00007ffbed064000 	C:\WINDOWS\system32\rsaenh.dll
0x00007ffbed980000 - 0x00007ffbed98c000 	C:\WINDOWS\SYSTEM32\CRYPTBASE.dll
0x00007ffbedfe0000 - 0x00007ffbee062000 	C:\WINDOWS\System32\bcryptPrimitives.dll
0x00007ffbeec30000 - 0x00007ffbeec4d000 	C:\WINDOWS\System32\imagehlp.dll
0x00007ffbec820000 - 0x00007ffbec832000 	C:\WINDOWS\SYSTEM32\kernel.appcore.dll
0x00007ffb77690000 - 0x00007ffb77bdd000 	D:\Skola\program\Vivado\2023.2\lib\win64.o\librdi_commontasks.dll
0x00007ffb6e810000 - 0x00007ffb6f458000 	D:\Skola\program\Vivado\2023.2\tps\win64\jre17.0.7_7\bin\server\jvm.dll
0x00007ffbd8600000 - 0x00007ffbd8627000 	C:\WINDOWS\SYSTEM32\WINMM.dll
0x00007ffb78480000 - 0x00007ffb787ab800 	D:\Skola\program\Vivado\2023.2\lib\win64.o\librdi_sio.dll
0x00007ffbed410000 - 0x00007ffbed44b000 	C:\WINDOWS\SYSTEM32\IPHLPAPI.DLL
0x00007ffbec840000 - 0x00007ffbec863000 	C:\WINDOWS\SYSTEM32\gpapi.dll
0x00007ffbe1a70000 - 0x00007ffbe1aa1000 	C:\Windows\System32\cryptnet.dll
0x00007ffbedf10000 - 0x00007ffbedf35000 	C:\WINDOWS\SYSTEM32\profapi.dll
0x00007ffbe5e30000 - 0x00007ffbe5e3b000 	C:\WINDOWS\SYSTEM32\WINNSI.DLL
0x00007ffbf05a0000 - 0x00007ffbf05a8000 	C:\WINDOWS\System32\NSI.dll
0x00007ffbede90000 - 0x00007ffbedec2000 	C:\WINDOWS\SYSTEM32\SspiCli.dll
0x00007ffbc5360000 - 0x00007ffbc5377000 	C:\WINDOWS\system32\napinsp.dll
0x00007ffbc5180000 - 0x00007ffbc519b000 	C:\WINDOWS\system32\pnrpnsp.dll
0x00007ffbe89a0000 - 0x00007ffbe89b5000 	C:\WINDOWS\system32\wshbth.dll
0x00007ffbe9950000 - 0x00007ffbe996d000 	C:\WINDOWS\system32\NLAapi.dll
0x00007ffbed450000 - 0x00007ffbed51a000 	C:\WINDOWS\SYSTEM32\DNSAPI.dll
0x00007ffbc5160000 - 0x00007ffbc5172000 	C:\WINDOWS\System32\winrnr.dll
0x00007ffbec070000 - 0x00007ffbec80b000 	C:\WINDOWS\SYSTEM32\windows.storage.dll
0x00007ffbeda10000 - 0x00007ffbeda3d000 	C:\WINDOWS\SYSTEM32\Wldp.dll
0x00007ffb6ba40000 - 0x00007ffb6e806000 	D:\Skola\program\Vivado\2023.2\lib\win64.o\librdi_tcltasks.dll
0x00007ffb6b550000 - 0x00007ffb6ba31000 	D:\Skola\program\Vivado\2023.2\lib\win64.o\librdi_bitstream.dll
0x00007ffba1aa0000 - 0x00007ffba1ca0000 	D:\Skola\program\Vivado\2023.2\lib\win64.o\librdi_board.dll
0x00007ffbb68f0000 - 0x00007ffbb6973000 	D:\Skola\program\Vivado\2023.2\lib\win64.o\librdi_boarddep.dll
0x00007ffbaa730000 - 0x00007ffbaa85a000 	D:\Skola\program\Vivado\2023.2\lib\win64.o\librdi_chipscope.dll
0x00007ffb9e4c0000 - 0x00007ffb9e6c7000 	D:\Skola\program\Vivado\2023.2\lib\win64.o\librdi_chipscopeimpl.dll
0x00007ffb9ff30000 - 0x00007ffba009e000 	D:\Skola\program\Vivado\2023.2\lib\win64.o\librdi_containers.dll
0x00007ffb69740000 - 0x00007ffb6b547000 	D:\Skola\program\Vivado\2023.2\lib\win64.o\librdi_designutils.dll
0x00007ffb693a0000 - 0x00007ffb6973f000 	D:\Skola\program\Vivado\2023.2\lib\win64.o\librdi_dlyest.dll
0x00007ffb66ca0000 - 0x00007ffb69395000 	D:\Skola\program\Vivado\2023.2\lib\win64.o\librdi_constraints.dll
0x00007ffb65690000 - 0x00007ffb66c93000 	D:\Skola\program\Vivado\2023.2\lib\win64.o\librdi_device.dll
0x00007ffbb06d0000 - 0x00007ffbb0784000 	D:\Skola\program\Vivado\2023.2\lib\win64.o\librdi_dsp.dll
0x00007ffb64f50000 - 0x00007ffb65686000 	D:\Skola\program\Vivado\2023.2\lib\win64.o\librdi_drc.dll
0x00007ffb62810000 - 0x00007ffb64f46000 	D:\Skola\program\Vivado\2023.2\lib\win64.o\librdi_coregen.dll
0x00007ffbc4380000 - 0x00007ffbc43eb000 	D:\Skola\program\Vivado\2023.2\lib\win64.o\librdi_hdf.dll
0x00007ffb76000000 - 0x00007ffb762e4000 	D:\Skola\program\Vivado\2023.2\lib\win64.o\librdi_hip_devdesign.dll
0x00007ffba04a0000 - 0x00007ffba05e8000 	D:\Skola\program\Vivado\2023.2\lib\win64.o\librdi_hip_perf_analysis.dll
0x00007ffb62050000 - 0x00007ffb6280f000 	D:\Skola\program\Vivado\2023.2\lib\win64.o\librdi_filemgmt.dll
0x00007ffb611a0000 - 0x00007ffb62050000 	D:\Skola\program\Vivado\2023.2\lib\win64.o\librdi_ippcw.dll
0x00007ffb60050000 - 0x00007ffb61193000 	D:\Skola\program\Vivado\2023.2\lib\win64.o\librdi_implflow.dll
0x00007ffb5f7b0000 - 0x00007ffb6004a000 	D:\Skola\program\Vivado\2023.2\lib\win64.o\librdi_lopt.dll
0x00007ffbb07d0000 - 0x00007ffbb084d000 	D:\Skola\program\Vivado\2023.2\lib\win64.o\librdi_memoryarray.dll
0x00007ffb5f150000 - 0x00007ffb5f7a6000 	D:\Skola\program\Vivado\2023.2\lib\win64.o\librdi_memdata.dll
0x00007ffbabad0000 - 0x00007ffbabb42000 	D:\Skola\program\Vivado\2023.2\lib\win64.o\librdi_noc_frameworks.dll
0x00007ffb5e940000 - 0x00007ffb5f144000 	D:\Skola\program\Vivado\2023.2\lib\win64.o\librdi_netlist.dll
0x00007ffbc7c70000 - 0x00007ffbc7ccc000 	D:\Skola\program\Vivado\2023.2\lib\win64.o\librdi_pfi.dll
0x00007ffb5bef0000 - 0x00007ffb5e931000 	D:\Skola\program\Vivado\2023.2\lib\win64.o\librdi_mig.dll
0x00007ffb5b5f0000 - 0x00007ffb5bee2000 	D:\Skola\program\Vivado\2023.2\lib\win64.o\librdi_power.dll
0x00007ffb572d0000 - 0x00007ffb5774e000 	D:\Skola\program\Vivado\2023.2\lib\win64.o\librdi_platform.dll
0x00007ffb58730000 - 0x00007ffb5b5ec000 	D:\Skola\program\Vivado\2023.2\lib\win64.o\librdi_place.dll
0x00007ffb56b50000 - 0x00007ffb572c7000 	D:\Skola\program\Vivado\2023.2\lib\win64.o\librdi_psta.dll

dbghelp: loaded successfully - version: 4.0.5 - missing functions: none
symbol engine: initialized successfully - sym options: 0x614 - pdb path: .;D:\Skola\program\Vivado\2023.2\bin\unwrapped\win64.o;C:\WINDOWS\SYSTEM32;D:\Skola\program\Vivado\2023.2\lib\win64.o;C:\WINDOWS\WinSxS\amd64_microsoft.windows.common-controls_6595b64144ccf1df_5.82.19041.3636_none_7931fb75243f97c8;D:\Skola\program\Vivado\2023.2\tps\win64\jre17.0.7_7\bin\server;D:\Skola\program\Vivado\2023.2\tps\win64\jre17.0.7_7\bin;C:\WINDOWS\WinSxS\amd64_microsoft.windows.common-controls_6595b64144ccf1df_6.0.19041.3636_none_60b6a03d71f818d5

VM Arguments:
jvm_args: -Dsun.java2d.pmoffscreen=false -Dhttps.protocols=TLSv1,TLSv1.1,TLSv1.2 -Dsun.java2d.xrender=false -Dsun.java2d.d3d=false -Dsun.awt.nopixfmt=true -Dsun.java2d.dpiaware=true -Dsun.java2d.uiScale.enabled=false -Dswing.aatext=true -XX:-UsePerfData -Djdk.map.althashing.threshold=512 -XX:StringTableSize=4072 -XX:+UseStringDeduplication -XX:MaxGCPauseMillis=200 -XX:+ParallelRefProcEnabled --add-opens=java.desktop/javax.swing.plaf.synth=ALL-UNNAMED --add-opens=java.base/java.nio=ALL-UNNAMED --add-opens=java.desktop/sun.swing=ALL-UNNAMED --add-opens=java.desktop/javax.swing=ALL-UNNAMED --add-opens=java.desktop/javax.swing.tree=ALL-UNNAMED --add-opens=java.desktop/javax.swing.plaf.basic=ALL-UNNAMED --add-opens=java.desktop/javax.swing.plaf.synth=ALL-UNNAMED --add-opens=java.desktop/javax.swing.plaf.basic=ALL-UNNAMED --add-opens=java.desktop/javax.swing=ALL-UNNAMED --add-opens=java.desktop/javax.swing.tree=ALL-UNNAMED --add-opens=java.desktop/java.awt.event=ALL-UNNAMED --add-exports=java.desktop/javax.swing.plaf.synth=ALL-UNNAMED --add-exports=java.base/java.nio=ALL-UNNAMED --add-exports=java.desktop/sun.swing=ALL-UNNAMED --add-exports=java.desktop/javax.swing=ALL-UNNAMED --add-exports=java.desktop/javax.swing.tree=ALL-UNNAMED --add-exports=java.desktop/javax.swing.plaf.basic=ALL-UNNAMED --add-exports=java.desktop/sun.swing=ALL-UNNAMED --add-exports=java.desktop/sun.swing.table=ALL-UNNAMED --add-exports=java.desktop/sun.swing.plaf.synth=ALL-UNNAMED --add-exports=java.desktop/sun.awt.shell=ALL-UNNAMED --add-exports=java.base/sun.security.action=ALL-UNNAMED --add-exports=java.desktop/sun.font=ALL-UNNAMED -XX:NewSize=80m -XX:MaxNewSize=80m -Xms512m -Xmx4072m -Xss10m 
java_command: <unknown>
java_class_path (initial): D:/Skola/program/Vivado/2023.2\lib\classes\alloy.jar;D:/Skola/program/Vivado/2023.2\lib\classes\asm-9.3.jar;D:/Skola/program/Vivado/2023.2\lib\classes\asm-analysis-9.3.jar;D:/Skola/program/Vivado/2023.2\lib\classes\asm-commons-9.3.jar;D:/Skola/program/Vivado/2023.2\lib\classes\asm-tree-9.3.jar;D:/Skola/program/Vivado/2023.2\lib\classes\autoesl-models.jar;D:/Skola/program/Vivado/2023.2\lib\classes\batik-anim.jar;D:/Skola/program/Vivado/2023.2\lib\classes\batik-awt-util.jar;D:/Skola/program/Vivado/2023.2\lib\classes\batik-bridge.jar;D:/Skola/program/Vivado/2023.2\lib\classes\batik-codec.jar;D:/Skola/program/Vivado/2023.2\lib\classes\batik-constants.jar;D:/Skola/program/Vivado/2023.2\lib\classes\batik-css.jar;D:/Skola/program/Vivado/2023.2\lib\classes\batik-dom.jar;D:/Skola/program/Vivado/2023.2\lib\classes\batik-ext.jar;D:/Skola/program/Vivado/2023.2\lib\classes\batik-gui-util.jar;D:/Skola/program/Vivado/2023.2\lib\classes\batik-gvt.jar;D:/Skola/program/Vivado/2023.2\lib\classes\batik-i18n.jar;D:/Skola/program/Vivado/2023.2\lib\classes\batik-parser.jar;D:/Skola/program/Vivado/2023.2\lib\classes\batik-script.jar;D:/Skola/program/Vivado/2023.2\lib\classes\batik-svg-dom.jar;D:/Skola/program/Vivado/2023.2\lib\classes\batik-svggen.jar;D:/Skola/program/Vivado/2023.2\lib\classes\batik-swing.jar;D:/Skola/program/Vivado/2023.2\lib\classes\batik-transcoder.jar;D:/Skola/program/Vivado/2023.2\lib\classes\batik-util.jar;D:/Skola/program/Vivado/2023.2\lib\classes\batik-xml.jar;D:/Skola/program/Vivado/2023.2\lib\classes\com.fasterxml.jackson.core.jackson-annotations_2.12.1.v20210128-1726.jar;D:/Skola/program/Vivado/2023.2\lib\classes\com.fasterxml.jackson.core.jackson-core_2.12.1.v20210128-1726.jar;D:/Skola/program/Vivado/2023.2\lib\classes\com.fasterxml.jackson.core.jackson-databind_2.12.1.v20210128-1726.jar;D:/Skola/program/Vivado/2023.2\lib\classes\com.google.gson_2.8.9.v20220111-1409.jar;D:/Skola/program/Vivado/2023.2\lib\classes\com.google.guava_30.
Launcher Type: generic

[Global flags]
     intx CICompilerCount                          = 3                                         {product} {ergonomic}
     uint ConcGCThreads                            = 1                                         {product} {ergonomic}
     uint G1ConcRefinementThreads                  = 4                                         {product} {ergonomic}
   size_t G1HeapRegionSize                         = 2097152                                   {product} {ergonomic}
    uintx GCDrainStackTargetSize                   = 64                                        {product} {ergonomic}
   size_t InitialHeapSize                          = 536870912                                 {product} {command line}
   size_t MarkStackSize                            = 4194304                                   {product} {ergonomic}
    uintx MaxGCPauseMillis                         = 200                                       {product} {command line}
   size_t MaxHeapSize                              = 4269801472                                {product} {command line}
   size_t MaxNewSize                               = 83886080                                  {product} {command line}
   size_t MinHeapDeltaBytes                        = 2097152                                   {product} {ergonomic}
   size_t MinHeapSize                              = 536870912                                 {product} {command line}
   size_t NewSize                                  = 83886080                                  {product} {command line}
    uintx NonNMethodCodeHeapSize                   = 5832780                                {pd product} {ergonomic}
    uintx NonProfiledCodeHeapSize                  = 122912730                              {pd product} {ergonomic}
     bool ParallelRefProcEnabled                   = true                                      {product} {command line}
    uintx ProfiledCodeHeapSize                     = 122912730                              {pd product} {ergonomic}
    uintx ReservedCodeCacheSize                    = 251658240                              {pd product} {ergonomic}
     bool SegmentedCodeCache                       = true                                      {product} {ergonomic}
   size_t SoftMaxHeapSize                          = 4269801472                             {manageable} {ergonomic}
    uintx StringTableSize                          = 4072                                      {product} {command line}
     intx ThreadStackSize                          = 10240                                  {pd product} {command line}
     bool UseCompressedClassPointers               = true                           {product lp64_product} {ergonomic}
     bool UseCompressedOops                        = true                           {product lp64_product} {ergonomic}
     bool UseG1GC                                  = true                                      {product} {ergonomic}
     bool UseLargePagesIndividualAllocation        = false                                  {pd product} {ergonomic}
     bool UsePerfData                              = false                                     {product} {command line}
     bool UseStringDeduplication                   = true                                      {product} {command line}

Logging:
Log output configuration:
 #0: stdout all=warning uptime,level,tags
 #1: stderr all=off uptime,level,tags

Environment Variables:
PATH=D:/Skola/program/Vivado/2023.2/bin;D:/Skola/program/Vivado/2023.2/tps/win64/java-cef-95.0.4638.69/bin/lib/win64;D:/Skola/program/Vivado/2023.2/tps/win64/javafx-sdk-17.0.1/lib;D:/Skola/program/Vivado/2023.2/tps/win64/javafx-sdk-17.0.1/bin;D:/Skola/program/Vivado/2023.2/lib/win64.o;D:/Skola/program/Vivado/2023.2/tps/win64/jre17.0.7_7/bin/server;D:/Skola/program/Vivado/2023.2/tps/win64/jre17.0.7_7/bin;D:/Skola/program/Vivado/2023.2/ids_lite/ISE/bin/nt64;D:/Skola/program/Vivado/2023.2/ids_lite/ISE/lib/nt64;D:/Skola/program/Vitis_HLS/2023.2/bin;C:\Program Files\Microsoft\jdk-11.0.12.7-hotspot\bin;C:\Program Files\National Instruments\Shared\OpenVINO\;C:\WINDOWS\system32;C:\WINDOWS;C:\WINDOWS\System32\Wbem;C:\WINDOWS\System32\WindowsPowerShell\v1.0\;C:\Program Files\dotnet\;C:\WINDOWS\System32\OpenSSH\;C:\Program Files (x86)\IVI Foundation\VISA\WinNT\Bin\;C:\Program Files\IVI Foundation\VISA\Win64\Bin\;C:\Program Files (x86)\National Instruments\Shared\LabVIEW CLI;C:\Program Files (x86)\IVI Foundation\IVI\bin;C:\Program Files\IVI Foundation\IVI\bin;C:\Program Files\Microsoft SQL Server\Client SDK\ODBC\110\Tools\Binn\;C:\Program Files (x86)\Microsoft SQL Server\120\Tools\Binn\;C:\Program Files\Microsoft SQL Server\120\Tools\Binn\;C:\Program Files\Microsoft SQL Server\120\DTS\Binn\;C:\Program Files (x86)\Windows Kits\8.1\Windows Performance Toolkit\;C:\Program Files\MATLAB\R2022a\bin;C:\Program Files\Azure Data Studio\bin;D:\Skola\program\c\bin;D:\Skola\program\perl\site\bin;D:\Skola\program\perl\bin;C:\Users\Elliot\AppData\Local\Microsoft\WindowsApps;C:\Users\Elliot\.dotnet\tools;C:\Users\Elliot\AppData\Local\GitHubDesktop\bin;C:\Users\Elliot\AppData\Local\Programs\Microsoft VS Code\bin;D:\Skola\program\ash_virus\miktex\bin\x64\;D:/Skola/program/Vivado/2023.2\tps\mingw\6.2.0\win64.o\nt\bin;D:/Skola/program/Vivado/2023.2\tps\mingw\6.2.0\win64.o\nt\libexec\gcc\x86_64-w64-mingw32\6.2.0;D:/Skola/program/Vivado/2023.2\tps\win64\python-3.8.3;D:/Skola/program/Vivado/2023.2\tps\
USERNAME=Elliot
OS=Windows_NT
PROCESSOR_IDENTIFIER=Intel64 Family 6 Model 158 Stepping 9, GenuineIntel
TMP=C:\Users\Elliot\AppData\Local\Temp
TEMP=C:\Users\Elliot\AppData\Local\Temp



---------------  S Y S T E M  ---------------

OS:
 Windows 10 , 64 bit Build 19041 (10.0.19041.3636)
OS uptime: 12 days 14:49 hours

CPU: total 4 (initial active 4) (4 cores per cpu, 1 threads per core) family 6 model 158 stepping 9 microcode 0xb4, cx8, cmov, fxsr, mmx, 3dnowpref, sse, sse2, sse3, ssse3, sse4.1, sse4.2, popcnt, lzcnt, tsc, tscinvbit, avx, avx2, aes, erms, clmul, bmi1, bmi2, rtm, adx, fma, vzeroupper, clflush, clflushopt

Memory: 4k page, system-wide physical 16245M (6971M free)
TotalPageFile size 18677M (AvailPageFile size 8545M)
current process WorkingSet (physical memory assigned to process): 665M, peak: 667M
current process commit charge ("private bytes"): 1020M, peak: 1114M

vm_info: OpenJDK 64-Bit Server VM (17.0.7+7) for windows-amd64 JRE (17.0.7+7), built on Apr 18 2023 22:10:42 by "temurin" with MS VC++ 16.7 (VS2019)

END.
