This is pdfTeX, Version 3.141592653-2.6-1.40.25 (MiKTeX 23.10) (preloaded format=pdflatex 2024.1.30)  27 FEB 2024 13:29
entering extended mode
 restricted \write18 enabled.
 file:line:error style messages enabled.
 %&-line parsing enabled.
**"c:/Universitet/3. Reliable System/DVA494/Lab4/report/main.tex"
(c:/Universitet/3. Reliable System/DVA494/Lab4/report/main.tex
LaTeX2e <2023-06-01> patch level 1
L3 programming layer <2023-08-29>
(C:\Users\jonas\AppData\Local\Programs\MiKTeX\tex/latex/base\article.cls
Document Class: article 2023/05/17 v1.4n Standard LaTeX document class
(C:\Users\jonas\AppData\Local\Programs\MiKTeX\tex/latex/base\size10.clo
File: size10.clo 2023/05/17 v1.4n Standard LaTeX file (size option)
)
\c@part=\count185
\c@section=\count186
\c@subsection=\count187
\c@subsubsection=\count188
\c@paragraph=\count189
\c@subparagraph=\count190
\c@figure=\count191
\c@table=\count192
\abovecaptionskip=\skip48
\belowcaptionskip=\skip49
\bibindent=\dimen140
) (C:\Users\jonas\AppData\Local\Programs\MiKTeX\tex/latex/graphics\graphicx.sty
Package: graphicx 2021/09/16 v1.2d Enhanced LaTeX Graphics (DPC,SPQR)
 (C:\Users\jonas\AppData\Local\Programs\MiKTeX\tex/latex/graphics\keyval.sty
Package: keyval 2022/05/29 v1.15 key=value parser (DPC)
\KV@toks@=\toks17
) (C:\Users\jonas\AppData\Local\Programs\MiKTeX\tex/latex/graphics\graphics.sty
Package: graphics 2022/03/10 v1.4e Standard LaTeX Graphics (DPC,SPQR)
 (C:\Users\jonas\AppData\Local\Programs\MiKTeX\tex/latex/graphics\trig.sty
Package: trig 2021/08/11 v1.11 sin cos tan (DPC)
) (C:\Users\jonas\AppData\Local\Programs\MiKTeX\tex/latex/graphics-cfg\graphics.cfg
File: graphics.cfg 2016/06/04 v1.11 sample graphics configuration
)
Package graphics Info: Driver file: pdftex.def on input line 107.
 (C:\Users\jonas\AppData\Local\Programs\MiKTeX\tex/latex/graphics-def\pdftex.def
File: pdftex.def 2022/09/22 v1.2b Graphics/color driver for pdftex
))
\Gin@req@height=\dimen141
\Gin@req@width=\dimen142
) (C:\Users\jonas\AppData\Local\Programs\MiKTeX\tex/latex/l3backend\l3backend-pdftex.def
File: l3backend-pdftex.def 2023-04-19 L3 backend support: PDF output (pdfTeX)
\l__color_backend_stack_int=\count193
\l__pdf_internal_box=\box51
) (main.aux)
\openout1 = `main.aux'.

LaTeX Font Info:    Checking defaults for OML/cmm/m/it on input line 8.
LaTeX Font Info:    ... okay on input line 8.
LaTeX Font Info:    Checking defaults for OMS/cmsy/m/n on input line 8.
LaTeX Font Info:    ... okay on input line 8.
LaTeX Font Info:    Checking defaults for OT1/cmr/m/n on input line 8.
LaTeX Font Info:    ... okay on input line 8.
LaTeX Font Info:    Checking defaults for T1/cmr/m/n on input line 8.
LaTeX Font Info:    ... okay on input line 8.
LaTeX Font Info:    Checking defaults for TS1/cmr/m/n on input line 8.
LaTeX Font Info:    ... okay on input line 8.
LaTeX Font Info:    Checking defaults for OMX/cmex/m/n on input line 8.
LaTeX Font Info:    ... okay on input line 8.
LaTeX Font Info:    Checking defaults for U/cmr/m/n on input line 8.
LaTeX Font Info:    ... okay on input line 8.
 (C:\Users\jonas\AppData\Local\Programs\MiKTeX\tex/context/base/mkii\supp-pdf.mkii
[Loading MPS to PDF converter (version 2006.09.02).]
\scratchcounter=\count194
\scratchdimen=\dimen143
\scratchbox=\box52
\nofMPsegments=\count195
\nofMParguments=\count196
\everyMPshowfont=\toks18
\MPscratchCnt=\count197
\MPscratchDim=\dimen144
\MPnumerator=\count198
\makeMPintoPDFobject=\count199
\everyMPtoPDFconversion=\toks19
) (C:\Users\jonas\AppData\Local\Programs\MiKTeX\tex/latex/epstopdf-pkg\epstopdf-base.sty
Package: epstopdf-base 2020-01-24 v2.11 Base part for package epstopdf
Package epstopdf-base Info: Redefining graphics rule for `.eps' on input line 485.
 (C:\Users\jonas\AppData\Local\Programs\MiKTeX\tex/latex/00miktex\epstopdf-sys.cfg
File: epstopdf-sys.cfg 2021/03/18 v2.0 Configuration of epstopdf for MiKTeX
))
LaTeX Font Info:    External font `cmex10' loaded for size
(Font)              <12> on input line 9.
LaTeX Font Info:    External font `cmex10' loaded for size
(Font)              <8> on input line 9.
LaTeX Font Info:    External font `cmex10' loaded for size
(Font)              <6> on input line 9.
<images/Lut1.png, id=1, 242.1045pt x 116.23425pt>
File: images/Lut1.png Graphic file (type png)
<use images/Lut1.png>
Package pdftex.def Info: images/Lut1.png  used on input line 13.
(pdftex.def)             Requested size: 142.26378pt x 68.30269pt.
<images/Lut2.png, id=3, 240.9pt x 115.632pt>
File: images/Lut2.png Graphic file (type png)
<use images/Lut2.png>
Package pdftex.def Info: images/Lut2.png  used on input line 18.
(pdftex.def)             Requested size: 142.26378pt x 68.28757pt.
<images/Lut3.png, id=4, 243.309pt x 115.632pt>
File: images/Lut3.png Graphic file (type png)
<use images/Lut3.png>
Package pdftex.def Info: images/Lut3.png  used on input line 24.
(pdftex.def)             Requested size: 142.26378pt x 67.61356pt.
<images/Lut4.png, id=5, 248.127pt x 122.25674pt>
File: images/Lut4.png Graphic file (type png)
<use images/Lut4.png>
Package pdftex.def Info: images/Lut4.png  used on input line 29.
(pdftex.def)             Requested size: 142.26378pt x 70.0956pt.


LaTeX Warning: `h' float specifier changed to `ht'.

[1

{C:/Users/jonas/AppData/Local/MiKTeX/fonts/map/pdftex/pdftex.map} <./images/Lut1.png> <./images/Lut2.png> <./images/Lut3.png>] [2 <./images/Lut4.png>]
<images/sim_step1.png, id=21, 550.4565pt x 118.041pt>
File: images/sim_step1.png Graphic file (type png)
<use images/sim_step1.png>
Package pdftex.def Info: images/sim_step1.png  used on input line 39.
(pdftex.def)             Requested size: 369.88582pt x 79.3212pt.

Overfull \hbox (24.88582pt too wide) in paragraph at lines 39--41
 [][] 
 []

<images/sim_step2.png, id=22, 400.49625pt x 131.2905pt>
File: images/sim_step2.png Graphic file (type png)
<use images/sim_step2.png>
Package pdftex.def Info: images/sim_step2.png  used on input line 45.
(pdftex.def)             Requested size: 369.88582pt x 121.26349pt.
<images/sim_step2.2.png, id=23, 351.714pt x 122.25674pt>
File: images/sim_step2.2.png Graphic file (type png)
<use images/sim_step2.2.png>
Package pdftex.def Info: images/sim_step2.2.png  used on input line 47.
(pdftex.def)             Requested size: 369.88582pt x 128.58229pt.

Overfull \hbox (24.88582pt too wide) in paragraph at lines 45--49
 [][] 
 []


Overfull \hbox (24.88582pt too wide) in paragraph at lines 45--49
 [] 
 []

<images/sim_step3.png, id=24, 606.46574pt x 152.36925pt>
File: images/sim_step3.png Graphic file (type png)
<use images/sim_step3.png>
Package pdftex.def Info: images/sim_step3.png  used on input line 53.
(pdftex.def)             Requested size: 369.88582pt x 92.93347pt.

Overfull \hbox (24.88582pt too wide) in paragraph at lines 53--55
 [][] 
 []


LaTeX Warning: `h' float specifier changed to `ht'.

<images/sim_step4.png, id=25, 460.119pt x 136.1085pt>
File: images/sim_step4.png Graphic file (type png)
<use images/sim_step4.png>
Package pdftex.def Info: images/sim_step4.png  used on input line 59.
(pdftex.def)             Requested size: 369.88582pt x 109.42068pt.

Overfull \hbox (24.88582pt too wide) in paragraph at lines 59--61
 [][] 
 []


LaTeX Warning: `h' float specifier changed to `ht'.

[3

 <./images/sim_step1.png> <./images/sim_step2.png> <./images/sim_step2.2.png>] [4 <./images/sim_step3.png> <./images/sim_step4.png>] (main.aux)
 ***********
LaTeX2e <2023-06-01> patch level 1
L3 programming layer <2023-08-29>
 ***********
 ) 
Here is how much of TeX's memory you used:
 1369 strings out of 475248
 23665 string characters out of 5757813
 1920785 words of memory out of 5000000
 22929 multiletter control sequences out of 15000+600000
 561709 words of font info for 48 fonts, out of 8000000 for 9000
 1141 hyphenation exceptions out of 8191
 57i,7n,65p,291b,228s stack positions out of 10000i,1000n,20000p,200000b,200000s
<C:/Users/jonas/AppData/Local/Programs/MiKTeX/fonts/type1/public/amsfonts/cm/cmbx12.pfb><C:/Users/jonas/AppData/Local/Programs/MiKTeX/fonts/type1/public/amsfonts/cm/cmr10.pfb><C:/Users/jonas/AppData/Local/Programs/MiKTeX/fonts/type1/public/amsfonts/cm/cmr12.pfb><C:/Users/jonas/AppData/Local/Programs/MiKTeX/fonts/type1/public/amsfonts/cm/cmr17.pfb>
Output written on main.pdf (4 pages, 113232 bytes).
PDF statistics:
 54 PDF objects out of 1000 (max. 8388607)
 0 named destinations out of 1000 (max. 500000)
 46 words of extra memory for PDF output out of 10000 (max. 10000000)

