Vivado Simulator v2023.2
Copyright 1986-2022 Xilinx, Inc. All Rights Reserved.
Copyright 2022-2023 Advanced Micro Devices, Inc. All Rights Reserved.
Running: D:/Skola/program/Vivado/2023.2/bin/unwrapped/win64.o/xelab.exe --incr --debug typical --relax --mt 2 -L xil_defaultlib -L secureip --snapshot tb_behav xil_defaultlib.tb -log elaborate.log 
Using 2 slave threads.
Starting static elaboration
Completed static elaboration
Starting simulation data flow analysis
Completed simulation data flow analysis
Time Resolution for simulation is 1ps
Compiling package std.standard
Compiling package std.textio
Compiling package ieee.std_logic_1164
Compiling architecture arch_not of entity xil_defaultlib.Gate_Not [gate_not_default]
Compiling architecture arch_and of entity xil_defaultlib.Gate_And [gate_and_default]
Compiling architecture arch_or of entity xil_defaultlib.Gate_Or [gate_or_default]
Compiling architecture arch_mux2to1 of entity xil_defaultlib.Mux2To1 [mux2to1_default]
Compiling architecture arch_mux4to1inst of entity xil_defaultlib.Mux4To1Inst [mux4to1inst_default]
Compiling architecture tb_arch of entity xil_defaultlib.tb
Built simulation snapshot tb_behav
