
*** Running vivado
    with args -log wrapper_timer_7seg.vdi -applog -m64 -product Vivado -messageDb vivado.pb -mode batch -source wrapper_timer_7seg.tcl -notrace


ECHO is off.
ECHO is off.

****** Vivado v2023.2 (64-bit)
  **** SW Build 4029153 on Fri Oct 13 20:14:34 MDT 2023
  **** IP Build 4028589 on Sat Oct 14 00:45:43 MDT 2023
  **** SharedData Build 4025554 on Tue Oct 10 17:18:54 MDT 2023
    ** Copyright 1986-2022 Xilinx, Inc. All Rights Reserved.
    ** Copyright 2022-2023 Advanced Micro Devices, Inc. All Rights Reserved.

source wrapper_timer_7seg.tcl -notrace
Command: link_design -top wrapper_timer_7seg -part xc7a35tcpg236-1
Design is defaulting to srcset: sources_1
Design is defaulting to constrset: constrs_1
INFO: [Device 21-403] Loading part xc7a35tcpg236-1
Netlist sorting complete. Time (s): cpu = 00:00:00 ; elapsed = 00:00:00.002 . Memory (MB): peak = 860.996 ; gain = 0.000
INFO: [Netlist 29-17] Analyzing 28 Unisim elements for replacement
INFO: [Netlist 29-28] Unisim Transformation completed in 0 CPU seconds
INFO: [Project 1-479] Netlist was created with Vivado 2023.2
INFO: [Project 1-570] Preparing netlist for logic optimization
Parsing XDC File [C:/Users/Ashley Bjrs/AppData/Roaming/Xilinx/Vivado/DVA494/Lab4/Step4.2/Step4.2.srcs/Basys3_Master.xdc]
WARNING: [Vivado 12-584] No ports matched 'sw[0]'. [C:/Users/Ashley Bjrs/AppData/Roaming/Xilinx/Vivado/DVA494/Lab4/Step4.2/Step4.2.srcs/Basys3_Master.xdc:12]
CRITICAL WARNING: [Common 17-55] 'set_property' expects at least one object. [C:/Users/Ashley Bjrs/AppData/Roaming/Xilinx/Vivado/DVA494/Lab4/Step4.2/Step4.2.srcs/Basys3_Master.xdc:12]
Resolution: If [get_<value>] was used to populate the object, check to make sure this command returns at least one valid object.
WARNING: [Vivado 12-584] No ports matched 'sw[0]'. [C:/Users/Ashley Bjrs/AppData/Roaming/Xilinx/Vivado/DVA494/Lab4/Step4.2/Step4.2.srcs/Basys3_Master.xdc:13]
CRITICAL WARNING: [Common 17-55] 'set_property' expects at least one object. [C:/Users/Ashley Bjrs/AppData/Roaming/Xilinx/Vivado/DVA494/Lab4/Step4.2/Step4.2.srcs/Basys3_Master.xdc:13]
Resolution: If [get_<value>] was used to populate the object, check to make sure this command returns at least one valid object.
WARNING: [Vivado 12-584] No ports matched 'sw[1]'. [C:/Users/Ashley Bjrs/AppData/Roaming/Xilinx/Vivado/DVA494/Lab4/Step4.2/Step4.2.srcs/Basys3_Master.xdc:14]
CRITICAL WARNING: [Common 17-55] 'set_property' expects at least one object. [C:/Users/Ashley Bjrs/AppData/Roaming/Xilinx/Vivado/DVA494/Lab4/Step4.2/Step4.2.srcs/Basys3_Master.xdc:14]
Resolution: If [get_<value>] was used to populate the object, check to make sure this command returns at least one valid object.
WARNING: [Vivado 12-584] No ports matched 'sw[1]'. [C:/Users/Ashley Bjrs/AppData/Roaming/Xilinx/Vivado/DVA494/Lab4/Step4.2/Step4.2.srcs/Basys3_Master.xdc:15]
CRITICAL WARNING: [Common 17-55] 'set_property' expects at least one object. [C:/Users/Ashley Bjrs/AppData/Roaming/Xilinx/Vivado/DVA494/Lab4/Step4.2/Step4.2.srcs/Basys3_Master.xdc:15]
Resolution: If [get_<value>] was used to populate the object, check to make sure this command returns at least one valid object.
WARNING: [Vivado 12-584] No ports matched 'sw[2]'. [C:/Users/Ashley Bjrs/AppData/Roaming/Xilinx/Vivado/DVA494/Lab4/Step4.2/Step4.2.srcs/Basys3_Master.xdc:16]
CRITICAL WARNING: [Common 17-55] 'set_property' expects at least one object. [C:/Users/Ashley Bjrs/AppData/Roaming/Xilinx/Vivado/DVA494/Lab4/Step4.2/Step4.2.srcs/Basys3_Master.xdc:16]
Resolution: If [get_<value>] was used to populate the object, check to make sure this command returns at least one valid object.
WARNING: [Vivado 12-584] No ports matched 'sw[2]'. [C:/Users/Ashley Bjrs/AppData/Roaming/Xilinx/Vivado/DVA494/Lab4/Step4.2/Step4.2.srcs/Basys3_Master.xdc:17]
CRITICAL WARNING: [Common 17-55] 'set_property' expects at least one object. [C:/Users/Ashley Bjrs/AppData/Roaming/Xilinx/Vivado/DVA494/Lab4/Step4.2/Step4.2.srcs/Basys3_Master.xdc:17]
Resolution: If [get_<value>] was used to populate the object, check to make sure this command returns at least one valid object.
WARNING: [Vivado 12-584] No ports matched 'sw[3]'. [C:/Users/Ashley Bjrs/AppData/Roaming/Xilinx/Vivado/DVA494/Lab4/Step4.2/Step4.2.srcs/Basys3_Master.xdc:18]
CRITICAL WARNING: [Common 17-55] 'set_property' expects at least one object. [C:/Users/Ashley Bjrs/AppData/Roaming/Xilinx/Vivado/DVA494/Lab4/Step4.2/Step4.2.srcs/Basys3_Master.xdc:18]
Resolution: If [get_<value>] was used to populate the object, check to make sure this command returns at least one valid object.
WARNING: [Vivado 12-584] No ports matched 'sw[3]'. [C:/Users/Ashley Bjrs/AppData/Roaming/Xilinx/Vivado/DVA494/Lab4/Step4.2/Step4.2.srcs/Basys3_Master.xdc:19]
CRITICAL WARNING: [Common 17-55] 'set_property' expects at least one object. [C:/Users/Ashley Bjrs/AppData/Roaming/Xilinx/Vivado/DVA494/Lab4/Step4.2/Step4.2.srcs/Basys3_Master.xdc:19]
Resolution: If [get_<value>] was used to populate the object, check to make sure this command returns at least one valid object.
WARNING: [Vivado 12-584] No ports matched 'sw[4]'. [C:/Users/Ashley Bjrs/AppData/Roaming/Xilinx/Vivado/DVA494/Lab4/Step4.2/Step4.2.srcs/Basys3_Master.xdc:20]
CRITICAL WARNING: [Common 17-55] 'set_property' expects at least one object. [C:/Users/Ashley Bjrs/AppData/Roaming/Xilinx/Vivado/DVA494/Lab4/Step4.2/Step4.2.srcs/Basys3_Master.xdc:20]
Resolution: If [get_<value>] was used to populate the object, check to make sure this command returns at least one valid object.
WARNING: [Vivado 12-584] No ports matched 'sw[4]'. [C:/Users/Ashley Bjrs/AppData/Roaming/Xilinx/Vivado/DVA494/Lab4/Step4.2/Step4.2.srcs/Basys3_Master.xdc:21]
CRITICAL WARNING: [Common 17-55] 'set_property' expects at least one object. [C:/Users/Ashley Bjrs/AppData/Roaming/Xilinx/Vivado/DVA494/Lab4/Step4.2/Step4.2.srcs/Basys3_Master.xdc:21]
Resolution: If [get_<value>] was used to populate the object, check to make sure this command returns at least one valid object.
WARNING: [Vivado 12-584] No ports matched 'sw[5]'. [C:/Users/Ashley Bjrs/AppData/Roaming/Xilinx/Vivado/DVA494/Lab4/Step4.2/Step4.2.srcs/Basys3_Master.xdc:22]
CRITICAL WARNING: [Common 17-55] 'set_property' expects at least one object. [C:/Users/Ashley Bjrs/AppData/Roaming/Xilinx/Vivado/DVA494/Lab4/Step4.2/Step4.2.srcs/Basys3_Master.xdc:22]
Resolution: If [get_<value>] was used to populate the object, check to make sure this command returns at least one valid object.
WARNING: [Vivado 12-584] No ports matched 'sw[5]'. [C:/Users/Ashley Bjrs/AppData/Roaming/Xilinx/Vivado/DVA494/Lab4/Step4.2/Step4.2.srcs/Basys3_Master.xdc:23]
CRITICAL WARNING: [Common 17-55] 'set_property' expects at least one object. [C:/Users/Ashley Bjrs/AppData/Roaming/Xilinx/Vivado/DVA494/Lab4/Step4.2/Step4.2.srcs/Basys3_Master.xdc:23]
Resolution: If [get_<value>] was used to populate the object, check to make sure this command returns at least one valid object.
WARNING: [Vivado 12-584] No ports matched 'sw[6]'. [C:/Users/Ashley Bjrs/AppData/Roaming/Xilinx/Vivado/DVA494/Lab4/Step4.2/Step4.2.srcs/Basys3_Master.xdc:24]
CRITICAL WARNING: [Common 17-55] 'set_property' expects at least one object. [C:/Users/Ashley Bjrs/AppData/Roaming/Xilinx/Vivado/DVA494/Lab4/Step4.2/Step4.2.srcs/Basys3_Master.xdc:24]
Resolution: If [get_<value>] was used to populate the object, check to make sure this command returns at least one valid object.
WARNING: [Vivado 12-584] No ports matched 'sw[6]'. [C:/Users/Ashley Bjrs/AppData/Roaming/Xilinx/Vivado/DVA494/Lab4/Step4.2/Step4.2.srcs/Basys3_Master.xdc:25]
CRITICAL WARNING: [Common 17-55] 'set_property' expects at least one object. [C:/Users/Ashley Bjrs/AppData/Roaming/Xilinx/Vivado/DVA494/Lab4/Step4.2/Step4.2.srcs/Basys3_Master.xdc:25]
Resolution: If [get_<value>] was used to populate the object, check to make sure this command returns at least one valid object.
WARNING: [Vivado 12-584] No ports matched 'sw[7]'. [C:/Users/Ashley Bjrs/AppData/Roaming/Xilinx/Vivado/DVA494/Lab4/Step4.2/Step4.2.srcs/Basys3_Master.xdc:26]
CRITICAL WARNING: [Common 17-55] 'set_property' expects at least one object. [C:/Users/Ashley Bjrs/AppData/Roaming/Xilinx/Vivado/DVA494/Lab4/Step4.2/Step4.2.srcs/Basys3_Master.xdc:26]
Resolution: If [get_<value>] was used to populate the object, check to make sure this command returns at least one valid object.
WARNING: [Vivado 12-584] No ports matched 'sw[7]'. [C:/Users/Ashley Bjrs/AppData/Roaming/Xilinx/Vivado/DVA494/Lab4/Step4.2/Step4.2.srcs/Basys3_Master.xdc:27]
CRITICAL WARNING: [Common 17-55] 'set_property' expects at least one object. [C:/Users/Ashley Bjrs/AppData/Roaming/Xilinx/Vivado/DVA494/Lab4/Step4.2/Step4.2.srcs/Basys3_Master.xdc:27]
Resolution: If [get_<value>] was used to populate the object, check to make sure this command returns at least one valid object.
WARNING: [Vivado 12-584] No ports matched 'sw[8]'. [C:/Users/Ashley Bjrs/AppData/Roaming/Xilinx/Vivado/DVA494/Lab4/Step4.2/Step4.2.srcs/Basys3_Master.xdc:28]
CRITICAL WARNING: [Common 17-55] 'set_property' expects at least one object. [C:/Users/Ashley Bjrs/AppData/Roaming/Xilinx/Vivado/DVA494/Lab4/Step4.2/Step4.2.srcs/Basys3_Master.xdc:28]
Resolution: If [get_<value>] was used to populate the object, check to make sure this command returns at least one valid object.
WARNING: [Vivado 12-584] No ports matched 'sw[8]'. [C:/Users/Ashley Bjrs/AppData/Roaming/Xilinx/Vivado/DVA494/Lab4/Step4.2/Step4.2.srcs/Basys3_Master.xdc:29]
CRITICAL WARNING: [Common 17-55] 'set_property' expects at least one object. [C:/Users/Ashley Bjrs/AppData/Roaming/Xilinx/Vivado/DVA494/Lab4/Step4.2/Step4.2.srcs/Basys3_Master.xdc:29]
Resolution: If [get_<value>] was used to populate the object, check to make sure this command returns at least one valid object.
WARNING: [Vivado 12-584] No ports matched 'sw[9]'. [C:/Users/Ashley Bjrs/AppData/Roaming/Xilinx/Vivado/DVA494/Lab4/Step4.2/Step4.2.srcs/Basys3_Master.xdc:30]
CRITICAL WARNING: [Common 17-55] 'set_property' expects at least one object. [C:/Users/Ashley Bjrs/AppData/Roaming/Xilinx/Vivado/DVA494/Lab4/Step4.2/Step4.2.srcs/Basys3_Master.xdc:30]
Resolution: If [get_<value>] was used to populate the object, check to make sure this command returns at least one valid object.
WARNING: [Vivado 12-584] No ports matched 'sw[9]'. [C:/Users/Ashley Bjrs/AppData/Roaming/Xilinx/Vivado/DVA494/Lab4/Step4.2/Step4.2.srcs/Basys3_Master.xdc:31]
CRITICAL WARNING: [Common 17-55] 'set_property' expects at least one object. [C:/Users/Ashley Bjrs/AppData/Roaming/Xilinx/Vivado/DVA494/Lab4/Step4.2/Step4.2.srcs/Basys3_Master.xdc:31]
Resolution: If [get_<value>] was used to populate the object, check to make sure this command returns at least one valid object.
WARNING: [Vivado 12-584] No ports matched 'sw[10]'. [C:/Users/Ashley Bjrs/AppData/Roaming/Xilinx/Vivado/DVA494/Lab4/Step4.2/Step4.2.srcs/Basys3_Master.xdc:32]
CRITICAL WARNING: [Common 17-55] 'set_property' expects at least one object. [C:/Users/Ashley Bjrs/AppData/Roaming/Xilinx/Vivado/DVA494/Lab4/Step4.2/Step4.2.srcs/Basys3_Master.xdc:32]
Resolution: If [get_<value>] was used to populate the object, check to make sure this command returns at least one valid object.
WARNING: [Vivado 12-584] No ports matched 'sw[10]'. [C:/Users/Ashley Bjrs/AppData/Roaming/Xilinx/Vivado/DVA494/Lab4/Step4.2/Step4.2.srcs/Basys3_Master.xdc:33]
CRITICAL WARNING: [Common 17-55] 'set_property' expects at least one object. [C:/Users/Ashley Bjrs/AppData/Roaming/Xilinx/Vivado/DVA494/Lab4/Step4.2/Step4.2.srcs/Basys3_Master.xdc:33]
Resolution: If [get_<value>] was used to populate the object, check to make sure this command returns at least one valid object.
WARNING: [Vivado 12-584] No ports matched 'sw[11]'. [C:/Users/Ashley Bjrs/AppData/Roaming/Xilinx/Vivado/DVA494/Lab4/Step4.2/Step4.2.srcs/Basys3_Master.xdc:34]
CRITICAL WARNING: [Common 17-55] 'set_property' expects at least one object. [C:/Users/Ashley Bjrs/AppData/Roaming/Xilinx/Vivado/DVA494/Lab4/Step4.2/Step4.2.srcs/Basys3_Master.xdc:34]
Resolution: If [get_<value>] was used to populate the object, check to make sure this command returns at least one valid object.
WARNING: [Vivado 12-584] No ports matched 'sw[11]'. [C:/Users/Ashley Bjrs/AppData/Roaming/Xilinx/Vivado/DVA494/Lab4/Step4.2/Step4.2.srcs/Basys3_Master.xdc:35]
CRITICAL WARNING: [Common 17-55] 'set_property' expects at least one object. [C:/Users/Ashley Bjrs/AppData/Roaming/Xilinx/Vivado/DVA494/Lab4/Step4.2/Step4.2.srcs/Basys3_Master.xdc:35]
Resolution: If [get_<value>] was used to populate the object, check to make sure this command returns at least one valid object.
WARNING: [Vivado 12-584] No ports matched 'sw[12]'. [C:/Users/Ashley Bjrs/AppData/Roaming/Xilinx/Vivado/DVA494/Lab4/Step4.2/Step4.2.srcs/Basys3_Master.xdc:36]
CRITICAL WARNING: [Common 17-55] 'set_property' expects at least one object. [C:/Users/Ashley Bjrs/AppData/Roaming/Xilinx/Vivado/DVA494/Lab4/Step4.2/Step4.2.srcs/Basys3_Master.xdc:36]
Resolution: If [get_<value>] was used to populate the object, check to make sure this command returns at least one valid object.
WARNING: [Vivado 12-584] No ports matched 'sw[12]'. [C:/Users/Ashley Bjrs/AppData/Roaming/Xilinx/Vivado/DVA494/Lab4/Step4.2/Step4.2.srcs/Basys3_Master.xdc:37]
CRITICAL WARNING: [Common 17-55] 'set_property' expects at least one object. [C:/Users/Ashley Bjrs/AppData/Roaming/Xilinx/Vivado/DVA494/Lab4/Step4.2/Step4.2.srcs/Basys3_Master.xdc:37]
Resolution: If [get_<value>] was used to populate the object, check to make sure this command returns at least one valid object.
WARNING: [Vivado 12-584] No ports matched 'sw[13]'. [C:/Users/Ashley Bjrs/AppData/Roaming/Xilinx/Vivado/DVA494/Lab4/Step4.2/Step4.2.srcs/Basys3_Master.xdc:38]
CRITICAL WARNING: [Common 17-55] 'set_property' expects at least one object. [C:/Users/Ashley Bjrs/AppData/Roaming/Xilinx/Vivado/DVA494/Lab4/Step4.2/Step4.2.srcs/Basys3_Master.xdc:38]
Resolution: If [get_<value>] was used to populate the object, check to make sure this command returns at least one valid object.
WARNING: [Vivado 12-584] No ports matched 'sw[13]'. [C:/Users/Ashley Bjrs/AppData/Roaming/Xilinx/Vivado/DVA494/Lab4/Step4.2/Step4.2.srcs/Basys3_Master.xdc:39]
CRITICAL WARNING: [Common 17-55] 'set_property' expects at least one object. [C:/Users/Ashley Bjrs/AppData/Roaming/Xilinx/Vivado/DVA494/Lab4/Step4.2/Step4.2.srcs/Basys3_Master.xdc:39]
Resolution: If [get_<value>] was used to populate the object, check to make sure this command returns at least one valid object.
WARNING: [Vivado 12-584] No ports matched 'sw[14]'. [C:/Users/Ashley Bjrs/AppData/Roaming/Xilinx/Vivado/DVA494/Lab4/Step4.2/Step4.2.srcs/Basys3_Master.xdc:40]
CRITICAL WARNING: [Common 17-55] 'set_property' expects at least one object. [C:/Users/Ashley Bjrs/AppData/Roaming/Xilinx/Vivado/DVA494/Lab4/Step4.2/Step4.2.srcs/Basys3_Master.xdc:40]
Resolution: If [get_<value>] was used to populate the object, check to make sure this command returns at least one valid object.
WARNING: [Vivado 12-584] No ports matched 'sw[14]'. [C:/Users/Ashley Bjrs/AppData/Roaming/Xilinx/Vivado/DVA494/Lab4/Step4.2/Step4.2.srcs/Basys3_Master.xdc:41]
CRITICAL WARNING: [Common 17-55] 'set_property' expects at least one object. [C:/Users/Ashley Bjrs/AppData/Roaming/Xilinx/Vivado/DVA494/Lab4/Step4.2/Step4.2.srcs/Basys3_Master.xdc:41]
Resolution: If [get_<value>] was used to populate the object, check to make sure this command returns at least one valid object.
WARNING: [Vivado 12-584] No ports matched 'sw[15]'. [C:/Users/Ashley Bjrs/AppData/Roaming/Xilinx/Vivado/DVA494/Lab4/Step4.2/Step4.2.srcs/Basys3_Master.xdc:42]
CRITICAL WARNING: [Common 17-55] 'set_property' expects at least one object. [C:/Users/Ashley Bjrs/AppData/Roaming/Xilinx/Vivado/DVA494/Lab4/Step4.2/Step4.2.srcs/Basys3_Master.xdc:42]
Resolution: If [get_<value>] was used to populate the object, check to make sure this command returns at least one valid object.
WARNING: [Vivado 12-584] No ports matched 'sw[15]'. [C:/Users/Ashley Bjrs/AppData/Roaming/Xilinx/Vivado/DVA494/Lab4/Step4.2/Step4.2.srcs/Basys3_Master.xdc:43]
CRITICAL WARNING: [Common 17-55] 'set_property' expects at least one object. [C:/Users/Ashley Bjrs/AppData/Roaming/Xilinx/Vivado/DVA494/Lab4/Step4.2/Step4.2.srcs/Basys3_Master.xdc:43]
Resolution: If [get_<value>] was used to populate the object, check to make sure this command returns at least one valid object.
Finished Parsing XDC File [C:/Users/Ashley Bjrs/AppData/Roaming/Xilinx/Vivado/DVA494/Lab4/Step4.2/Step4.2.srcs/Basys3_Master.xdc]
INFO: [Opt 31-138] Pushed 0 inverter(s) to 0 load pin(s).
CRITICAL WARNING: [Project 1-486] Could not resolve non-primitive black box cell 'bcd_to_7seg_decoder' instantiated as 'inst_seg7/i_bcd_to_7seg' [C:/Users/Ashley Bjrs/AppData/Roaming/Xilinx/Vivado/DVA494/Lab4/Step4.2/Step4.2.srcs/sources_1/new/seg7_ctler.vhd:102]
Netlist sorting complete. Time (s): cpu = 00:00:00 ; elapsed = 00:00:00 . Memory (MB): peak = 993.340 ; gain = 0.000
INFO: [Project 1-111] Unisim Transformation Summary:
No Unisim elements were transformed.

Det g†r inte att hitta s”kv„gen.
7 Infos, 32 Warnings, 33 Critical Warnings and 0 Errors encountered.
link_design completed successfully
Command: opt_design
Attempting to get a license for feature 'Implementation' and/or device 'xc7a35t'
INFO: [Common 17-349] Got license for feature 'Implementation' and/or device 'xc7a35t'
Running DRC as a precondition to command opt_design

Starting DRC Task
INFO: [DRC 23-27] Running DRC with 2 threads
ERROR: [DRC INBB-3] Black Box Instances: Cell 'inst_seg7/i_bcd_to_7seg' of type 'bcd_to_7seg_decoder' has undefined contents and is considered a black box.  The contents of this cell must be defined for opt_design to complete successfully.
INFO: [Project 1-461] DRC finished with 1 Errors
INFO: [Project 1-462] Please refer to the DRC report (report_drc) for more information.
ERROR: [Vivado_Tcl 4-78] Error(s) found during DRC. Opt_design not run.

Time (s): cpu = 00:00:01 ; elapsed = 00:00:00.832 . Memory (MB): peak = 1016.285 ; gain = 18.934
INFO: [Common 17-83] Releasing license: Implementation
12 Infos, 32 Warnings, 33 Critical Warnings and 2 Errors encountered.
opt_design failed
ERROR: [Common 17-39] 'opt_design' failed due to earlier errors.

INFO: [Common 17-206] Exiting Vivado at Thu Feb 22 13:48:37 2024...
