
*** Running vivado
    with args -log wrapper_timer_7seg.vds -m64 -product Vivado -mode batch -messageDb vivado.pb -notrace -source wrapper_timer_7seg.tcl


ECHO is off.
ECHO is off.

****** Vivado v2023.2 (64-bit)
  **** SW Build 4029153 on Fri Oct 13 20:14:34 MDT 2023
  **** IP Build 4028589 on Sat Oct 14 00:45:43 MDT 2023
  **** SharedData Build 4025554 on Tue Oct 10 17:18:54 MDT 2023
    ** Copyright 1986-2022 Xilinx, Inc. All Rights Reserved.
    ** Copyright 2022-2023 Advanced Micro Devices, Inc. All Rights Reserved.

source wrapper_timer_7seg.tcl -notrace
create_project: Time (s): cpu = 00:00:03 ; elapsed = 00:00:05 . Memory (MB): peak = 456.098 ; gain = 185.020
Command: read_checkpoint -auto_incremental -incremental {C:/Universitet/3. Reliable System/DVA494/Lab4/Step4/Step_4.srcs/utils_1/imports/synth_1/tb_wrapper_timer_7seg.dcp}
INFO: [Vivado 12-5825] Read reference checkpoint from C:/Universitet/3. Reliable System/DVA494/Lab4/Step4/Step_4.srcs/utils_1/imports/synth_1/tb_wrapper_timer_7seg.dcp for incremental synthesis
INFO: [Vivado 12-7989] Please ensure there are no constraint changes
Command: synth_design -top wrapper_timer_7seg -part xc7a35tcpg236-1
Starting synth_design
Attempting to get a license for feature 'Synthesis' and/or device 'xc7a35t'
INFO: [Common 17-349] Got license for feature 'Synthesis' and/or device 'xc7a35t'
INFO: [Device 21-403] Loading part xc7a35tcpg236-1
INFO: [Designutils 20-5440] No compile time benefit to using incremental synthesis; A full resynthesis will be run
INFO: [Designutils 20-4379] Flow is switching to default flow due to incremental criteria not met. If you would like to alter this behaviour and have the flow terminate instead, please set the following parameter config_implementation {autoIncr.Synth.RejectBehavior Terminate}
INFO: [Synth 8-7079] Multithreading enabled for synth_design using a maximum of 2 processes.
INFO: [Synth 8-7078] Launching helper process for spawning children vivado processes
INFO: [Synth 8-7075] Helper process launched with PID 20708
---------------------------------------------------------------------------------
Starting RTL Elaboration : Time (s): cpu = 00:00:03 ; elapsed = 00:00:04 . Memory (MB): peak = 1291.363 ; gain = 441.078
---------------------------------------------------------------------------------
INFO: [Synth 8-638] synthesizing module 'wrapper_timer_7seg' [C:/Universitet/3. Reliable System/DVA494/Lab4/Step4/Step_4.srcs/sources_1/new/step4.vhd:151]
	Parameter sec_delay bound to: 1000000 - type: integer 
INFO: [Synth 8-3491] module 'timer' declared at 'C:/Universitet/3. Reliable System/DVA494/Lab4/Step4/Step_4.srcs/sources_1/new/step4.vhd:93' bound to instance 'inst_timer' of component 'timer' [C:/Universitet/3. Reliable System/DVA494/Lab4/Step4/Step_4.srcs/sources_1/new/step4.vhd:181]
INFO: [Synth 8-638] synthesizing module 'timer' [C:/Universitet/3. Reliable System/DVA494/Lab4/Step4/Step_4.srcs/sources_1/new/step4.vhd:102]
	Parameter sec_delay bound to: 1000000 - type: integer 
	Parameter scaler bound to: 1000000 - type: integer 
	Parameter resetval bound to: 9 - type: integer 
INFO: [Synth 8-3491] module 'seconds_counter' declared at 'C:/Universitet/3. Reliable System/DVA494/Lab4/Step4/Step_4.srcs/sources_1/new/step4.vhd:6' bound to instance 'sec_ones' of component 'seconds_counter' [C:/Universitet/3. Reliable System/DVA494/Lab4/Step4/Step_4.srcs/sources_1/new/step4.vhd:128]
INFO: [Synth 8-638] synthesizing module 'seconds_counter' [C:/Universitet/3. Reliable System/DVA494/Lab4/Step4/Step_4.srcs/sources_1/new/step4.vhd:14]
	Parameter scaler bound to: 1000000 - type: integer 
	Parameter resetval bound to: 9 - type: integer 
INFO: [Synth 8-256] done synthesizing module 'seconds_counter' (0#1) [C:/Universitet/3. Reliable System/DVA494/Lab4/Step4/Step_4.srcs/sources_1/new/step4.vhd:14]
	Parameter scaler bound to: 9000000 - type: integer 
	Parameter resetval bound to: 5 - type: integer 
INFO: [Synth 8-3491] module 'seconds_counter' declared at 'C:/Universitet/3. Reliable System/DVA494/Lab4/Step4/Step_4.srcs/sources_1/new/step4.vhd:6' bound to instance 'sec_tens' of component 'seconds_counter' [C:/Universitet/3. Reliable System/DVA494/Lab4/Step4/Step_4.srcs/sources_1/new/step4.vhd:129]
INFO: [Synth 8-638] synthesizing module 'seconds_counter__parameterized1' [C:/Universitet/3. Reliable System/DVA494/Lab4/Step4/Step_4.srcs/sources_1/new/step4.vhd:14]
	Parameter scaler bound to: 9000000 - type: integer 
	Parameter resetval bound to: 5 - type: integer 
INFO: [Synth 8-256] done synthesizing module 'seconds_counter__parameterized1' (0#1) [C:/Universitet/3. Reliable System/DVA494/Lab4/Step4/Step_4.srcs/sources_1/new/step4.vhd:14]
	Parameter scaler bound to: 59000000 - type: integer 
	Parameter resetval bound to: 9 - type: integer 
INFO: [Synth 8-3491] module 'seconds_counter' declared at 'C:/Universitet/3. Reliable System/DVA494/Lab4/Step4/Step_4.srcs/sources_1/new/step4.vhd:6' bound to instance 'min_ones' of component 'seconds_counter' [C:/Universitet/3. Reliable System/DVA494/Lab4/Step4/Step_4.srcs/sources_1/new/step4.vhd:130]
INFO: [Synth 8-638] synthesizing module 'seconds_counter__parameterized3' [C:/Universitet/3. Reliable System/DVA494/Lab4/Step4/Step_4.srcs/sources_1/new/step4.vhd:14]
	Parameter scaler bound to: 59000000 - type: integer 
	Parameter resetval bound to: 9 - type: integer 
INFO: [Synth 8-256] done synthesizing module 'seconds_counter__parameterized3' (0#1) [C:/Universitet/3. Reliable System/DVA494/Lab4/Step4/Step_4.srcs/sources_1/new/step4.vhd:14]
	Parameter scaler bound to: 599000000 - type: integer 
	Parameter resetval bound to: 5 - type: integer 
INFO: [Synth 8-3491] module 'seconds_counter' declared at 'C:/Universitet/3. Reliable System/DVA494/Lab4/Step4/Step_4.srcs/sources_1/new/step4.vhd:6' bound to instance 'min_tens' of component 'seconds_counter' [C:/Universitet/3. Reliable System/DVA494/Lab4/Step4/Step_4.srcs/sources_1/new/step4.vhd:131]
INFO: [Synth 8-638] synthesizing module 'seconds_counter__parameterized5' [C:/Universitet/3. Reliable System/DVA494/Lab4/Step4/Step_4.srcs/sources_1/new/step4.vhd:14]
	Parameter scaler bound to: 599000000 - type: integer 
	Parameter resetval bound to: 5 - type: integer 
INFO: [Synth 8-256] done synthesizing module 'seconds_counter__parameterized5' (0#1) [C:/Universitet/3. Reliable System/DVA494/Lab4/Step4/Step_4.srcs/sources_1/new/step4.vhd:14]
INFO: [Synth 8-256] done synthesizing module 'timer' (0#1) [C:/Universitet/3. Reliable System/DVA494/Lab4/Step4/Step_4.srcs/sources_1/new/step4.vhd:102]
	Parameter G_REFRESH_SCALE_FACTOR bound to: 10000 - type: integer 
INFO: [Synth 8-3491] module 'seg7_ctler' declared at 'C:/Universitet/3. Reliable System/DVA494/Lab4/SevenSegment/seg7_ctler.vhd:14' bound to instance 'inst_seg7' of component 'seg7_ctler' [C:/Universitet/3. Reliable System/DVA494/Lab4/Step4/Step_4.srcs/sources_1/new/step4.vhd:183]
INFO: [Synth 8-638] synthesizing module 'seg7_ctler' [C:/Universitet/3. Reliable System/DVA494/Lab4/SevenSegment/seg7_ctler.vhd:25]
	Parameter G_REFRESH_SCALE_FACTOR bound to: 10000 - type: integer 
INFO: [Synth 8-226] default block is never used [C:/Universitet/3. Reliable System/DVA494/Lab4/SevenSegment/seg7_ctler.vhd:77]
WARNING: [Synth 8-614] signal 'switch16_i' is read in the process but is not in the sensitivity list [C:/Universitet/3. Reliable System/DVA494/Lab4/SevenSegment/seg7_ctler.vhd:75]
INFO: [Synth 8-3491] module 'bcd_to_7seg_decoder' declared at 'C:/Universitet/3. Reliable System/DVA494/Lab4/SevenSegment/bcd_to_7seg_decoder.vhd:11' bound to instance 'i_bcd_to_7seg' of component 'bcd_to_7seg_decoder' [C:/Universitet/3. Reliable System/DVA494/Lab4/SevenSegment/seg7_ctler.vhd:102]
INFO: [Synth 8-638] synthesizing module 'bcd_to_7seg_decoder' [C:/Universitet/3. Reliable System/DVA494/Lab4/SevenSegment/bcd_to_7seg_decoder.vhd:17]
INFO: [Synth 8-226] default block is never used [C:/Universitet/3. Reliable System/DVA494/Lab4/SevenSegment/bcd_to_7seg_decoder.vhd:23]
INFO: [Synth 8-256] done synthesizing module 'bcd_to_7seg_decoder' (0#1) [C:/Universitet/3. Reliable System/DVA494/Lab4/SevenSegment/bcd_to_7seg_decoder.vhd:17]
INFO: [Synth 8-256] done synthesizing module 'seg7_ctler' (0#1) [C:/Universitet/3. Reliable System/DVA494/Lab4/SevenSegment/seg7_ctler.vhd:25]
WARNING: [Synth 8-614] signal 's_counter' is read in the process but is not in the sensitivity list [C:/Universitet/3. Reliable System/DVA494/Lab4/Step4/Step_4.srcs/sources_1/new/step4.vhd:186]
INFO: [Synth 8-256] done synthesizing module 'wrapper_timer_7seg' (0#1) [C:/Universitet/3. Reliable System/DVA494/Lab4/Step4/Step_4.srcs/sources_1/new/step4.vhd:151]
WARNING: [Synth 8-7129] Port en_i in module seconds_counter__parameterized5 is either unconnected or has no load
WARNING: [Synth 8-7129] Port en_i in module seconds_counter__parameterized3 is either unconnected or has no load
WARNING: [Synth 8-7129] Port en_i in module seconds_counter__parameterized1 is either unconnected or has no load
WARNING: [Synth 8-7129] Port en_i in module seconds_counter is either unconnected or has no load
---------------------------------------------------------------------------------
Finished RTL Elaboration : Time (s): cpu = 00:00:04 ; elapsed = 00:00:06 . Memory (MB): peak = 1399.094 ; gain = 548.809
---------------------------------------------------------------------------------
---------------------------------------------------------------------------------
Start Handling Custom Attributes
---------------------------------------------------------------------------------
---------------------------------------------------------------------------------
Finished Handling Custom Attributes : Time (s): cpu = 00:00:04 ; elapsed = 00:00:06 . Memory (MB): peak = 1399.094 ; gain = 548.809
---------------------------------------------------------------------------------
---------------------------------------------------------------------------------
Finished RTL Optimization Phase 1 : Time (s): cpu = 00:00:04 ; elapsed = 00:00:06 . Memory (MB): peak = 1399.094 ; gain = 548.809
---------------------------------------------------------------------------------
Netlist sorting complete. Time (s): cpu = 00:00:00 ; elapsed = 00:00:00.003 . Memory (MB): peak = 1399.094 ; gain = 0.000
INFO: [Project 1-570] Preparing netlist for logic optimization

Processing XDC Constraints
Initializing timing engine
Parsing XDC File [C:/Universitet/3. Reliable System/DVA494/Lab4/Step4/Basys3_Master.xdc]
WARNING: [Vivado 12-584] No ports matched 'sw[0]'. [C:/Universitet/3. Reliable System/DVA494/Lab4/Step4/Basys3_Master.xdc:12]
CRITICAL WARNING: [Common 17-55] 'set_property' expects at least one object. [C:/Universitet/3. Reliable System/DVA494/Lab4/Step4/Basys3_Master.xdc:12]
Resolution: If [get_<value>] was used to populate the object, check to make sure this command returns at least one valid object.
WARNING: [Vivado 12-584] No ports matched 'sw[0]'. [C:/Universitet/3. Reliable System/DVA494/Lab4/Step4/Basys3_Master.xdc:13]
CRITICAL WARNING: [Common 17-55] 'set_property' expects at least one object. [C:/Universitet/3. Reliable System/DVA494/Lab4/Step4/Basys3_Master.xdc:13]
Resolution: If [get_<value>] was used to populate the object, check to make sure this command returns at least one valid object.
WARNING: [Vivado 12-584] No ports matched 'sw[1]'. [C:/Universitet/3. Reliable System/DVA494/Lab4/Step4/Basys3_Master.xdc:14]
CRITICAL WARNING: [Common 17-55] 'set_property' expects at least one object. [C:/Universitet/3. Reliable System/DVA494/Lab4/Step4/Basys3_Master.xdc:14]
Resolution: If [get_<value>] was used to populate the object, check to make sure this command returns at least one valid object.
WARNING: [Vivado 12-584] No ports matched 'sw[1]'. [C:/Universitet/3. Reliable System/DVA494/Lab4/Step4/Basys3_Master.xdc:15]
CRITICAL WARNING: [Common 17-55] 'set_property' expects at least one object. [C:/Universitet/3. Reliable System/DVA494/Lab4/Step4/Basys3_Master.xdc:15]
Resolution: If [get_<value>] was used to populate the object, check to make sure this command returns at least one valid object.
WARNING: [Vivado 12-584] No ports matched 'sw[2]'. [C:/Universitet/3. Reliable System/DVA494/Lab4/Step4/Basys3_Master.xdc:16]
CRITICAL WARNING: [Common 17-55] 'set_property' expects at least one object. [C:/Universitet/3. Reliable System/DVA494/Lab4/Step4/Basys3_Master.xdc:16]
Resolution: If [get_<value>] was used to populate the object, check to make sure this command returns at least one valid object.
WARNING: [Vivado 12-584] No ports matched 'sw[2]'. [C:/Universitet/3. Reliable System/DVA494/Lab4/Step4/Basys3_Master.xdc:17]
CRITICAL WARNING: [Common 17-55] 'set_property' expects at least one object. [C:/Universitet/3. Reliable System/DVA494/Lab4/Step4/Basys3_Master.xdc:17]
Resolution: If [get_<value>] was used to populate the object, check to make sure this command returns at least one valid object.
WARNING: [Vivado 12-584] No ports matched 'sw[3]'. [C:/Universitet/3. Reliable System/DVA494/Lab4/Step4/Basys3_Master.xdc:18]
CRITICAL WARNING: [Common 17-55] 'set_property' expects at least one object. [C:/Universitet/3. Reliable System/DVA494/Lab4/Step4/Basys3_Master.xdc:18]
Resolution: If [get_<value>] was used to populate the object, check to make sure this command returns at least one valid object.
WARNING: [Vivado 12-584] No ports matched 'sw[3]'. [C:/Universitet/3. Reliable System/DVA494/Lab4/Step4/Basys3_Master.xdc:19]
CRITICAL WARNING: [Common 17-55] 'set_property' expects at least one object. [C:/Universitet/3. Reliable System/DVA494/Lab4/Step4/Basys3_Master.xdc:19]
Resolution: If [get_<value>] was used to populate the object, check to make sure this command returns at least one valid object.
WARNING: [Vivado 12-584] No ports matched 'sw[4]'. [C:/Universitet/3. Reliable System/DVA494/Lab4/Step4/Basys3_Master.xdc:20]
CRITICAL WARNING: [Common 17-55] 'set_property' expects at least one object. [C:/Universitet/3. Reliable System/DVA494/Lab4/Step4/Basys3_Master.xdc:20]
Resolution: If [get_<value>] was used to populate the object, check to make sure this command returns at least one valid object.
WARNING: [Vivado 12-584] No ports matched 'sw[4]'. [C:/Universitet/3. Reliable System/DVA494/Lab4/Step4/Basys3_Master.xdc:21]
CRITICAL WARNING: [Common 17-55] 'set_property' expects at least one object. [C:/Universitet/3. Reliable System/DVA494/Lab4/Step4/Basys3_Master.xdc:21]
Resolution: If [get_<value>] was used to populate the object, check to make sure this command returns at least one valid object.
WARNING: [Vivado 12-584] No ports matched 'sw[5]'. [C:/Universitet/3. Reliable System/DVA494/Lab4/Step4/Basys3_Master.xdc:22]
CRITICAL WARNING: [Common 17-55] 'set_property' expects at least one object. [C:/Universitet/3. Reliable System/DVA494/Lab4/Step4/Basys3_Master.xdc:22]
Resolution: If [get_<value>] was used to populate the object, check to make sure this command returns at least one valid object.
WARNING: [Vivado 12-584] No ports matched 'sw[5]'. [C:/Universitet/3. Reliable System/DVA494/Lab4/Step4/Basys3_Master.xdc:23]
CRITICAL WARNING: [Common 17-55] 'set_property' expects at least one object. [C:/Universitet/3. Reliable System/DVA494/Lab4/Step4/Basys3_Master.xdc:23]
Resolution: If [get_<value>] was used to populate the object, check to make sure this command returns at least one valid object.
WARNING: [Vivado 12-584] No ports matched 'sw[6]'. [C:/Universitet/3. Reliable System/DVA494/Lab4/Step4/Basys3_Master.xdc:24]
CRITICAL WARNING: [Common 17-55] 'set_property' expects at least one object. [C:/Universitet/3. Reliable System/DVA494/Lab4/Step4/Basys3_Master.xdc:24]
Resolution: If [get_<value>] was used to populate the object, check to make sure this command returns at least one valid object.
WARNING: [Vivado 12-584] No ports matched 'sw[6]'. [C:/Universitet/3. Reliable System/DVA494/Lab4/Step4/Basys3_Master.xdc:25]
CRITICAL WARNING: [Common 17-55] 'set_property' expects at least one object. [C:/Universitet/3. Reliable System/DVA494/Lab4/Step4/Basys3_Master.xdc:25]
Resolution: If [get_<value>] was used to populate the object, check to make sure this command returns at least one valid object.
WARNING: [Vivado 12-584] No ports matched 'sw[7]'. [C:/Universitet/3. Reliable System/DVA494/Lab4/Step4/Basys3_Master.xdc:26]
CRITICAL WARNING: [Common 17-55] 'set_property' expects at least one object. [C:/Universitet/3. Reliable System/DVA494/Lab4/Step4/Basys3_Master.xdc:26]
Resolution: If [get_<value>] was used to populate the object, check to make sure this command returns at least one valid object.
WARNING: [Vivado 12-584] No ports matched 'sw[7]'. [C:/Universitet/3. Reliable System/DVA494/Lab4/Step4/Basys3_Master.xdc:27]
CRITICAL WARNING: [Common 17-55] 'set_property' expects at least one object. [C:/Universitet/3. Reliable System/DVA494/Lab4/Step4/Basys3_Master.xdc:27]
Resolution: If [get_<value>] was used to populate the object, check to make sure this command returns at least one valid object.
WARNING: [Vivado 12-584] No ports matched 'sw[8]'. [C:/Universitet/3. Reliable System/DVA494/Lab4/Step4/Basys3_Master.xdc:28]
CRITICAL WARNING: [Common 17-55] 'set_property' expects at least one object. [C:/Universitet/3. Reliable System/DVA494/Lab4/Step4/Basys3_Master.xdc:28]
Resolution: If [get_<value>] was used to populate the object, check to make sure this command returns at least one valid object.
WARNING: [Vivado 12-584] No ports matched 'sw[8]'. [C:/Universitet/3. Reliable System/DVA494/Lab4/Step4/Basys3_Master.xdc:29]
CRITICAL WARNING: [Common 17-55] 'set_property' expects at least one object. [C:/Universitet/3. Reliable System/DVA494/Lab4/Step4/Basys3_Master.xdc:29]
Resolution: If [get_<value>] was used to populate the object, check to make sure this command returns at least one valid object.
WARNING: [Vivado 12-584] No ports matched 'sw[9]'. [C:/Universitet/3. Reliable System/DVA494/Lab4/Step4/Basys3_Master.xdc:30]
CRITICAL WARNING: [Common 17-55] 'set_property' expects at least one object. [C:/Universitet/3. Reliable System/DVA494/Lab4/Step4/Basys3_Master.xdc:30]
Resolution: If [get_<value>] was used to populate the object, check to make sure this command returns at least one valid object.
WARNING: [Vivado 12-584] No ports matched 'sw[9]'. [C:/Universitet/3. Reliable System/DVA494/Lab4/Step4/Basys3_Master.xdc:31]
CRITICAL WARNING: [Common 17-55] 'set_property' expects at least one object. [C:/Universitet/3. Reliable System/DVA494/Lab4/Step4/Basys3_Master.xdc:31]
Resolution: If [get_<value>] was used to populate the object, check to make sure this command returns at least one valid object.
WARNING: [Vivado 12-584] No ports matched 'sw[10]'. [C:/Universitet/3. Reliable System/DVA494/Lab4/Step4/Basys3_Master.xdc:32]
CRITICAL WARNING: [Common 17-55] 'set_property' expects at least one object. [C:/Universitet/3. Reliable System/DVA494/Lab4/Step4/Basys3_Master.xdc:32]
Resolution: If [get_<value>] was used to populate the object, check to make sure this command returns at least one valid object.
WARNING: [Vivado 12-584] No ports matched 'sw[10]'. [C:/Universitet/3. Reliable System/DVA494/Lab4/Step4/Basys3_Master.xdc:33]
CRITICAL WARNING: [Common 17-55] 'set_property' expects at least one object. [C:/Universitet/3. Reliable System/DVA494/Lab4/Step4/Basys3_Master.xdc:33]
Resolution: If [get_<value>] was used to populate the object, check to make sure this command returns at least one valid object.
WARNING: [Vivado 12-584] No ports matched 'sw[11]'. [C:/Universitet/3. Reliable System/DVA494/Lab4/Step4/Basys3_Master.xdc:34]
CRITICAL WARNING: [Common 17-55] 'set_property' expects at least one object. [C:/Universitet/3. Reliable System/DVA494/Lab4/Step4/Basys3_Master.xdc:34]
Resolution: If [get_<value>] was used to populate the object, check to make sure this command returns at least one valid object.
WARNING: [Vivado 12-584] No ports matched 'sw[11]'. [C:/Universitet/3. Reliable System/DVA494/Lab4/Step4/Basys3_Master.xdc:35]
CRITICAL WARNING: [Common 17-55] 'set_property' expects at least one object. [C:/Universitet/3. Reliable System/DVA494/Lab4/Step4/Basys3_Master.xdc:35]
Resolution: If [get_<value>] was used to populate the object, check to make sure this command returns at least one valid object.
WARNING: [Vivado 12-584] No ports matched 'sw[12]'. [C:/Universitet/3. Reliable System/DVA494/Lab4/Step4/Basys3_Master.xdc:36]
CRITICAL WARNING: [Common 17-55] 'set_property' expects at least one object. [C:/Universitet/3. Reliable System/DVA494/Lab4/Step4/Basys3_Master.xdc:36]
Resolution: If [get_<value>] was used to populate the object, check to make sure this command returns at least one valid object.
WARNING: [Vivado 12-584] No ports matched 'sw[12]'. [C:/Universitet/3. Reliable System/DVA494/Lab4/Step4/Basys3_Master.xdc:37]
CRITICAL WARNING: [Common 17-55] 'set_property' expects at least one object. [C:/Universitet/3. Reliable System/DVA494/Lab4/Step4/Basys3_Master.xdc:37]
Resolution: If [get_<value>] was used to populate the object, check to make sure this command returns at least one valid object.
WARNING: [Vivado 12-584] No ports matched 'sw[13]'. [C:/Universitet/3. Reliable System/DVA494/Lab4/Step4/Basys3_Master.xdc:38]
CRITICAL WARNING: [Common 17-55] 'set_property' expects at least one object. [C:/Universitet/3. Reliable System/DVA494/Lab4/Step4/Basys3_Master.xdc:38]
Resolution: If [get_<value>] was used to populate the object, check to make sure this command returns at least one valid object.
WARNING: [Vivado 12-584] No ports matched 'sw[13]'. [C:/Universitet/3. Reliable System/DVA494/Lab4/Step4/Basys3_Master.xdc:39]
CRITICAL WARNING: [Common 17-55] 'set_property' expects at least one object. [C:/Universitet/3. Reliable System/DVA494/Lab4/Step4/Basys3_Master.xdc:39]
Resolution: If [get_<value>] was used to populate the object, check to make sure this command returns at least one valid object.
WARNING: [Vivado 12-584] No ports matched 'sw[14]'. [C:/Universitet/3. Reliable System/DVA494/Lab4/Step4/Basys3_Master.xdc:40]
CRITICAL WARNING: [Common 17-55] 'set_property' expects at least one object. [C:/Universitet/3. Reliable System/DVA494/Lab4/Step4/Basys3_Master.xdc:40]
Resolution: If [get_<value>] was used to populate the object, check to make sure this command returns at least one valid object.
WARNING: [Vivado 12-584] No ports matched 'sw[14]'. [C:/Universitet/3. Reliable System/DVA494/Lab4/Step4/Basys3_Master.xdc:41]
CRITICAL WARNING: [Common 17-55] 'set_property' expects at least one object. [C:/Universitet/3. Reliable System/DVA494/Lab4/Step4/Basys3_Master.xdc:41]
Resolution: If [get_<value>] was used to populate the object, check to make sure this command returns at least one valid object.
WARNING: [Vivado 12-584] No ports matched 'sw[15]'. [C:/Universitet/3. Reliable System/DVA494/Lab4/Step4/Basys3_Master.xdc:42]
CRITICAL WARNING: [Common 17-55] 'set_property' expects at least one object. [C:/Universitet/3. Reliable System/DVA494/Lab4/Step4/Basys3_Master.xdc:42]
Resolution: If [get_<value>] was used to populate the object, check to make sure this command returns at least one valid object.
WARNING: [Vivado 12-584] No ports matched 'sw[15]'. [C:/Universitet/3. Reliable System/DVA494/Lab4/Step4/Basys3_Master.xdc:43]
CRITICAL WARNING: [Common 17-55] 'set_property' expects at least one object. [C:/Universitet/3. Reliable System/DVA494/Lab4/Step4/Basys3_Master.xdc:43]
Resolution: If [get_<value>] was used to populate the object, check to make sure this command returns at least one valid object.
Finished Parsing XDC File [C:/Universitet/3. Reliable System/DVA494/Lab4/Step4/Basys3_Master.xdc]
INFO: [Project 1-236] Implementation specific constraints were found while reading constraint file [C:/Universitet/3. Reliable System/DVA494/Lab4/Step4/Basys3_Master.xdc]. These constraints will be ignored for synthesis but will be used in implementation. Impacted constraints are listed in the file [.Xil/wrapper_timer_7seg_propImpl.xdc].
Resolution: To avoid this warning, move constraints listed in [.Xil/wrapper_timer_7seg_propImpl.xdc] to another XDC file and exclude this new file from synthesis with the used_in_synthesis property (File Properties dialog in GUI) and re-run elaboration/synthesis.
Completed Processing XDC Constraints

Netlist sorting complete. Time (s): cpu = 00:00:00 ; elapsed = 00:00:00 . Memory (MB): peak = 1437.688 ; gain = 0.000
INFO: [Project 1-111] Unisim Transformation Summary:
No Unisim elements were transformed.

ètkomst nekad.
Constraint Validation Runtime : Time (s): cpu = 00:00:00 ; elapsed = 00:00:00.003 . Memory (MB): peak = 1437.688 ; gain = 0.000
INFO: [Designutils 20-5440] No compile time benefit to using incremental synthesis; A full resynthesis will be run
INFO: [Designutils 20-4379] Flow is switching to default flow due to incremental criteria not met. If you would like to alter this behaviour and have the flow terminate instead, please set the following parameter config_implementation {autoIncr.Synth.RejectBehavior Terminate}
---------------------------------------------------------------------------------
Finished Constraint Validation : Time (s): cpu = 00:00:09 ; elapsed = 00:00:13 . Memory (MB): peak = 1437.688 ; gain = 587.402
---------------------------------------------------------------------------------
---------------------------------------------------------------------------------
Start Loading Part and Timing Information
---------------------------------------------------------------------------------
Loading part: xc7a35tcpg236-1
---------------------------------------------------------------------------------
Finished Loading Part and Timing Information : Time (s): cpu = 00:00:09 ; elapsed = 00:00:13 . Memory (MB): peak = 1437.688 ; gain = 587.402
---------------------------------------------------------------------------------
---------------------------------------------------------------------------------
Start Applying 'set_property' XDC Constraints
---------------------------------------------------------------------------------
---------------------------------------------------------------------------------
Finished applying 'set_property' XDC Constraints : Time (s): cpu = 00:00:09 ; elapsed = 00:00:13 . Memory (MB): peak = 1437.688 ; gain = 587.402
---------------------------------------------------------------------------------
---------------------------------------------------------------------------------
Finished RTL Optimization Phase 2 : Time (s): cpu = 00:00:09 ; elapsed = 00:00:13 . Memory (MB): peak = 1437.688 ; gain = 587.402
---------------------------------------------------------------------------------
---------------------------------------------------------------------------------
Start RTL Component Statistics 
---------------------------------------------------------------------------------
Detailed RTL Component Info : 
+---Adders : 
	   2 Input   32 Bit       Adders := 1     
	   2 Input   26 Bit       Adders := 2     
	   2 Input   24 Bit       Adders := 1     
	   2 Input   20 Bit       Adders := 1     
	   2 Input    4 Bit       Adders := 2     
	   2 Input    3 Bit       Adders := 2     
	   2 Input    2 Bit       Adders := 1     
+---Registers : 
	               32 Bit    Registers := 1     
	               28 Bit    Registers := 4     
	                4 Bit    Registers := 4     
	                2 Bit    Registers := 1     
	                1 Bit    Registers := 1     
+---Muxes : 
	   2 Input   32 Bit        Muxes := 1     
	   2 Input   26 Bit        Muxes := 2     
	   2 Input   24 Bit        Muxes := 1     
	   2 Input   20 Bit        Muxes := 1     
	   2 Input    4 Bit        Muxes := 2     
	   4 Input    4 Bit        Muxes := 2     
	   2 Input    3 Bit        Muxes := 2     
---------------------------------------------------------------------------------
Finished RTL Component Statistics 
---------------------------------------------------------------------------------
---------------------------------------------------------------------------------
Start Part Resource Summary
---------------------------------------------------------------------------------
Part Resources:
DSPs: 90 (col length:60)
BRAMs: 100 (col length: RAMB18 60 RAMB36 30)
---------------------------------------------------------------------------------
Finished Part Resource Summary
---------------------------------------------------------------------------------
---------------------------------------------------------------------------------
Start Cross Boundary and Area Optimization
---------------------------------------------------------------------------------
WARNING: [Synth 8-7080] Parallel synthesis criteria is not met
---------------------------------------------------------------------------------
Finished Cross Boundary and Area Optimization : Time (s): cpu = 00:00:10 ; elapsed = 00:00:15 . Memory (MB): peak = 1437.688 ; gain = 587.402
---------------------------------------------------------------------------------
---------------------------------------------------------------------------------
Start Applying XDC Timing Constraints
---------------------------------------------------------------------------------
---------------------------------------------------------------------------------
Finished Applying XDC Timing Constraints : Time (s): cpu = 00:00:13 ; elapsed = 00:00:19 . Memory (MB): peak = 1437.688 ; gain = 587.402
---------------------------------------------------------------------------------
---------------------------------------------------------------------------------
Start Timing Optimization
---------------------------------------------------------------------------------
---------------------------------------------------------------------------------
Finished Timing Optimization : Time (s): cpu = 00:00:13 ; elapsed = 00:00:19 . Memory (MB): peak = 1437.688 ; gain = 587.402
---------------------------------------------------------------------------------
---------------------------------------------------------------------------------
Start Technology Mapping
---------------------------------------------------------------------------------
---------------------------------------------------------------------------------
Finished Technology Mapping : Time (s): cpu = 00:00:13 ; elapsed = 00:00:19 . Memory (MB): peak = 1437.688 ; gain = 587.402
---------------------------------------------------------------------------------
---------------------------------------------------------------------------------
Start IO Insertion
---------------------------------------------------------------------------------
---------------------------------------------------------------------------------
Start Flattening Before IO Insertion
---------------------------------------------------------------------------------
---------------------------------------------------------------------------------
Finished Flattening Before IO Insertion
---------------------------------------------------------------------------------
---------------------------------------------------------------------------------
Start Final Netlist Cleanup
---------------------------------------------------------------------------------
---------------------------------------------------------------------------------
Finished Final Netlist Cleanup
---------------------------------------------------------------------------------

*** Running vivado
    with args -log wrapper_timer_7seg.vds -m64 -product Vivado -mode batch -messageDb vivado.pb -notrace -source wrapper_timer_7seg.tcl


ECHO is off.
ECHO is off.

****** Vivado v2023.2 (64-bit)
  **** SW Build 4029153 on Fri Oct 13 20:14:34 MDT 2023
  **** IP Build 4028589 on Sat Oct 14 00:45:43 MDT 2023
  **** SharedData Build 4025554 on Tue Oct 10 17:18:54 MDT 2023
    ** Copyright 1986-2022 Xilinx, Inc. All Rights Reserved.
    ** Copyright 2022-2023 Advanced Micro Devices, Inc. All Rights Reserved.

source wrapper_timer_7seg.tcl -notrace
create_project: Time (s): cpu = 00:00:03 ; elapsed = 00:00:05 . Memory (MB): peak = 454.883 ; gain = 183.836
Command: read_checkpoint -auto_incremental -incremental {C:/Universitet/3. Reliable System/DVA494/Lab4/Step4/Step_4.srcs/utils_1/imports/synth_1/tb_wrapper_timer_7seg.dcp}
INFO: [Vivado 12-5825] Read reference checkpoint from C:/Universitet/3. Reliable System/DVA494/Lab4/Step4/Step_4.srcs/utils_1/imports/synth_1/tb_wrapper_timer_7seg.dcp for incremental synthesis
INFO: [Vivado 12-7989] Please ensure there are no constraint changes
Command: synth_design -top wrapper_timer_7seg -part xc7a35tcpg236-1
Starting synth_design
Attempting to get a license for feature 'Synthesis' and/or device 'xc7a35t'
INFO: [Common 17-349] Got license for feature 'Synthesis' and/or device 'xc7a35t'
INFO: [Device 21-403] Loading part xc7a35tcpg236-1
INFO: [Designutils 20-5440] No compile time benefit to using incremental synthesis; A full resynthesis will be run
INFO: [Designutils 20-4379] Flow is switching to default flow due to incremental criteria not met. If you would like to alter this behaviour and have the flow terminate instead, please set the following parameter config_implementation {autoIncr.Synth.RejectBehavior Terminate}
INFO: [Synth 8-7079] Multithreading enabled for synth_design using a maximum of 2 processes.
INFO: [Synth 8-7078] Launching helper process for spawning children vivado processes
INFO: [Synth 8-7075] Helper process launched with PID 3320
---------------------------------------------------------------------------------
Starting RTL Elaboration : Time (s): cpu = 00:00:04 ; elapsed = 00:00:04 . Memory (MB): peak = 1292.715 ; gain = 440.988
---------------------------------------------------------------------------------
INFO: [Synth 8-638] synthesizing module 'wrapper_timer_7seg' [C:/Universitet/3. Reliable System/DVA494/Lab4/Step4/Step_4.srcs/sources_1/new/step4.vhd:151]
	Parameter sec_delay bound to: 1000000 - type: integer 
INFO: [Synth 8-3491] module 'timer' declared at 'C:/Universitet/3. Reliable System/DVA494/Lab4/Step4/Step_4.srcs/sources_1/new/step4.vhd:93' bound to instance 'inst_timer' of component 'timer' [C:/Universitet/3. Reliable System/DVA494/Lab4/Step4/Step_4.srcs/sources_1/new/step4.vhd:181]
INFO: [Synth 8-638] synthesizing module 'timer' [C:/Universitet/3. Reliable System/DVA494/Lab4/Step4/Step_4.srcs/sources_1/new/step4.vhd:102]
	Parameter sec_delay bound to: 1000000 - type: integer 
	Parameter scaler bound to: 1000000 - type: integer 
	Parameter resetval bound to: 9 - type: integer 
INFO: [Synth 8-3491] module 'seconds_counter' declared at 'C:/Universitet/3. Reliable System/DVA494/Lab4/Step4/Step_4.srcs/sources_1/new/step4.vhd:6' bound to instance 'sec_ones' of component 'seconds_counter' [C:/Universitet/3. Reliable System/DVA494/Lab4/Step4/Step_4.srcs/sources_1/new/step4.vhd:128]
INFO: [Synth 8-638] synthesizing module 'seconds_counter' [C:/Universitet/3. Reliable System/DVA494/Lab4/Step4/Step_4.srcs/sources_1/new/step4.vhd:14]
	Parameter scaler bound to: 1000000 - type: integer 
	Parameter resetval bound to: 9 - type: integer 
INFO: [Synth 8-256] done synthesizing module 'seconds_counter' (0#1) [C:/Universitet/3. Reliable System/DVA494/Lab4/Step4/Step_4.srcs/sources_1/new/step4.vhd:14]
	Parameter scaler bound to: 9000000 - type: integer 
	Parameter resetval bound to: 5 - type: integer 
INFO: [Synth 8-3491] module 'seconds_counter' declared at 'C:/Universitet/3. Reliable System/DVA494/Lab4/Step4/Step_4.srcs/sources_1/new/step4.vhd:6' bound to instance 'sec_tens' of component 'seconds_counter' [C:/Universitet/3. Reliable System/DVA494/Lab4/Step4/Step_4.srcs/sources_1/new/step4.vhd:129]
INFO: [Synth 8-638] synthesizing module 'seconds_counter__parameterized1' [C:/Universitet/3. Reliable System/DVA494/Lab4/Step4/Step_4.srcs/sources_1/new/step4.vhd:14]
	Parameter scaler bound to: 9000000 - type: integer 
	Parameter resetval bound to: 5 - type: integer 
INFO: [Synth 8-256] done synthesizing module 'seconds_counter__parameterized1' (0#1) [C:/Universitet/3. Reliable System/DVA494/Lab4/Step4/Step_4.srcs/sources_1/new/step4.vhd:14]
	Parameter scaler bound to: 59000000 - type: integer 
	Parameter resetval bound to: 9 - type: integer 
INFO: [Synth 8-3491] module 'seconds_counter' declared at 'C:/Universitet/3. Reliable System/DVA494/Lab4/Step4/Step_4.srcs/sources_1/new/step4.vhd:6' bound to instance 'min_ones' of component 'seconds_counter' [C:/Universitet/3. Reliable System/DVA494/Lab4/Step4/Step_4.srcs/sources_1/new/step4.vhd:130]
INFO: [Synth 8-638] synthesizing module 'seconds_counter__parameterized3' [C:/Universitet/3. Reliable System/DVA494/Lab4/Step4/Step_4.srcs/sources_1/new/step4.vhd:14]
	Parameter scaler bound to: 59000000 - type: integer 
	Parameter resetval bound to: 9 - type: integer 
INFO: [Synth 8-256] done synthesizing module 'seconds_counter__parameterized3' (0#1) [C:/Universitet/3. Reliable System/DVA494/Lab4/Step4/Step_4.srcs/sources_1/new/step4.vhd:14]
	Parameter scaler bound to: 599000000 - type: integer 
	Parameter resetval bound to: 5 - type: integer 
INFO: [Synth 8-3491] module 'seconds_counter' declared at 'C:/Universitet/3. Reliable System/DVA494/Lab4/Step4/Step_4.srcs/sources_1/new/step4.vhd:6' bound to instance 'min_tens' of component 'seconds_counter' [C:/Universitet/3. Reliable System/DVA494/Lab4/Step4/Step_4.srcs/sources_1/new/step4.vhd:131]
INFO: [Synth 8-638] synthesizing module 'seconds_counter__parameterized5' [C:/Universitet/3. Reliable System/DVA494/Lab4/Step4/Step_4.srcs/sources_1/new/step4.vhd:14]
	Parameter scaler bound to: 599000000 - type: integer 
	Parameter resetval bound to: 5 - type: integer 
INFO: [Synth 8-256] done synthesizing module 'seconds_counter__parameterized5' (0#1) [C:/Universitet/3. Reliable System/DVA494/Lab4/Step4/Step_4.srcs/sources_1/new/step4.vhd:14]
INFO: [Synth 8-256] done synthesizing module 'timer' (0#1) [C:/Universitet/3. Reliable System/DVA494/Lab4/Step4/Step_4.srcs/sources_1/new/step4.vhd:102]
	Parameter G_REFRESH_SCALE_FACTOR bound to: 10000 - type: integer 
INFO: [Synth 8-3491] module 'seg7_ctler' declared at 'C:/Universitet/3. Reliable System/DVA494/Lab4/SevenSegment/seg7_ctler.vhd:14' bound to instance 'inst_seg7' of component 'seg7_ctler' [C:/Universitet/3. Reliable System/DVA494/Lab4/Step4/Step_4.srcs/sources_1/new/step4.vhd:183]
INFO: [Synth 8-638] synthesizing module 'seg7_ctler' [C:/Universitet/3. Reliable System/DVA494/Lab4/SevenSegment/seg7_ctler.vhd:25]
	Parameter G_REFRESH_SCALE_FACTOR bound to: 10000 - type: integer 
INFO: [Synth 8-226] default block is never used [C:/Universitet/3. Reliable System/DVA494/Lab4/SevenSegment/seg7_ctler.vhd:77]
WARNING: [Synth 8-614] signal 'switch16_i' is read in the process but is not in the sensitivity list [C:/Universitet/3. Reliable System/DVA494/Lab4/SevenSegment/seg7_ctler.vhd:75]
INFO: [Synth 8-3491] module 'bcd_to_7seg_decoder' declared at 'C:/Universitet/3. Reliable System/DVA494/Lab4/SevenSegment/bcd_to_7seg_decoder.vhd:11' bound to instance 'i_bcd_to_7seg' of component 'bcd_to_7seg_decoder' [C:/Universitet/3. Reliable System/DVA494/Lab4/SevenSegment/seg7_ctler.vhd:102]
INFO: [Synth 8-638] synthesizing module 'bcd_to_7seg_decoder' [C:/Universitet/3. Reliable System/DVA494/Lab4/SevenSegment/bcd_to_7seg_decoder.vhd:17]
INFO: [Synth 8-226] default block is never used [C:/Universitet/3. Reliable System/DVA494/Lab4/SevenSegment/bcd_to_7seg_decoder.vhd:23]
INFO: [Synth 8-256] done synthesizing module 'bcd_to_7seg_decoder' (0#1) [C:/Universitet/3. Reliable System/DVA494/Lab4/SevenSegment/bcd_to_7seg_decoder.vhd:17]
INFO: [Synth 8-256] done synthesizing module 'seg7_ctler' (0#1) [C:/Universitet/3. Reliable System/DVA494/Lab4/SevenSegment/seg7_ctler.vhd:25]
WARNING: [Synth 8-614] signal 's_counter' is read in the process but is not in the sensitivity list [C:/Universitet/3. Reliable System/DVA494/Lab4/Step4/Step_4.srcs/sources_1/new/step4.vhd:186]
INFO: [Synth 8-256] done synthesizing module 'wrapper_timer_7seg' (0#1) [C:/Universitet/3. Reliable System/DVA494/Lab4/Step4/Step_4.srcs/sources_1/new/step4.vhd:151]
WARNING: [Synth 8-7129] Port en_i in module seconds_counter__parameterized5 is either unconnected or has no load
WARNING: [Synth 8-7129] Port en_i in module seconds_counter__parameterized3 is either unconnected or has no load
WARNING: [Synth 8-7129] Port en_i in module seconds_counter__parameterized1 is either unconnected or has no load
WARNING: [Synth 8-7129] Port en_i in module seconds_counter is either unconnected or has no load
---------------------------------------------------------------------------------
Finished RTL Elaboration : Time (s): cpu = 00:00:05 ; elapsed = 00:00:06 . Memory (MB): peak = 1400.215 ; gain = 548.488
---------------------------------------------------------------------------------
---------------------------------------------------------------------------------
Start Handling Custom Attributes
---------------------------------------------------------------------------------
---------------------------------------------------------------------------------
Finished Handling Custom Attributes : Time (s): cpu = 00:00:05 ; elapsed = 00:00:06 . Memory (MB): peak = 1400.215 ; gain = 548.488
---------------------------------------------------------------------------------
---------------------------------------------------------------------------------
Finished RTL Optimization Phase 1 : Time (s): cpu = 00:00:05 ; elapsed = 00:00:06 . Memory (MB): peak = 1400.215 ; gain = 548.488
---------------------------------------------------------------------------------
Netlist sorting complete. Time (s): cpu = 00:00:00 ; elapsed = 00:00:00.003 . Memory (MB): peak = 1400.215 ; gain = 0.000
INFO: [Project 1-570] Preparing netlist for logic optimization

Processing XDC Constraints
Initializing timing engine
Parsing XDC File [C:/Universitet/3. Reliable System/DVA494/Lab4/Step4/Basys3_Master.xdc]
WARNING: [Vivado 12-584] No ports matched 'sw[0]'. [C:/Universitet/3. Reliable System/DVA494/Lab4/Step4/Basys3_Master.xdc:12]
CRITICAL WARNING: [Common 17-55] 'set_property' expects at least one object. [C:/Universitet/3. Reliable System/DVA494/Lab4/Step4/Basys3_Master.xdc:12]
Resolution: If [get_<value>] was used to populate the object, check to make sure this command returns at least one valid object.
WARNING: [Vivado 12-584] No ports matched 'sw[0]'. [C:/Universitet/3. Reliable System/DVA494/Lab4/Step4/Basys3_Master.xdc:13]
CRITICAL WARNING: [Common 17-55] 'set_property' expects at least one object. [C:/Universitet/3. Reliable System/DVA494/Lab4/Step4/Basys3_Master.xdc:13]
Resolution: If [get_<value>] was used to populate the object, check to make sure this command returns at least one valid object.
WARNING: [Vivado 12-584] No ports matched 'sw[1]'. [C:/Universitet/3. Reliable System/DVA494/Lab4/Step4/Basys3_Master.xdc:14]
CRITICAL WARNING: [Common 17-55] 'set_property' expects at least one object. [C:/Universitet/3. Reliable System/DVA494/Lab4/Step4/Basys3_Master.xdc:14]
Resolution: If [get_<value>] was used to populate the object, check to make sure this command returns at least one valid object.
WARNING: [Vivado 12-584] No ports matched 'sw[1]'. [C:/Universitet/3. Reliable System/DVA494/Lab4/Step4/Basys3_Master.xdc:15]
CRITICAL WARNING: [Common 17-55] 'set_property' expects at least one object. [C:/Universitet/3. Reliable System/DVA494/Lab4/Step4/Basys3_Master.xdc:15]
Resolution: If [get_<value>] was used to populate the object, check to make sure this command returns at least one valid object.
WARNING: [Vivado 12-584] No ports matched 'sw[2]'. [C:/Universitet/3. Reliable System/DVA494/Lab4/Step4/Basys3_Master.xdc:16]
CRITICAL WARNING: [Common 17-55] 'set_property' expects at least one object. [C:/Universitet/3. Reliable System/DVA494/Lab4/Step4/Basys3_Master.xdc:16]
Resolution: If [get_<value>] was used to populate the object, check to make sure this command returns at least one valid object.
WARNING: [Vivado 12-584] No ports matched 'sw[2]'. [C:/Universitet/3. Reliable System/DVA494/Lab4/Step4/Basys3_Master.xdc:17]
CRITICAL WARNING: [Common 17-55] 'set_property' expects at least one object. [C:/Universitet/3. Reliable System/DVA494/Lab4/Step4/Basys3_Master.xdc:17]
Resolution: If [get_<value>] was used to populate the object, check to make sure this command returns at least one valid object.
WARNING: [Vivado 12-584] No ports matched 'sw[3]'. [C:/Universitet/3. Reliable System/DVA494/Lab4/Step4/Basys3_Master.xdc:18]
CRITICAL WARNING: [Common 17-55] 'set_property' expects at least one object. [C:/Universitet/3. Reliable System/DVA494/Lab4/Step4/Basys3_Master.xdc:18]
Resolution: If [get_<value>] was used to populate the object, check to make sure this command returns at least one valid object.
WARNING: [Vivado 12-584] No ports matched 'sw[3]'. [C:/Universitet/3. Reliable System/DVA494/Lab4/Step4/Basys3_Master.xdc:19]
CRITICAL WARNING: [Common 17-55] 'set_property' expects at least one object. [C:/Universitet/3. Reliable System/DVA494/Lab4/Step4/Basys3_Master.xdc:19]
Resolution: If [get_<value>] was used to populate the object, check to make sure this command returns at least one valid object.
WARNING: [Vivado 12-584] No ports matched 'sw[4]'. [C:/Universitet/3. Reliable System/DVA494/Lab4/Step4/Basys3_Master.xdc:20]
CRITICAL WARNING: [Common 17-55] 'set_property' expects at least one object. [C:/Universitet/3. Reliable System/DVA494/Lab4/Step4/Basys3_Master.xdc:20]
Resolution: If [get_<value>] was used to populate the object, check to make sure this command returns at least one valid object.
WARNING: [Vivado 12-584] No ports matched 'sw[4]'. [C:/Universitet/3. Reliable System/DVA494/Lab4/Step4/Basys3_Master.xdc:21]
CRITICAL WARNING: [Common 17-55] 'set_property' expects at least one object. [C:/Universitet/3. Reliable System/DVA494/Lab4/Step4/Basys3_Master.xdc:21]
Resolution: If [get_<value>] was used to populate the object, check to make sure this command returns at least one valid object.
WARNING: [Vivado 12-584] No ports matched 'sw[5]'. [C:/Universitet/3. Reliable System/DVA494/Lab4/Step4/Basys3_Master.xdc:22]
CRITICAL WARNING: [Common 17-55] 'set_property' expects at least one object. [C:/Universitet/3. Reliable System/DVA494/Lab4/Step4/Basys3_Master.xdc:22]
Resolution: If [get_<value>] was used to populate the object, check to make sure this command returns at least one valid object.
WARNING: [Vivado 12-584] No ports matched 'sw[5]'. [C:/Universitet/3. Reliable System/DVA494/Lab4/Step4/Basys3_Master.xdc:23]
CRITICAL WARNING: [Common 17-55] 'set_property' expects at least one object. [C:/Universitet/3. Reliable System/DVA494/Lab4/Step4/Basys3_Master.xdc:23]
Resolution: If [get_<value>] was used to populate the object, check to make sure this command returns at least one valid object.
WARNING: [Vivado 12-584] No ports matched 'sw[6]'. [C:/Universitet/3. Reliable System/DVA494/Lab4/Step4/Basys3_Master.xdc:24]
CRITICAL WARNING: [Common 17-55] 'set_property' expects at least one object. [C:/Universitet/3. Reliable System/DVA494/Lab4/Step4/Basys3_Master.xdc:24]
Resolution: If [get_<value>] was used to populate the object, check to make sure this command returns at least one valid object.
WARNING: [Vivado 12-584] No ports matched 'sw[6]'. [C:/Universitet/3. Reliable System/DVA494/Lab4/Step4/Basys3_Master.xdc:25]
CRITICAL WARNING: [Common 17-55] 'set_property' expects at least one object. [C:/Universitet/3. Reliable System/DVA494/Lab4/Step4/Basys3_Master.xdc:25]
Resolution: If [get_<value>] was used to populate the object, check to make sure this command returns at least one valid object.
WARNING: [Vivado 12-584] No ports matched 'sw[7]'. [C:/Universitet/3. Reliable System/DVA494/Lab4/Step4/Basys3_Master.xdc:26]
CRITICAL WARNING: [Common 17-55] 'set_property' expects at least one object. [C:/Universitet/3. Reliable System/DVA494/Lab4/Step4/Basys3_Master.xdc:26]
Resolution: If [get_<value>] was used to populate the object, check to make sure this command returns at least one valid object.
WARNING: [Vivado 12-584] No ports matched 'sw[7]'. [C:/Universitet/3. Reliable System/DVA494/Lab4/Step4/Basys3_Master.xdc:27]
CRITICAL WARNING: [Common 17-55] 'set_property' expects at least one object. [C:/Universitet/3. Reliable System/DVA494/Lab4/Step4/Basys3_Master.xdc:27]
Resolution: If [get_<value>] was used to populate the object, check to make sure this command returns at least one valid object.
WARNING: [Vivado 12-584] No ports matched 'sw[8]'. [C:/Universitet/3. Reliable System/DVA494/Lab4/Step4/Basys3_Master.xdc:28]
CRITICAL WARNING: [Common 17-55] 'set_property' expects at least one object. [C:/Universitet/3. Reliable System/DVA494/Lab4/Step4/Basys3_Master.xdc:28]
Resolution: If [get_<value>] was used to populate the object, check to make sure this command returns at least one valid object.
WARNING: [Vivado 12-584] No ports matched 'sw[8]'. [C:/Universitet/3. Reliable System/DVA494/Lab4/Step4/Basys3_Master.xdc:29]
CRITICAL WARNING: [Common 17-55] 'set_property' expects at least one object. [C:/Universitet/3. Reliable System/DVA494/Lab4/Step4/Basys3_Master.xdc:29]
Resolution: If [get_<value>] was used to populate the object, check to make sure this command returns at least one valid object.
WARNING: [Vivado 12-584] No ports matched 'sw[9]'. [C:/Universitet/3. Reliable System/DVA494/Lab4/Step4/Basys3_Master.xdc:30]
CRITICAL WARNING: [Common 17-55] 'set_property' expects at least one object. [C:/Universitet/3. Reliable System/DVA494/Lab4/Step4/Basys3_Master.xdc:30]
Resolution: If [get_<value>] was used to populate the object, check to make sure this command returns at least one valid object.
WARNING: [Vivado 12-584] No ports matched 'sw[9]'. [C:/Universitet/3. Reliable System/DVA494/Lab4/Step4/Basys3_Master.xdc:31]
CRITICAL WARNING: [Common 17-55] 'set_property' expects at least one object. [C:/Universitet/3. Reliable System/DVA494/Lab4/Step4/Basys3_Master.xdc:31]
Resolution: If [get_<value>] was used to populate the object, check to make sure this command returns at least one valid object.
WARNING: [Vivado 12-584] No ports matched 'sw[10]'. [C:/Universitet/3. Reliable System/DVA494/Lab4/Step4/Basys3_Master.xdc:32]
CRITICAL WARNING: [Common 17-55] 'set_property' expects at least one object. [C:/Universitet/3. Reliable System/DVA494/Lab4/Step4/Basys3_Master.xdc:32]
Resolution: If [get_<value>] was used to populate the object, check to make sure this command returns at least one valid object.
WARNING: [Vivado 12-584] No ports matched 'sw[10]'. [C:/Universitet/3. Reliable System/DVA494/Lab4/Step4/Basys3_Master.xdc:33]
CRITICAL WARNING: [Common 17-55] 'set_property' expects at least one object. [C:/Universitet/3. Reliable System/DVA494/Lab4/Step4/Basys3_Master.xdc:33]
Resolution: If [get_<value>] was used to populate the object, check to make sure this command returns at least one valid object.
WARNING: [Vivado 12-584] No ports matched 'sw[11]'. [C:/Universitet/3. Reliable System/DVA494/Lab4/Step4/Basys3_Master.xdc:34]
CRITICAL WARNING: [Common 17-55] 'set_property' expects at least one object. [C:/Universitet/3. Reliable System/DVA494/Lab4/Step4/Basys3_Master.xdc:34]
Resolution: If [get_<value>] was used to populate the object, check to make sure this command returns at least one valid object.
WARNING: [Vivado 12-584] No ports matched 'sw[11]'. [C:/Universitet/3. Reliable System/DVA494/Lab4/Step4/Basys3_Master.xdc:35]
CRITICAL WARNING: [Common 17-55] 'set_property' expects at least one object. [C:/Universitet/3. Reliable System/DVA494/Lab4/Step4/Basys3_Master.xdc:35]
Resolution: If [get_<value>] was used to populate the object, check to make sure this command returns at least one valid object.
WARNING: [Vivado 12-584] No ports matched 'sw[12]'. [C:/Universitet/3. Reliable System/DVA494/Lab4/Step4/Basys3_Master.xdc:36]
CRITICAL WARNING: [Common 17-55] 'set_property' expects at least one object. [C:/Universitet/3. Reliable System/DVA494/Lab4/Step4/Basys3_Master.xdc:36]
Resolution: If [get_<value>] was used to populate the object, check to make sure this command returns at least one valid object.
WARNING: [Vivado 12-584] No ports matched 'sw[12]'. [C:/Universitet/3. Reliable System/DVA494/Lab4/Step4/Basys3_Master.xdc:37]
CRITICAL WARNING: [Common 17-55] 'set_property' expects at least one object. [C:/Universitet/3. Reliable System/DVA494/Lab4/Step4/Basys3_Master.xdc:37]
Resolution: If [get_<value>] was used to populate the object, check to make sure this command returns at least one valid object.
WARNING: [Vivado 12-584] No ports matched 'sw[13]'. [C:/Universitet/3. Reliable System/DVA494/Lab4/Step4/Basys3_Master.xdc:38]
CRITICAL WARNING: [Common 17-55] 'set_property' expects at least one object. [C:/Universitet/3. Reliable System/DVA494/Lab4/Step4/Basys3_Master.xdc:38]
Resolution: If [get_<value>] was used to populate the object, check to make sure this command returns at least one valid object.
WARNING: [Vivado 12-584] No ports matched 'sw[13]'. [C:/Universitet/3. Reliable System/DVA494/Lab4/Step4/Basys3_Master.xdc:39]
CRITICAL WARNING: [Common 17-55] 'set_property' expects at least one object. [C:/Universitet/3. Reliable System/DVA494/Lab4/Step4/Basys3_Master.xdc:39]
Resolution: If [get_<value>] was used to populate the object, check to make sure this command returns at least one valid object.
WARNING: [Vivado 12-584] No ports matched 'sw[14]'. [C:/Universitet/3. Reliable System/DVA494/Lab4/Step4/Basys3_Master.xdc:40]
CRITICAL WARNING: [Common 17-55] 'set_property' expects at least one object. [C:/Universitet/3. Reliable System/DVA494/Lab4/Step4/Basys3_Master.xdc:40]
Resolution: If [get_<value>] was used to populate the object, check to make sure this command returns at least one valid object.
WARNING: [Vivado 12-584] No ports matched 'sw[14]'. [C:/Universitet/3. Reliable System/DVA494/Lab4/Step4/Basys3_Master.xdc:41]
CRITICAL WARNING: [Common 17-55] 'set_property' expects at least one object. [C:/Universitet/3. Reliable System/DVA494/Lab4/Step4/Basys3_Master.xdc:41]
Resolution: If [get_<value>] was used to populate the object, check to make sure this command returns at least one valid object.
WARNING: [Vivado 12-584] No ports matched 'sw[15]'. [C:/Universitet/3. Reliable System/DVA494/Lab4/Step4/Basys3_Master.xdc:42]
CRITICAL WARNING: [Common 17-55] 'set_property' expects at least one object. [C:/Universitet/3. Reliable System/DVA494/Lab4/Step4/Basys3_Master.xdc:42]
Resolution: If [get_<value>] was used to populate the object, check to make sure this command returns at least one valid object.
WARNING: [Vivado 12-584] No ports matched 'sw[15]'. [C:/Universitet/3. Reliable System/DVA494/Lab4/Step4/Basys3_Master.xdc:43]
CRITICAL WARNING: [Common 17-55] 'set_property' expects at least one object. [C:/Universitet/3. Reliable System/DVA494/Lab4/Step4/Basys3_Master.xdc:43]
Resolution: If [get_<value>] was used to populate the object, check to make sure this command returns at least one valid object.
Finished Parsing XDC File [C:/Universitet/3. Reliable System/DVA494/Lab4/Step4/Basys3_Master.xdc]
INFO: [Project 1-236] Implementation specific constraints were found while reading constraint file [C:/Universitet/3. Reliable System/DVA494/Lab4/Step4/Basys3_Master.xdc]. These constraints will be ignored for synthesis but will be used in implementation. Impacted constraints are listed in the file [.Xil/wrapper_timer_7seg_propImpl.xdc].
Resolution: To avoid this warning, move constraints listed in [.Xil/wrapper_timer_7seg_propImpl.xdc] to another XDC file and exclude this new file from synthesis with the used_in_synthesis property (File Properties dialog in GUI) and re-run elaboration/synthesis.
Completed Processing XDC Constraints

Netlist sorting complete. Time (s): cpu = 00:00:00 ; elapsed = 00:00:00 . Memory (MB): peak = 1433.398 ; gain = 0.000
INFO: [Project 1-111] Unisim Transformation Summary:
No Unisim elements were transformed.

ètkomst nekad.
Constraint Validation Runtime : Time (s): cpu = 00:00:00 ; elapsed = 00:00:00.003 . Memory (MB): peak = 1433.398 ; gain = 0.000
INFO: [Designutils 20-5440] No compile time benefit to using incremental synthesis; A full resynthesis will be run
INFO: [Designutils 20-4379] Flow is switching to default flow due to incremental criteria not met. If you would like to alter this behaviour and have the flow terminate instead, please set the following parameter config_implementation {autoIncr.Synth.RejectBehavior Terminate}
---------------------------------------------------------------------------------
Finished Constraint Validation : Time (s): cpu = 00:00:09 ; elapsed = 00:00:13 . Memory (MB): peak = 1433.398 ; gain = 581.672
---------------------------------------------------------------------------------
---------------------------------------------------------------------------------
Start Loading Part and Timing Information
---------------------------------------------------------------------------------
Loading part: xc7a35tcpg236-1
---------------------------------------------------------------------------------
Finished Loading Part and Timing Information : Time (s): cpu = 00:00:09 ; elapsed = 00:00:13 . Memory (MB): peak = 1433.398 ; gain = 581.672
---------------------------------------------------------------------------------
---------------------------------------------------------------------------------
Start Applying 'set_property' XDC Constraints
---------------------------------------------------------------------------------
---------------------------------------------------------------------------------
Finished applying 'set_property' XDC Constraints : Time (s): cpu = 00:00:09 ; elapsed = 00:00:13 . Memory (MB): peak = 1433.398 ; gain = 581.672
---------------------------------------------------------------------------------
---------------------------------------------------------------------------------
Finished RTL Optimization Phase 2 : Time (s): cpu = 00:00:09 ; elapsed = 00:00:13 . Memory (MB): peak = 1433.398 ; gain = 581.672
---------------------------------------------------------------------------------
---------------------------------------------------------------------------------
Start RTL Component Statistics 
---------------------------------------------------------------------------------
Detailed RTL Component Info : 
+---Adders : 
	   2 Input   32 Bit       Adders := 1     
	   2 Input   26 Bit       Adders := 2     
	   2 Input   24 Bit       Adders := 1     
	   2 Input   20 Bit       Adders := 1     
	   2 Input    4 Bit       Adders := 2     
	   2 Input    3 Bit       Adders := 2     
	   2 Input    2 Bit       Adders := 1     
+---Registers : 
	               32 Bit    Registers := 1     
	               28 Bit    Registers := 4     
	                4 Bit    Registers := 4     
	                2 Bit    Registers := 1     
	                1 Bit    Registers := 1     
+---Muxes : 
	   2 Input   32 Bit        Muxes := 1     
	   2 Input   26 Bit        Muxes := 2     
	   2 Input   24 Bit        Muxes := 1     
	   2 Input   20 Bit        Muxes := 1     
	   2 Input    4 Bit        Muxes := 2     
	   4 Input    4 Bit        Muxes := 2     
	   2 Input    3 Bit        Muxes := 2     
---------------------------------------------------------------------------------
Finished RTL Component Statistics 
---------------------------------------------------------------------------------
---------------------------------------------------------------------------------
Start Part Resource Summary
---------------------------------------------------------------------------------
Part Resources:
DSPs: 90 (col length:60)
BRAMs: 100 (col length: RAMB18 60 RAMB36 30)
---------------------------------------------------------------------------------
Finished Part Resource Summary
---------------------------------------------------------------------------------
---------------------------------------------------------------------------------
Start Cross Boundary and Area Optimization
---------------------------------------------------------------------------------
WARNING: [Synth 8-7080] Parallel synthesis criteria is not met
---------------------------------------------------------------------------------
Finished Cross Boundary and Area Optimization : Time (s): cpu = 00:00:11 ; elapsed = 00:00:15 . Memory (MB): peak = 1433.398 ; gain = 581.672
---------------------------------------------------------------------------------
---------------------------------------------------------------------------------
Start Applying XDC Timing Constraints
---------------------------------------------------------------------------------
---------------------------------------------------------------------------------
Finished Applying XDC Timing Constraints : Time (s): cpu = 00:00:13 ; elapsed = 00:00:19 . Memory (MB): peak = 1433.398 ; gain = 581.672
---------------------------------------------------------------------------------
---------------------------------------------------------------------------------
Start Timing Optimization
---------------------------------------------------------------------------------
---------------------------------------------------------------------------------
Finished Timing Optimization : Time (s): cpu = 00:00:13 ; elapsed = 00:00:19 . Memory (MB): peak = 1433.398 ; gain = 581.672
---------------------------------------------------------------------------------
---------------------------------------------------------------------------------
Start Technology Mapping
---------------------------------------------------------------------------------
---------------------------------------------------------------------------------
Finished Technology Mapping : Time (s): cpu = 00:00:14 ; elapsed = 00:00:19 . Memory (MB): peak = 1433.398 ; gain = 581.672
---------------------------------------------------------------------------------
---------------------------------------------------------------------------------
Start IO Insertion
---------------------------------------------------------------------------------
---------------------------------------------------------------------------------
Start Flattening Before IO Insertion
---------------------------------------------------------------------------------
---------------------------------------------------------------------------------
Finished Flattening Before IO Insertion
---------------------------------------------------------------------------------
---------------------------------------------------------------------------------
Start Final Netlist Cleanup
---------------------------------------------------------------------------------
---------------------------------------------------------------------------------
Finished Final Netlist Cleanup
---------------------------------------------------------------------------------
---------------------------------------------------------------------------------
Finished IO Insertion : Time (s): cpu = 00:00:16 ; elapsed = 00:00:23 . Memory (MB): peak = 1433.398 ; gain = 581.672
---------------------------------------------------------------------------------
---------------------------------------------------------------------------------
Start Renaming Generated Instances
---------------------------------------------------------------------------------
---------------------------------------------------------------------------------
Finished Renaming Generated Instances : Time (s): cpu = 00:00:16 ; elapsed = 00:00:23 . Memory (MB): peak = 1433.398 ; gain = 581.672
---------------------------------------------------------------------------------
---------------------------------------------------------------------------------
Start Rebuilding User Hierarchy
---------------------------------------------------------------------------------
---------------------------------------------------------------------------------
Finished Rebuilding User Hierarchy : Time (s): cpu = 00:00:16 ; elapsed = 00:00:23 . Memory (MB): peak = 1433.398 ; gain = 581.672
---------------------------------------------------------------------------------
---------------------------------------------------------------------------------
Start Renaming Generated Ports
---------------------------------------------------------------------------------
---------------------------------------------------------------------------------
Finished Renaming Generated Ports : Time (s): cpu = 00:00:16 ; elapsed = 00:00:23 . Memory (MB): peak = 1433.398 ; gain = 581.672
---------------------------------------------------------------------------------
---------------------------------------------------------------------------------
Start Handling Custom Attributes
---------------------------------------------------------------------------------
---------------------------------------------------------------------------------
Finished Handling Custom Attributes : Time (s): cpu = 00:00:16 ; elapsed = 00:00:23 . Memory (MB): peak = 1433.398 ; gain = 581.672
---------------------------------------------------------------------------------
---------------------------------------------------------------------------------
Start Renaming Generated Nets
---------------------------------------------------------------------------------
---------------------------------------------------------------------------------
Finished Renaming Generated Nets : Time (s): cpu = 00:00:16 ; elapsed = 00:00:23 . Memory (MB): peak = 1433.398 ; gain = 581.672
---------------------------------------------------------------------------------
---------------------------------------------------------------------------------
Start Writing Synthesis Report
---------------------------------------------------------------------------------

Report BlackBoxes: 
+-+--------------+----------+
| |BlackBox name |Instances |
+-+--------------+----------+
+-+--------------+----------+

Report Cell Usage: 
+------+-------+------+
|      |Cell   |Count |
+------+-------+------+
|1     |BUFG   |     1|
|2     |CARRY4 |    15|
|3     |LUT1   |     2|
|4     |LUT2   |     4|
|5     |LUT3   |     1|
|6     |LUT4   |    13|
|7     |LUT5   |     6|
|8     |LUT6   |    29|
|9     |FDCE   |    33|
|10    |FDRE   |    34|
|11    |IBUF   |     1|
|12    |OBUF   |    11|
+------+-------+------+
---------------------------------------------------------------------------------
Finished Writing Synthesis Report : Time (s): cpu = 00:00:16 ; elapsed = 00:00:23 . Memory (MB): peak = 1433.398 ; gain = 581.672
---------------------------------------------------------------------------------
Synthesis finished with 0 errors, 0 critical warnings and 1 warnings.
Synthesis Optimization Runtime : Time (s): cpu = 00:00:10 ; elapsed = 00:00:21 . Memory (MB): peak = 1433.398 ; gain = 548.488
Synthesis Optimization Complete : Time (s): cpu = 00:00:16 ; elapsed = 00:00:23 . Memory (MB): peak = 1433.398 ; gain = 581.672
INFO: [Project 1-571] Translating synthesized netlist
Netlist sorting complete. Time (s): cpu = 00:00:00 ; elapsed = 00:00:00.001 . Memory (MB): peak = 1433.398 ; gain = 0.000
INFO: [Netlist 29-17] Analyzing 15 Unisim elements for replacement
INFO: [Netlist 29-28] Unisim Transformation completed in 0 CPU seconds
INFO: [Project 1-570] Preparing netlist for logic optimization
INFO: [Opt 31-138] Pushed 0 inverter(s) to 0 load pin(s).
Netlist sorting complete. Time (s): cpu = 00:00:00 ; elapsed = 00:00:00 . Memory (MB): peak = 1435.230 ; gain = 0.000
INFO: [Project 1-111] Unisim Transformation Summary:
No Unisim elements were transformed.

ètkomst nekad.
Synth Design complete | Checksum: 25ba06d5
INFO: [Common 17-83] Releasing license: Synthesis
46 Infos, 39 Warnings, 32 Critical Warnings and 0 Errors encountered.
synth_design completed successfully
synth_design: Time (s): cpu = 00:00:18 ; elapsed = 00:00:27 . Memory (MB): peak = 1435.230 ; gain = 976.395
INFO: [runtcl-6] Synthesis results are not added to the cache due to CRITICAL_WARNING
Write ShapeDB Complete: Time (s): cpu = 00:00:00 ; elapsed = 00:00:00.001 . Memory (MB): peak = 1435.230 ; gain = 0.000
INFO: [Common 17-1381] The checkpoint 'C:/Universitet/3. Reliable System/DVA494/Lab4/Step4/Step_4.runs/synth_1/wrapper_timer_7seg.dcp' has been generated.
INFO: [runtcl-4] Executing : report_utilization -file wrapper_timer_7seg_utilization_synth.rpt -pb wrapper_timer_7seg_utilization_synth.pb
INFO: [Common 17-206] Exiting Vivado at Thu Feb 22 10:39:32 2024...
